sed: -e expression #1, char 2: invalid usage of line address 0
(5_w,10)-aCMA-ES (mu_w=3.2,w_1=45%) in dimension 180 (seed=409937, Thu Sep 26 11:50:18 2024)
G:0, BEST PARAMS, BEST REWARD: -0.39331096947615424, CURRENT REWARD: -0.39331096947615424
G:1, BEST PARAMS, BEST REWARD: -0.39331096947615424, CURRENT REWARD: -0.39331096947615424
P: [[[[ 0  0  0]
   [ 0  1  0]
   [ 0  0  0]]

  [[ 0 -1  0]
   [ 0 -1  0]
   [ 0  1 -1]]]


 [[[ 0  0  1]
   [ 0  0  1]
   [ 0  0  1]]

  [[ 1  0  0]
   [ 1  0  0]
   [ 0  1 -1]]]


 [[[ 1  0  0]
   [ 0  1  0]
   [ 0  1  0]]

  [[ 0  0  1]
   [ 0 -1 -1]
   [ 0  0 -1]]]


 [[[ 1  1  1]
   [ 1  0  0]
   [ 0  0  1]]

  [[ 0  0  0]
   [ 0  0  0]
   [ 0  0  0]]]


 [[[ 1  0  0]
   [ 1  0  1]
   [ 0  0  0]]

  [[ 0  0 -1]
   [ 0  0 -1]
   [-1  0  1]]]


 [[[ 1  0  1]
   [ 0  1  0]
   [ 0  1  0]]

  [[ 1  0  0]
   [ 0  0 -1]
   [ 0  0  0]]]


 [[[ 0  1  1]
   [ 1  1  1]
   [ 1  1  0]]

  [[ 1  0  0]
   [-1  0  1]
   [-1 -1 -1]]]


 [[[ 1  0  0]
   [ 1  1  0]
   [ 0  0  0]]

  [[ 0 -1  0]
   [ 0 -1  0]
   [ 0  0  0]]]


 [[[ 0  0  1]
   [ 0  0  0]
   [ 1  1  0]]

  [[ 0  0  1]
   [ 0 -1  0]
   [ 0  0  0]]]


 [[[ 0  1  1]
   [ 0  0  1]
   [ 1  0  0]]

  [[ 0  0  0]
   [ 0  0  0]
   [ 0  0  0]]]]
[[0 0 0 0 0 0 0 0]
 [0 0 0 0 0 0 0 0]
 [0 0 0 0 0 0 0 0]
 [0 0 0 0 0 0 0 0]
 [0 0 0 0 0 0 0 0]
 [0 0 0 0 0 0 0 0]
 [0 0 0 0 0 0 0 0]
 [0 0 0 0 1 0 0 0]]
GIF saved as Face/Run_0/animation.gif
Target shape: (8, 8), Result shape: (8, 8)
Target min: 0, max: 1
Result min: 0, max: 1
