[[0. 0. 0. 1. 0. 0. 0.]
 [0. 0. 0. 1. 0. 0. 0.]
 [0. 0. 0. 1. 0. 0. 0.]
 [1. 1. 1. 1. 1. 1. 1.]
 [0. 0. 0. 1. 0. 0. 0.]
 [0. 0. 0. 1. 0. 0. 0.]
 [0. 0. 0. 1. 0. 0. 0.]]
(50_w,100)-aCMA-ES (mu_w=27.0,w_1=8%) in dimension 144 (seed=343585, Wed Sep 25 12:52:23 2024)
G:0, BEST PARAMS, BEST REWARD: -0.1860787295946573, CURRENT REWARD: -0.1860787295946573
G:1, BEST PARAMS, BEST REWARD: -0.16543565507918648, CURRENT REWARD: -0.16543565507918648
G:2, BEST PARAMS, BEST REWARD: -0.16543565507918648, CURRENT REWARD: -0.16543565507918648
G:3, BEST PARAMS, BEST REWARD: -0.14516278530112328, CURRENT REWARD: -0.14516278530112328
G:4, BEST PARAMS, BEST REWARD: -0.12454397849096425, CURRENT REWARD: -0.12454397849096425
G:5, BEST PARAMS, BEST REWARD: -0.12454397849096425, CURRENT REWARD: -0.12454397849096425
G:6, BEST PARAMS, BEST REWARD: -0.12454397849096425, CURRENT REWARD: -0.12454397849096425
G:7, BEST PARAMS, BEST REWARD: -0.12454397849096425, CURRENT REWARD: -0.12454397849096425
G:8, BEST PARAMS, BEST REWARD: -0.12454397849096425, CURRENT REWARD: -0.12454397849096425
G:9, BEST PARAMS, BEST REWARD: -0.12454397849096425, CURRENT REWARD: -0.12454397849096425
G:10, BEST PARAMS, BEST REWARD: -0.12454397849096425, CURRENT REWARD: -0.12454397849096425
G:11, BEST PARAMS, BEST REWARD: -0.12454397849096425, CURRENT REWARD: -0.12454397849096425
G:12, BEST PARAMS, BEST REWARD: -0.12454397849096425, CURRENT REWARD: -0.12454397849096425
G:13, BEST PARAMS, BEST REWARD: -0.12454397849096425, CURRENT REWARD: -0.12454397849096425
G:14, BEST PARAMS, BEST REWARD: -0.12454397849096425, CURRENT REWARD: -0.12454397849096425
G:15, BEST PARAMS, BEST REWARD: -0.12454397849096425, CURRENT REWARD: -0.12454397849096425
G:16, BEST PARAMS, BEST REWARD: -0.12454397849096425, CURRENT REWARD: -0.12454397849096425
G:17, BEST PARAMS, BEST REWARD: -0.12454397849096425, CURRENT REWARD: -0.12454397849096425
G:18, BEST PARAMS, BEST REWARD: -0.12454397849096425, CURRENT REWARD: -0.12454397849096425
G:19, BEST PARAMS, BEST REWARD: -0.12454397849096425, CURRENT REWARD: -0.12454397849096425
G:20, BEST PARAMS, BEST REWARD: -0.12454397849096425, CURRENT REWARD: -0.12454397849096425
G:21, BEST PARAMS, BEST REWARD: -0.12454397849096425, CURRENT REWARD: -0.12454397849096425
G:22, BEST PARAMS, BEST REWARD: -0.12454397849096425, CURRENT REWARD: -0.12454397849096425
G:23, BEST PARAMS, BEST REWARD: -0.12454397849096425, CURRENT REWARD: -0.12454397849096425
G:24, BEST PARAMS, BEST REWARD: -0.12454397849096425, CURRENT REWARD: -0.12454397849096425
G:25, BEST PARAMS, BEST REWARD: -0.12454397849096425, CURRENT REWARD: -0.12454397849096425
G:26, BEST PARAMS, BEST REWARD: -0.12454397849096425, CURRENT REWARD: -0.12454397849096425
G:27, BEST PARAMS, BEST REWARD: -0.12454397849096425, CURRENT REWARD: -0.12454397849096425
G:28, BEST PARAMS, BEST REWARD: -0.12454397849096425, CURRENT REWARD: -0.12454397849096425
G:29, BEST PARAMS, BEST REWARD: -0.12454397849096425, CURRENT REWARD: -0.12454397849096425
G:30, BEST PARAMS, BEST REWARD: -0.12454397849096425, CURRENT REWARD: -0.12454397849096425
G:31, BEST PARAMS, BEST REWARD: -0.12454397849096425, CURRENT REWARD: -0.12454397849096425
G:32, BEST PARAMS, BEST REWARD: -0.12454397849096425, CURRENT REWARD: -0.12454397849096425
G:33, BEST PARAMS, BEST REWARD: -0.12454397849096425, CURRENT REWARD: -0.12454397849096425
G:34, BEST PARAMS, BEST REWARD: -0.12454397849096425, CURRENT REWARD: -0.12454397849096425
G:35, BEST PARAMS, BEST REWARD: -0.12454397849096425, CURRENT REWARD: -0.12454397849096425
G:36, BEST PARAMS, BEST REWARD: -0.12454397849096425, CURRENT REWARD: -0.12454397849096425
G:37, BEST PARAMS, BEST REWARD: -0.12454397849096425, CURRENT REWARD: -0.12454397849096425
G:38, BEST PARAMS, BEST REWARD: -0.12454397849096425, CURRENT REWARD: -0.12454397849096425
G:39, BEST PARAMS, BEST REWARD: -0.12454397849096425, CURRENT REWARD: -0.12454397849096425
G:40, BEST PARAMS, BEST REWARD: -0.12454397849096425, CURRENT REWARD: -0.12454397849096425
G:41, BEST PARAMS, BEST REWARD: -0.12454397849096425, CURRENT REWARD: -0.12454397849096425
G:42, BEST PARAMS, BEST REWARD: -0.12454397849096425, CURRENT REWARD: -0.12454397849096425
G:43, BEST PARAMS, BEST REWARD: -0.12454397849096425, CURRENT REWARD: -0.12454397849096425
G:44, BEST PARAMS, BEST REWARD: -0.12454397849096425, CURRENT REWARD: -0.12454397849096425
G:45, BEST PARAMS, BEST REWARD: -0.12454397849096425, CURRENT REWARD: -0.12454397849096425
G:46, BEST PARAMS, BEST REWARD: -0.12447163444730798, CURRENT REWARD: -0.12447163444730798
G:47, BEST PARAMS, BEST REWARD: -0.12447163444730798, CURRENT REWARD: -0.12447163444730798
G:48, BEST PARAMS, BEST REWARD: -0.12447163444730798, CURRENT REWARD: -0.12447163444730798
G:49, BEST PARAMS, BEST REWARD: -0.12447163444730798, CURRENT REWARD: -0.12447163444730798
G:50, BEST PARAMS, BEST REWARD: -0.12447163444730798, CURRENT REWARD: -0.12447163444730798
G:51, BEST PARAMS, BEST REWARD: -0.12447163444730798, CURRENT REWARD: -0.12447163444730798
G:52, BEST PARAMS, BEST REWARD: -0.12447163444730798, CURRENT REWARD: -0.12447163444730798
G:53, BEST PARAMS, BEST REWARD: -0.12447163444730798, CURRENT REWARD: -0.12447163444730798
G:54, BEST PARAMS, BEST REWARD: -0.12447163444730798, CURRENT REWARD: -0.12447163444730798
G:55, BEST PARAMS, BEST REWARD: -0.12447163444730798, CURRENT REWARD: -0.12447163444730798
G:56, BEST PARAMS, BEST REWARD: -0.12447163444730798, CURRENT REWARD: -0.12447163444730798
G:57, BEST PARAMS, BEST REWARD: -0.12447163444730798, CURRENT REWARD: -0.12447163444730798
G:58, BEST PARAMS, BEST REWARD: -0.12447163444730798, CURRENT REWARD: -0.12447163444730798
G:59, BEST PARAMS, BEST REWARD: -0.12428905515246055, CURRENT REWARD: -0.12428905515246055
G:60, BEST PARAMS, BEST REWARD: -0.12426117176503397, CURRENT REWARD: -0.12426117176503397
G:61, BEST PARAMS, BEST REWARD: -0.12419057529202246, CURRENT REWARD: -0.12419057529202246
G:62, BEST PARAMS, BEST REWARD: -0.12419057529202246, CURRENT REWARD: -0.12419057529202246
G:63, BEST PARAMS, BEST REWARD: -0.12419057529202246, CURRENT REWARD: -0.12419057529202246
G:64, BEST PARAMS, BEST REWARD: -0.10396431356349592, CURRENT REWARD: -0.10396431356349592
G:65, BEST PARAMS, BEST REWARD: -0.10396431356349592, CURRENT REWARD: -0.10396431356349592
G:66, BEST PARAMS, BEST REWARD: -0.10396431356349592, CURRENT REWARD: -0.10396431356349592
G:67, BEST PARAMS, BEST REWARD: -0.10396431356349592, CURRENT REWARD: -0.10396431356349592
G:68, BEST PARAMS, BEST REWARD: -0.10384495877497527, CURRENT REWARD: -0.10384495877497527
G:69, BEST PARAMS, BEST REWARD: -0.10364740752468053, CURRENT REWARD: -0.10364740752468053
G:70, BEST PARAMS, BEST REWARD: -0.10364740752468053, CURRENT REWARD: -0.10364740752468053
G:71, BEST PARAMS, BEST REWARD: -0.10364729219948912, CURRENT REWARD: -0.10364729219948912
G:72, BEST PARAMS, BEST REWARD: -0.10364729219948912, CURRENT REWARD: -0.10364729219948912
G:73, BEST PARAMS, BEST REWARD: -0.10343147918501486, CURRENT REWARD: -0.10343147918501486
G:74, BEST PARAMS, BEST REWARD: -0.10343147918501486, CURRENT REWARD: -0.10343147918501486
G:75, BEST PARAMS, BEST REWARD: -0.10343147918501486, CURRENT REWARD: -0.10343147918501486
G:76, BEST PARAMS, BEST REWARD: -0.10343147918501486, CURRENT REWARD: -0.10343147918501486
G:77, BEST PARAMS, BEST REWARD: -0.10343147918501486, CURRENT REWARD: -0.10343147918501486
G:78, BEST PARAMS, BEST REWARD: -0.10343147918501486, CURRENT REWARD: -0.10343147918501486
G:79, BEST PARAMS, BEST REWARD: -0.10343147918501486, CURRENT REWARD: -0.10343147918501486
G:80, BEST PARAMS, BEST REWARD: -0.0835319182615768, CURRENT REWARD: -0.0835319182615768
G:81, BEST PARAMS, BEST REWARD: -0.0835319182615768, CURRENT REWARD: -0.0835319182615768
G:82, BEST PARAMS, BEST REWARD: -0.0835319182615768, CURRENT REWARD: -0.0835319182615768
G:83, BEST PARAMS, BEST REWARD: -0.0835319182615768, CURRENT REWARD: -0.0835319182615768
G:84, BEST PARAMS, BEST REWARD: -0.0835319182615768, CURRENT REWARD: -0.0835319182615768
G:85, BEST PARAMS, BEST REWARD: -0.08312351239191941, CURRENT REWARD: -0.08312351239191941
G:86, BEST PARAMS, BEST REWARD: -0.08306087349685123, CURRENT REWARD: -0.08306087349685123
G:87, BEST PARAMS, BEST REWARD: -0.08306087349685123, CURRENT REWARD: -0.08306087349685123
G:88, BEST PARAMS, BEST REWARD: -0.08306087349685123, CURRENT REWARD: -0.08306087349685123
G:89, BEST PARAMS, BEST REWARD: -0.08306087349685123, CURRENT REWARD: -0.08306087349685123
G:90, BEST PARAMS, BEST REWARD: -0.06260641723079804, CURRENT REWARD: -0.06260641723079804
G:91, BEST PARAMS, BEST REWARD: -0.06260641723079804, CURRENT REWARD: -0.06260641723079804
G:92, BEST PARAMS, BEST REWARD: -0.06260641723079804, CURRENT REWARD: -0.06260641723079804
G:93, BEST PARAMS, BEST REWARD: -0.06260641723079804, CURRENT REWARD: -0.06260641723079804
G:94, BEST PARAMS, BEST REWARD: -0.06260641723079804, CURRENT REWARD: -0.06260641723079804
G:95, BEST PARAMS, BEST REWARD: -0.06260641723079804, CURRENT REWARD: -0.06260641723079804
G:96, BEST PARAMS, BEST REWARD: -0.06260641723079804, CURRENT REWARD: -0.06260641723079804
G:97, BEST PARAMS, BEST REWARD: -0.06260641723079804, CURRENT REWARD: -0.06260641723079804
G:98, BEST PARAMS, BEST REWARD: -0.06260641723079804, CURRENT REWARD: -0.06260641723079804
G:99, BEST PARAMS, BEST REWARD: -0.06260641723079804, CURRENT REWARD: -0.06260641723079804
G:100, BEST PARAMS, BEST REWARD: -0.06260641723079804, CURRENT REWARD: -0.06260641723079804
G:101, BEST PARAMS, BEST REWARD: -0.06260641723079804, CURRENT REWARD: -0.06260641723079804
G:102, BEST PARAMS, BEST REWARD: -0.06260641723079804, CURRENT REWARD: -0.06260641723079804
G:103, BEST PARAMS, BEST REWARD: -0.06260641723079804, CURRENT REWARD: -0.06260641723079804
G:104, BEST PARAMS, BEST REWARD: -0.06252076331646922, CURRENT REWARD: -0.06252076331646922
G:105, BEST PARAMS, BEST REWARD: -0.06252076331646922, CURRENT REWARD: -0.06252076331646922
G:106, BEST PARAMS, BEST REWARD: -0.06252076331646922, CURRENT REWARD: -0.06252076331646922
G:107, BEST PARAMS, BEST REWARD: -0.06252076331646922, CURRENT REWARD: -0.06252076331646922
G:108, BEST PARAMS, BEST REWARD: -0.06252076331646922, CURRENT REWARD: -0.06252076331646922
G:109, BEST PARAMS, BEST REWARD: -0.06252076331646922, CURRENT REWARD: -0.06252076331646922
G:110, BEST PARAMS, BEST REWARD: -0.06252076331646922, CURRENT REWARD: -0.06252076331646922
G:111, BEST PARAMS, BEST REWARD: -0.06252076331646922, CURRENT REWARD: -0.06252076331646922
G:112, BEST PARAMS, BEST REWARD: -0.06252076331646922, CURRENT REWARD: -0.06252076331646922
G:113, BEST PARAMS, BEST REWARD: -0.06252076331646922, CURRENT REWARD: -0.06252076331646922
G:114, BEST PARAMS, BEST REWARD: -0.06252076331646922, CURRENT REWARD: -0.06252076331646922
G:115, BEST PARAMS, BEST REWARD: -0.06252076331646922, CURRENT REWARD: -0.06252076331646922
G:116, BEST PARAMS, BEST REWARD: -0.06252076331646922, CURRENT REWARD: -0.06252076331646922
G:117, BEST PARAMS, BEST REWARD: -0.06252076331646922, CURRENT REWARD: -0.06252076331646922
G:118, BEST PARAMS, BEST REWARD: -0.06252076331646922, CURRENT REWARD: -0.06252076331646922
G:119, BEST PARAMS, BEST REWARD: -0.06224148943533039, CURRENT REWARD: -0.06224148943533039
G:120, BEST PARAMS, BEST REWARD: -0.06224148943533039, CURRENT REWARD: -0.06224148943533039
G:121, BEST PARAMS, BEST REWARD: -0.06224148943533039, CURRENT REWARD: -0.06224148943533039
G:122, BEST PARAMS, BEST REWARD: -0.06224148943533039, CURRENT REWARD: -0.06224148943533039
G:123, BEST PARAMS, BEST REWARD: -0.06224148943533039, CURRENT REWARD: -0.06224148943533039
G:124, BEST PARAMS, BEST REWARD: -0.06224148943533039, CURRENT REWARD: -0.06224148943533039
G:125, BEST PARAMS, BEST REWARD: -0.06224148943533039, CURRENT REWARD: -0.06224148943533039
G:126, BEST PARAMS, BEST REWARD: -0.06224148943533039, CURRENT REWARD: -0.06224148943533039
G:127, BEST PARAMS, BEST REWARD: -0.062063766517475284, CURRENT REWARD: -0.062063766517475284
G:128, BEST PARAMS, BEST REWARD: -0.062063766517475284, CURRENT REWARD: -0.062063766517475284
G:129, BEST PARAMS, BEST REWARD: -0.062063766517475284, CURRENT REWARD: -0.062063766517475284
G:130, BEST PARAMS, BEST REWARD: -0.062063766517475284, CURRENT REWARD: -0.062063766517475284
G:131, BEST PARAMS, BEST REWARD: -0.062063766517475284, CURRENT REWARD: -0.062063766517475284
G:132, BEST PARAMS, BEST REWARD: -0.062063766517475284, CURRENT REWARD: -0.062063766517475284
G:133, BEST PARAMS, BEST REWARD: -0.062063766517475284, CURRENT REWARD: -0.062063766517475284
G:134, BEST PARAMS, BEST REWARD: -0.062063766517475284, CURRENT REWARD: -0.062063766517475284
G:135, BEST PARAMS, BEST REWARD: -0.062063766517475284, CURRENT REWARD: -0.062063766517475284
G:136, BEST PARAMS, BEST REWARD: -0.062063766517475284, CURRENT REWARD: -0.062063766517475284
G:137, BEST PARAMS, BEST REWARD: -0.062063766517475284, CURRENT REWARD: -0.062063766517475284
G:138, BEST PARAMS, BEST REWARD: -0.062063766517475284, CURRENT REWARD: -0.062063766517475284
G:139, BEST PARAMS, BEST REWARD: -0.062063766517475284, CURRENT REWARD: -0.062063766517475284
G:140, BEST PARAMS, BEST REWARD: -0.062063766517475284, CURRENT REWARD: -0.062063766517475284
G:141, BEST PARAMS, BEST REWARD: -0.062063766517475284, CURRENT REWARD: -0.062063766517475284
G:142, BEST PARAMS, BEST REWARD: -0.062063766517475284, CURRENT REWARD: -0.062063766517475284
G:143, BEST PARAMS, BEST REWARD: -0.062063766517475284, CURRENT REWARD: -0.062063766517475284
G:144, BEST PARAMS, BEST REWARD: -0.062063766517475284, CURRENT REWARD: -0.062063766517475284
G:145, BEST PARAMS, BEST REWARD: -0.062063766517475284, CURRENT REWARD: -0.062063766517475284
G:146, BEST PARAMS, BEST REWARD: -0.062063766517475284, CURRENT REWARD: -0.062063766517475284
G:147, BEST PARAMS, BEST REWARD: -0.062063766517475284, CURRENT REWARD: -0.062063766517475284
G:148, BEST PARAMS, BEST REWARD: -0.062063766517475284, CURRENT REWARD: -0.062063766517475284
G:149, BEST PARAMS, BEST REWARD: -0.062063766517475284, CURRENT REWARD: -0.062063766517475284
G:150, BEST PARAMS, BEST REWARD: -0.062063766517475284, CURRENT REWARD: -0.062063766517475284
G:151, BEST PARAMS, BEST REWARD: -0.062063766517475284, CURRENT REWARD: -0.062063766517475284
G:152, BEST PARAMS, BEST REWARD: -0.062063766517475284, CURRENT REWARD: -0.062063766517475284
G:153, BEST PARAMS, BEST REWARD: -0.062063766517475284, CURRENT REWARD: -0.062063766517475284
G:154, BEST PARAMS, BEST REWARD: -0.062063766517475284, CURRENT REWARD: -0.062063766517475284
G:155, BEST PARAMS, BEST REWARD: -0.062063766517475284, CURRENT REWARD: -0.062063766517475284
G:156, BEST PARAMS, BEST REWARD: -0.062063766517475284, CURRENT REWARD: -0.062063766517475284
G:157, BEST PARAMS, BEST REWARD: -0.062063766517475284, CURRENT REWARD: -0.062063766517475284
G:158, BEST PARAMS, BEST REWARD: -0.062063766517475284, CURRENT REWARD: -0.062063766517475284
G:159, BEST PARAMS, BEST REWARD: -0.062063766517475284, CURRENT REWARD: -0.062063766517475284
G:160, BEST PARAMS, BEST REWARD: -0.062063766517475284, CURRENT REWARD: -0.062063766517475284
G:161, BEST PARAMS, BEST REWARD: -0.062063766517475284, CURRENT REWARD: -0.062063766517475284
G:162, BEST PARAMS, BEST REWARD: -0.062063766517475284, CURRENT REWARD: -0.062063766517475284
G:163, BEST PARAMS, BEST REWARD: -0.062063766517475284, CURRENT REWARD: -0.062063766517475284
G:164, BEST PARAMS, BEST REWARD: -0.062063766517475284, CURRENT REWARD: -0.062063766517475284
G:165, BEST PARAMS, BEST REWARD: -0.062063766517475284, CURRENT REWARD: -0.062063766517475284
G:166, BEST PARAMS, BEST REWARD: -0.062063766517475284, CURRENT REWARD: -0.062063766517475284
G:167, BEST PARAMS, BEST REWARD: -0.062063766517475284, CURRENT REWARD: -0.062063766517475284
G:168, BEST PARAMS, BEST REWARD: -0.062063766517475284, CURRENT REWARD: -0.062063766517475284
G:169, BEST PARAMS, BEST REWARD: -0.062063766517475284, CURRENT REWARD: -0.062063766517475284
G:170, BEST PARAMS, BEST REWARD: -0.062063766517475284, CURRENT REWARD: -0.062063766517475284
G:171, BEST PARAMS, BEST REWARD: -0.062063766517475284, CURRENT REWARD: -0.062063766517475284
G:172, BEST PARAMS, BEST REWARD: -0.062063766517475284, CURRENT REWARD: -0.062063766517475284
G:173, BEST PARAMS, BEST REWARD: -0.062063766517475284, CURRENT REWARD: -0.062063766517475284
G:174, BEST PARAMS, BEST REWARD: -0.062063766517475284, CURRENT REWARD: -0.062063766517475284
G:175, BEST PARAMS, BEST REWARD: -0.062063766517475284, CURRENT REWARD: -0.062063766517475284
G:176, BEST PARAMS, BEST REWARD: -0.062063766517475284, CURRENT REWARD: -0.062063766517475284
G:177, BEST PARAMS, BEST REWARD: -0.062063766517475284, CURRENT REWARD: -0.062063766517475284
G:178, BEST PARAMS, BEST REWARD: -0.062063766517475284, CURRENT REWARD: -0.062063766517475284
G:179, BEST PARAMS, BEST REWARD: -0.062063766517475284, CURRENT REWARD: -0.062063766517475284
G:180, BEST PARAMS, BEST REWARD: -0.062063766517475284, CURRENT REWARD: -0.062063766517475284
G:181, BEST PARAMS, BEST REWARD: -0.062063766517475284, CURRENT REWARD: -0.062063766517475284
G:182, BEST PARAMS, BEST REWARD: -0.062063766517475284, CURRENT REWARD: -0.062063766517475284
G:183, BEST PARAMS, BEST REWARD: -0.062063766517475284, CURRENT REWARD: -0.062063766517475284
G:184, BEST PARAMS, BEST REWARD: -0.062063766517475284, CURRENT REWARD: -0.062063766517475284
G:185, BEST PARAMS, BEST REWARD: -0.062063766517475284, CURRENT REWARD: -0.062063766517475284
G:186, BEST PARAMS, BEST REWARD: -0.062063766517475284, CURRENT REWARD: -0.062063766517475284
G:187, BEST PARAMS, BEST REWARD: -0.062063766517475284, CURRENT REWARD: -0.062063766517475284
G:188, BEST PARAMS, BEST REWARD: -0.062063766517475284, CURRENT REWARD: -0.062063766517475284
G:189, BEST PARAMS, BEST REWARD: -0.062063766517475284, CURRENT REWARD: -0.062063766517475284
G:190, BEST PARAMS, BEST REWARD: -0.062063766517475284, CURRENT REWARD: -0.062063766517475284
G:191, BEST PARAMS, BEST REWARD: -0.062063766517475284, CURRENT REWARD: -0.062063766517475284
G:192, BEST PARAMS, BEST REWARD: -0.062063766517475284, CURRENT REWARD: -0.062063766517475284
G:193, BEST PARAMS, BEST REWARD: -0.062063766517475284, CURRENT REWARD: -0.062063766517475284
G:194, BEST PARAMS, BEST REWARD: -0.062063766517475284, CURRENT REWARD: -0.062063766517475284
G:195, BEST PARAMS, BEST REWARD: -0.062063766517475284, CURRENT REWARD: -0.062063766517475284
G:196, BEST PARAMS, BEST REWARD: -0.062063766517475284, CURRENT REWARD: -0.062063766517475284
G:197, BEST PARAMS, BEST REWARD: -0.062063766517475284, CURRENT REWARD: -0.062063766517475284
G:198, BEST PARAMS, BEST REWARD: -0.062063766517475284, CURRENT REWARD: -0.062063766517475284
G:199, BEST PARAMS, BEST REWARD: -0.062063766517475284, CURRENT REWARD: -0.062063766517475284
G:200, BEST PARAMS, BEST REWARD: -0.062063766517475284, CURRENT REWARD: -0.062063766517475284
G:201, BEST PARAMS, BEST REWARD: -0.062063766517475284, CURRENT REWARD: -0.062063766517475284
G:202, BEST PARAMS, BEST REWARD: -0.062063766517475284, CURRENT REWARD: -0.062063766517475284
G:203, BEST PARAMS, BEST REWARD: -0.062063766517475284, CURRENT REWARD: -0.062063766517475284
G:204, BEST PARAMS, BEST REWARD: -0.062063766517475284, CURRENT REWARD: -0.062063766517475284
G:205, BEST PARAMS, BEST REWARD: -0.062063766517475284, CURRENT REWARD: -0.062063766517475284
G:206, BEST PARAMS, BEST REWARD: -0.062063766517475284, CURRENT REWARD: -0.062063766517475284
G:207, BEST PARAMS, BEST REWARD: -0.062063766517475284, CURRENT REWARD: -0.062063766517475284
G:208, BEST PARAMS, BEST REWARD: -0.062063766517475284, CURRENT REWARD: -0.062063766517475284
G:209, BEST PARAMS, BEST REWARD: -0.062063766517475284, CURRENT REWARD: -0.062063766517475284
G:210, BEST PARAMS, BEST REWARD: -0.062063766517475284, CURRENT REWARD: -0.062063766517475284
G:211, BEST PARAMS, BEST REWARD: -0.062063766517475284, CURRENT REWARD: -0.062063766517475284
G:212, BEST PARAMS, BEST REWARD: -0.062063766517475284, CURRENT REWARD: -0.062063766517475284
G:213, BEST PARAMS, BEST REWARD: -0.062063766517475284, CURRENT REWARD: -0.062063766517475284
G:214, BEST PARAMS, BEST REWARD: -0.062063766517475284, CURRENT REWARD: -0.062063766517475284
G:215, BEST PARAMS, BEST REWARD: -0.062063766517475284, CURRENT REWARD: -0.062063766517475284
G:216, BEST PARAMS, BEST REWARD: -0.062063766517475284, CURRENT REWARD: -0.062063766517475284
G:217, BEST PARAMS, BEST REWARD: -0.062063766517475284, CURRENT REWARD: -0.062063766517475284
G:218, BEST PARAMS, BEST REWARD: -0.062063766517475284, CURRENT REWARD: -0.062063766517475284
G:219, BEST PARAMS, BEST REWARD: -0.062063766517475284, CURRENT REWARD: -0.062063766517475284
G:220, BEST PARAMS, BEST REWARD: -0.062063766517475284, CURRENT REWARD: -0.062063766517475284
G:221, BEST PARAMS, BEST REWARD: -0.062063766517475284, CURRENT REWARD: -0.062063766517475284
G:222, BEST PARAMS, BEST REWARD: -0.062063766517475284, CURRENT REWARD: -0.062063766517475284
G:223, BEST PARAMS, BEST REWARD: -0.062063766517475284, CURRENT REWARD: -0.062063766517475284
G:224, BEST PARAMS, BEST REWARD: -0.062063766517475284, CURRENT REWARD: -0.062063766517475284
G:225, BEST PARAMS, BEST REWARD: -0.062063766517475284, CURRENT REWARD: -0.062063766517475284
G:226, BEST PARAMS, BEST REWARD: -0.062063766517475284, CURRENT REWARD: -0.062063766517475284
G:227, BEST PARAMS, BEST REWARD: -0.062063766517475284, CURRENT REWARD: -0.062063766517475284
G:228, BEST PARAMS, BEST REWARD: -0.062063766517475284, CURRENT REWARD: -0.062063766517475284
G:229, BEST PARAMS, BEST REWARD: -0.062063766517475284, CURRENT REWARD: -0.062063766517475284
G:230, BEST PARAMS, BEST REWARD: -0.062063766517475284, CURRENT REWARD: -0.062063766517475284
G:231, BEST PARAMS, BEST REWARD: -0.062063766517475284, CURRENT REWARD: -0.062063766517475284
G:232, BEST PARAMS, BEST REWARD: -0.062063766517475284, CURRENT REWARD: -0.062063766517475284
G:233, BEST PARAMS, BEST REWARD: -0.062063766517475284, CURRENT REWARD: -0.062063766517475284
G:234, BEST PARAMS, BEST REWARD: -0.062063766517475284, CURRENT REWARD: -0.062063766517475284
G:235, BEST PARAMS, BEST REWARD: -0.062063766517475284, CURRENT REWARD: -0.062063766517475284
G:236, BEST PARAMS, BEST REWARD: -0.062063766517475284, CURRENT REWARD: -0.062063766517475284
G:237, BEST PARAMS, BEST REWARD: -0.062063766517475284, CURRENT REWARD: -0.062063766517475284
G:238, BEST PARAMS, BEST REWARD: -0.062063766517475284, CURRENT REWARD: -0.062063766517475284
G:239, BEST PARAMS, BEST REWARD: -0.062063766517475284, CURRENT REWARD: -0.062063766517475284
G:240, BEST PARAMS, BEST REWARD: -0.062063766517475284, CURRENT REWARD: -0.062063766517475284
G:241, BEST PARAMS, BEST REWARD: -0.062063766517475284, CURRENT REWARD: -0.062063766517475284
G:242, BEST PARAMS, BEST REWARD: -0.062063766517475284, CURRENT REWARD: -0.062063766517475284
G:243, BEST PARAMS, BEST REWARD: -0.062063766517475284, CURRENT REWARD: -0.062063766517475284
G:244, BEST PARAMS, BEST REWARD: -0.062063766517475284, CURRENT REWARD: -0.062063766517475284
G:245, BEST PARAMS, BEST REWARD: -0.062063766517475284, CURRENT REWARD: -0.062063766517475284
G:246, BEST PARAMS, BEST REWARD: -0.062063766517475284, CURRENT REWARD: -0.062063766517475284
G:247, BEST PARAMS, BEST REWARD: -0.062063766517475284, CURRENT REWARD: -0.062063766517475284
G:248, BEST PARAMS, BEST REWARD: -0.062063766517475284, CURRENT REWARD: -0.062063766517475284
G:249, BEST PARAMS, BEST REWARD: -0.062063766517475284, CURRENT REWARD: -0.062063766517475284
G:250, BEST PARAMS, BEST REWARD: -0.062063766517475284, CURRENT REWARD: -0.062063766517475284
G:251, BEST PARAMS, BEST REWARD: -0.062063766517475284, CURRENT REWARD: -0.062063766517475284
G:252, BEST PARAMS, BEST REWARD: -0.062063766517475284, CURRENT REWARD: -0.062063766517475284
G:253, BEST PARAMS, BEST REWARD: -0.062063766517475284, CURRENT REWARD: -0.062063766517475284
G:254, BEST PARAMS, BEST REWARD: -0.062063766517475284, CURRENT REWARD: -0.062063766517475284
G:255, BEST PARAMS, BEST REWARD: -0.062063766517475284, CURRENT REWARD: -0.062063766517475284
G:256, BEST PARAMS, BEST REWARD: -0.062063766517475284, CURRENT REWARD: -0.062063766517475284
G:257, BEST PARAMS, BEST REWARD: -0.062063766517475284, CURRENT REWARD: -0.062063766517475284
G:258, BEST PARAMS, BEST REWARD: -0.062063766517475284, CURRENT REWARD: -0.062063766517475284
G:259, BEST PARAMS, BEST REWARD: -0.062063766517475284, CURRENT REWARD: -0.062063766517475284
G:260, BEST PARAMS, BEST REWARD: -0.062063766517475284, CURRENT REWARD: -0.062063766517475284
G:261, BEST PARAMS, BEST REWARD: -0.062063766517475284, CURRENT REWARD: -0.062063766517475284
G:262, BEST PARAMS, BEST REWARD: -0.062063766517475284, CURRENT REWARD: -0.062063766517475284
G:263, BEST PARAMS, BEST REWARD: -0.062063766517475284, CURRENT REWARD: -0.062063766517475284
G:264, BEST PARAMS, BEST REWARD: -0.062063766517475284, CURRENT REWARD: -0.062063766517475284
G:265, BEST PARAMS, BEST REWARD: -0.062063766517475284, CURRENT REWARD: -0.062063766517475284
G:266, BEST PARAMS, BEST REWARD: -0.062063766517475284, CURRENT REWARD: -0.062063766517475284
G:267, BEST PARAMS, BEST REWARD: -0.062063766517475284, CURRENT REWARD: -0.062063766517475284
G:268, BEST PARAMS, BEST REWARD: -0.062063766517475284, CURRENT REWARD: -0.062063766517475284
G:269, BEST PARAMS, BEST REWARD: -0.062063766517475284, CURRENT REWARD: -0.062063766517475284
G:270, BEST PARAMS, BEST REWARD: -0.062063766517475284, CURRENT REWARD: -0.062063766517475284
G:271, BEST PARAMS, BEST REWARD: -0.062063766517475284, CURRENT REWARD: -0.062063766517475284
G:272, BEST PARAMS, BEST REWARD: -0.062063766517475284, CURRENT REWARD: -0.062063766517475284
G:273, BEST PARAMS, BEST REWARD: -0.062063766517475284, CURRENT REWARD: -0.062063766517475284
G:274, BEST PARAMS, BEST REWARD: -0.062063766517475284, CURRENT REWARD: -0.062063766517475284
G:275, BEST PARAMS, BEST REWARD: -0.062063766517475284, CURRENT REWARD: -0.062063766517475284
G:276, BEST PARAMS, BEST REWARD: -0.062063766517475284, CURRENT REWARD: -0.062063766517475284
G:277, BEST PARAMS, BEST REWARD: -0.062063766517475284, CURRENT REWARD: -0.062063766517475284
G:278, BEST PARAMS, BEST REWARD: -0.062063766517475284, CURRENT REWARD: -0.062063766517475284
G:279, BEST PARAMS, BEST REWARD: -0.062063766517475284, CURRENT REWARD: -0.062063766517475284
G:280, BEST PARAMS, BEST REWARD: -0.062063766517475284, CURRENT REWARD: -0.062063766517475284
G:281, BEST PARAMS, BEST REWARD: -0.062063766517475284, CURRENT REWARD: -0.062063766517475284
G:282, BEST PARAMS, BEST REWARD: -0.062063766517475284, CURRENT REWARD: -0.062063766517475284
G:283, BEST PARAMS, BEST REWARD: -0.062063766517475284, CURRENT REWARD: -0.062063766517475284
G:284, BEST PARAMS, BEST REWARD: -0.062063766517475284, CURRENT REWARD: -0.062063766517475284
G:285, BEST PARAMS, BEST REWARD: -0.062063766517475284, CURRENT REWARD: -0.062063766517475284
G:286, BEST PARAMS, BEST REWARD: -0.062063766517475284, CURRENT REWARD: -0.062063766517475284
G:287, BEST PARAMS, BEST REWARD: -0.062063766517475284, CURRENT REWARD: -0.062063766517475284
G:288, BEST PARAMS, BEST REWARD: -0.062063766517475284, CURRENT REWARD: -0.062063766517475284
G:289, BEST PARAMS, BEST REWARD: -0.062063766517475284, CURRENT REWARD: -0.062063766517475284
G:290, BEST PARAMS, BEST REWARD: -0.062063766517475284, CURRENT REWARD: -0.062063766517475284
G:291, BEST PARAMS, BEST REWARD: -0.062063766517475284, CURRENT REWARD: -0.062063766517475284
G:292, BEST PARAMS, BEST REWARD: -0.062063766517475284, CURRENT REWARD: -0.062063766517475284
G:293, BEST PARAMS, BEST REWARD: -0.062063766517475284, CURRENT REWARD: -0.062063766517475284
G:294, BEST PARAMS, BEST REWARD: -0.062063766517475284, CURRENT REWARD: -0.062063766517475284
G:295, BEST PARAMS, BEST REWARD: -0.062063766517475284, CURRENT REWARD: -0.062063766517475284
G:296, BEST PARAMS, BEST REWARD: -0.062063766517475284, CURRENT REWARD: -0.062063766517475284
G:297, BEST PARAMS, BEST REWARD: -0.062063766517475284, CURRENT REWARD: -0.062063766517475284
G:298, BEST PARAMS, BEST REWARD: -0.062063766517475284, CURRENT REWARD: -0.062063766517475284
G:299, BEST PARAMS, BEST REWARD: -0.062063766517475284, CURRENT REWARD: -0.062063766517475284
G:300, BEST PARAMS, BEST REWARD: -0.062063766517475284, CURRENT REWARD: -0.062063766517475284
G:301, BEST PARAMS, BEST REWARD: -0.062063766517475284, CURRENT REWARD: -0.062063766517475284
G:302, BEST PARAMS, BEST REWARD: -0.062063766517475284, CURRENT REWARD: -0.062063766517475284
G:303, BEST PARAMS, BEST REWARD: -0.062063766517475284, CURRENT REWARD: -0.062063766517475284
G:304, BEST PARAMS, BEST REWARD: -0.062063766517475284, CURRENT REWARD: -0.062063766517475284
G:305, BEST PARAMS, BEST REWARD: -0.062063766517475284, CURRENT REWARD: -0.062063766517475284
G:306, BEST PARAMS, BEST REWARD: -0.062063766517475284, CURRENT REWARD: -0.062063766517475284
G:307, BEST PARAMS, BEST REWARD: -0.062063766517475284, CURRENT REWARD: -0.062063766517475284
G:308, BEST PARAMS, BEST REWARD: -0.062063766517475284, CURRENT REWARD: -0.062063766517475284
G:309, BEST PARAMS, BEST REWARD: -0.062063766517475284, CURRENT REWARD: -0.062063766517475284
G:310, BEST PARAMS, BEST REWARD: -0.062063766517475284, CURRENT REWARD: -0.062063766517475284
G:311, BEST PARAMS, BEST REWARD: -0.062063766517475284, CURRENT REWARD: -0.062063766517475284
G:312, BEST PARAMS, BEST REWARD: -0.062063766517475284, CURRENT REWARD: -0.062063766517475284
G:313, BEST PARAMS, BEST REWARD: -0.062063766517475284, CURRENT REWARD: -0.062063766517475284
G:314, BEST PARAMS, BEST REWARD: -0.062063766517475284, CURRENT REWARD: -0.062063766517475284
G:315, BEST PARAMS, BEST REWARD: -0.062063766517475284, CURRENT REWARD: -0.062063766517475284
G:316, BEST PARAMS, BEST REWARD: -0.062063766517475284, CURRENT REWARD: -0.062063766517475284
G:317, BEST PARAMS, BEST REWARD: -0.062063766517475284, CURRENT REWARD: -0.062063766517475284
G:318, BEST PARAMS, BEST REWARD: -0.062063766517475284, CURRENT REWARD: -0.062063766517475284
G:319, BEST PARAMS, BEST REWARD: -0.062063766517475284, CURRENT REWARD: -0.062063766517475284
G:320, BEST PARAMS, BEST REWARD: -0.062063766517475284, CURRENT REWARD: -0.062063766517475284
G:321, BEST PARAMS, BEST REWARD: -0.062063766517475284, CURRENT REWARD: -0.062063766517475284
G:322, BEST PARAMS, BEST REWARD: -0.062063766517475284, CURRENT REWARD: -0.062063766517475284
G:323, BEST PARAMS, BEST REWARD: -0.062063766517475284, CURRENT REWARD: -0.062063766517475284
G:324, BEST PARAMS, BEST REWARD: -0.062063766517475284, CURRENT REWARD: -0.062063766517475284
G:325, BEST PARAMS, BEST REWARD: -0.062063766517475284, CURRENT REWARD: -0.062063766517475284
G:326, BEST PARAMS, BEST REWARD: -0.062063766517475284, CURRENT REWARD: -0.062063766517475284
G:327, BEST PARAMS, BEST REWARD: -0.062063766517475284, CURRENT REWARD: -0.062063766517475284
G:328, BEST PARAMS, BEST REWARD: -0.062063766517475284, CURRENT REWARD: -0.062063766517475284
G:329, BEST PARAMS, BEST REWARD: -0.062063766517475284, CURRENT REWARD: -0.062063766517475284
G:330, BEST PARAMS, BEST REWARD: -0.062063766517475284, CURRENT REWARD: -0.062063766517475284
G:331, BEST PARAMS, BEST REWARD: -0.062063766517475284, CURRENT REWARD: -0.062063766517475284
G:332, BEST PARAMS, BEST REWARD: -0.062063766517475284, CURRENT REWARD: -0.062063766517475284
G:333, BEST PARAMS, BEST REWARD: -0.062063766517475284, CURRENT REWARD: -0.062063766517475284
G:334, BEST PARAMS, BEST REWARD: -0.062063766517475284, CURRENT REWARD: -0.062063766517475284
G:335, BEST PARAMS, BEST REWARD: -0.062063766517475284, CURRENT REWARD: -0.062063766517475284
G:336, BEST PARAMS, BEST REWARD: -0.062063766517475284, CURRENT REWARD: -0.062063766517475284
G:337, BEST PARAMS, BEST REWARD: -0.062063766517475284, CURRENT REWARD: -0.062063766517475284
G:338, BEST PARAMS, BEST REWARD: -0.062063766517475284, CURRENT REWARD: -0.062063766517475284
G:339, BEST PARAMS, BEST REWARD: -0.062063766517475284, CURRENT REWARD: -0.062063766517475284
G:340, BEST PARAMS, BEST REWARD: -0.062063766517475284, CURRENT REWARD: -0.062063766517475284
G:341, BEST PARAMS, BEST REWARD: -0.062063766517475284, CURRENT REWARD: -0.062063766517475284
G:342, BEST PARAMS, BEST REWARD: -0.062063766517475284, CURRENT REWARD: -0.062063766517475284
G:343, BEST PARAMS, BEST REWARD: -0.062063766517475284, CURRENT REWARD: -0.062063766517475284
G:344, BEST PARAMS, BEST REWARD: -0.062063766517475284, CURRENT REWARD: -0.062063766517475284
G:345, BEST PARAMS, BEST REWARD: -0.062063766517475284, CURRENT REWARD: -0.062063766517475284
G:346, BEST PARAMS, BEST REWARD: -0.062063766517475284, CURRENT REWARD: -0.062063766517475284
G:347, BEST PARAMS, BEST REWARD: -0.062063766517475284, CURRENT REWARD: -0.062063766517475284
G:348, BEST PARAMS, BEST REWARD: -0.062063766517475284, CURRENT REWARD: -0.062063766517475284
G:349, BEST PARAMS, BEST REWARD: -0.062063766517475284, CURRENT REWARD: -0.062063766517475284
G:350, BEST PARAMS, BEST REWARD: -0.062063766517475284, CURRENT REWARD: -0.062063766517475284
G:351, BEST PARAMS, BEST REWARD: -0.062063766517475284, CURRENT REWARD: -0.062063766517475284
G:352, BEST PARAMS, BEST REWARD: -0.062063766517475284, CURRENT REWARD: -0.062063766517475284
G:353, BEST PARAMS, BEST REWARD: -0.062063766517475284, CURRENT REWARD: -0.062063766517475284
G:354, BEST PARAMS, BEST REWARD: -0.062063766517475284, CURRENT REWARD: -0.062063766517475284
G:355, BEST PARAMS, BEST REWARD: -0.062063766517475284, CURRENT REWARD: -0.062063766517475284
G:356, BEST PARAMS, BEST REWARD: -0.062063766517475284, CURRENT REWARD: -0.062063766517475284
G:357, BEST PARAMS, BEST REWARD: -0.062063766517475284, CURRENT REWARD: -0.062063766517475284
G:358, BEST PARAMS, BEST REWARD: -0.062063766517475284, CURRENT REWARD: -0.062063766517475284
G:359, BEST PARAMS, BEST REWARD: -0.062063766517475284, CURRENT REWARD: -0.062063766517475284
G:360, BEST PARAMS, BEST REWARD: -0.062063766517475284, CURRENT REWARD: -0.062063766517475284
G:361, BEST PARAMS, BEST REWARD: -0.062063766517475284, CURRENT REWARD: -0.062063766517475284
G:362, BEST PARAMS, BEST REWARD: -0.062063766517475284, CURRENT REWARD: -0.062063766517475284
G:363, BEST PARAMS, BEST REWARD: -0.062063766517475284, CURRENT REWARD: -0.062063766517475284
G:364, BEST PARAMS, BEST REWARD: -0.062063766517475284, CURRENT REWARD: -0.062063766517475284
G:365, BEST PARAMS, BEST REWARD: -0.062063766517475284, CURRENT REWARD: -0.062063766517475284
G:366, BEST PARAMS, BEST REWARD: -0.062063766517475284, CURRENT REWARD: -0.062063766517475284
G:367, BEST PARAMS, BEST REWARD: -0.062063766517475284, CURRENT REWARD: -0.062063766517475284
G:368, BEST PARAMS, BEST REWARD: -0.062063766517475284, CURRENT REWARD: -0.062063766517475284
G:369, BEST PARAMS, BEST REWARD: -0.062063766517475284, CURRENT REWARD: -0.062063766517475284
G:370, BEST PARAMS, BEST REWARD: -0.062063766517475284, CURRENT REWARD: -0.062063766517475284
G:371, BEST PARAMS, BEST REWARD: -0.062063766517475284, CURRENT REWARD: -0.062063766517475284
G:372, BEST PARAMS, BEST REWARD: -0.062063766517475284, CURRENT REWARD: -0.062063766517475284
G:373, BEST PARAMS, BEST REWARD: -0.062063766517475284, CURRENT REWARD: -0.062063766517475284
G:374, BEST PARAMS, BEST REWARD: -0.062063766517475284, CURRENT REWARD: -0.062063766517475284
G:375, BEST PARAMS, BEST REWARD: -0.062063766517475284, CURRENT REWARD: -0.062063766517475284
G:376, BEST PARAMS, BEST REWARD: -0.062063766517475284, CURRENT REWARD: -0.062063766517475284
G:377, BEST PARAMS, BEST REWARD: -0.062063766517475284, CURRENT REWARD: -0.062063766517475284
G:378, BEST PARAMS, BEST REWARD: -0.062063766517475284, CURRENT REWARD: -0.062063766517475284
G:379, BEST PARAMS, BEST REWARD: -0.062063766517475284, CURRENT REWARD: -0.062063766517475284
G:380, BEST PARAMS, BEST REWARD: -0.062063766517475284, CURRENT REWARD: -0.062063766517475284
G:381, BEST PARAMS, BEST REWARD: -0.062063766517475284, CURRENT REWARD: -0.062063766517475284
G:382, BEST PARAMS, BEST REWARD: -0.062063766517475284, CURRENT REWARD: -0.062063766517475284
G:383, BEST PARAMS, BEST REWARD: -0.062063766517475284, CURRENT REWARD: -0.062063766517475284
G:384, BEST PARAMS, BEST REWARD: -0.062063766517475284, CURRENT REWARD: -0.062063766517475284
G:385, BEST PARAMS, BEST REWARD: -0.062063766517475284, CURRENT REWARD: -0.062063766517475284
G:386, BEST PARAMS, BEST REWARD: -0.062063766517475284, CURRENT REWARD: -0.062063766517475284
G:387, BEST PARAMS, BEST REWARD: -0.062063766517475284, CURRENT REWARD: -0.062063766517475284
G:388, BEST PARAMS, BEST REWARD: -0.062063766517475284, CURRENT REWARD: -0.062063766517475284
G:389, BEST PARAMS, BEST REWARD: -0.062063766517475284, CURRENT REWARD: -0.062063766517475284
G:390, BEST PARAMS, BEST REWARD: -0.062063766517475284, CURRENT REWARD: -0.062063766517475284
G:391, BEST PARAMS, BEST REWARD: -0.062063766517475284, CURRENT REWARD: -0.062063766517475284
G:392, BEST PARAMS, BEST REWARD: -0.062063766517475284, CURRENT REWARD: -0.062063766517475284
G:393, BEST PARAMS, BEST REWARD: -0.062063766517475284, CURRENT REWARD: -0.062063766517475284
G:394, BEST PARAMS, BEST REWARD: -0.062063766517475284, CURRENT REWARD: -0.062063766517475284
G:395, BEST PARAMS, BEST REWARD: -0.062063766517475284, CURRENT REWARD: -0.062063766517475284
G:396, BEST PARAMS, BEST REWARD: -0.062063766517475284, CURRENT REWARD: -0.062063766517475284
G:397, BEST PARAMS, BEST REWARD: -0.062063766517475284, CURRENT REWARD: -0.062063766517475284
G:398, BEST PARAMS, BEST REWARD: -0.062063766517475284, CURRENT REWARD: -0.062063766517475284
G:399, BEST PARAMS, BEST REWARD: -0.062063766517475284, CURRENT REWARD: -0.062063766517475284
G:400, BEST PARAMS, BEST REWARD: -0.062063766517475284, CURRENT REWARD: -0.062063766517475284
G:401, BEST PARAMS, BEST REWARD: -0.062063766517475284, CURRENT REWARD: -0.062063766517475284
G:402, BEST PARAMS, BEST REWARD: -0.062063766517475284, CURRENT REWARD: -0.062063766517475284
G:403, BEST PARAMS, BEST REWARD: -0.062063766517475284, CURRENT REWARD: -0.062063766517475284
G:404, BEST PARAMS, BEST REWARD: -0.062063766517475284, CURRENT REWARD: -0.062063766517475284
G:405, BEST PARAMS, BEST REWARD: -0.062063766517475284, CURRENT REWARD: -0.062063766517475284
G:406, BEST PARAMS, BEST REWARD: -0.062063766517475284, CURRENT REWARD: -0.062063766517475284
G:407, BEST PARAMS, BEST REWARD: -0.062063766517475284, CURRENT REWARD: -0.062063766517475284
G:408, BEST PARAMS, BEST REWARD: -0.062063766517475284, CURRENT REWARD: -0.062063766517475284
G:409, BEST PARAMS, BEST REWARD: -0.062063766517475284, CURRENT REWARD: -0.062063766517475284
G:410, BEST PARAMS, BEST REWARD: -0.062063766517475284, CURRENT REWARD: -0.062063766517475284
G:411, BEST PARAMS, BEST REWARD: -0.062063766517475284, CURRENT REWARD: -0.062063766517475284
G:412, BEST PARAMS, BEST REWARD: -0.062063766517475284, CURRENT REWARD: -0.062063766517475284
G:413, BEST PARAMS, BEST REWARD: -0.062063766517475284, CURRENT REWARD: -0.062063766517475284
G:414, BEST PARAMS, BEST REWARD: -0.062063766517475284, CURRENT REWARD: -0.062063766517475284
G:415, BEST PARAMS, BEST REWARD: -0.062063766517475284, CURRENT REWARD: -0.062063766517475284
G:416, BEST PARAMS, BEST REWARD: -0.062063766517475284, CURRENT REWARD: -0.062063766517475284
G:417, BEST PARAMS, BEST REWARD: -0.062063766517475284, CURRENT REWARD: -0.062063766517475284
G:418, BEST PARAMS, BEST REWARD: -0.062063766517475284, CURRENT REWARD: -0.062063766517475284
G:419, BEST PARAMS, BEST REWARD: -0.062063766517475284, CURRENT REWARD: -0.062063766517475284
G:420, BEST PARAMS, BEST REWARD: -0.062063766517475284, CURRENT REWARD: -0.062063766517475284
G:421, BEST PARAMS, BEST REWARD: -0.062063766517475284, CURRENT REWARD: -0.062063766517475284
G:422, BEST PARAMS, BEST REWARD: -0.062063766517475284, CURRENT REWARD: -0.062063766517475284
G:423, BEST PARAMS, BEST REWARD: -0.062063766517475284, CURRENT REWARD: -0.062063766517475284
G:424, BEST PARAMS, BEST REWARD: -0.062063766517475284, CURRENT REWARD: -0.062063766517475284
G:425, BEST PARAMS, BEST REWARD: -0.062063766517475284, CURRENT REWARD: -0.062063766517475284
G:426, BEST PARAMS, BEST REWARD: -0.062063766517475284, CURRENT REWARD: -0.062063766517475284
G:427, BEST PARAMS, BEST REWARD: -0.062063766517475284, CURRENT REWARD: -0.062063766517475284
G:428, BEST PARAMS, BEST REWARD: -0.062063766517475284, CURRENT REWARD: -0.062063766517475284
G:429, BEST PARAMS, BEST REWARD: -0.062063766517475284, CURRENT REWARD: -0.062063766517475284
G:430, BEST PARAMS, BEST REWARD: -0.062063766517475284, CURRENT REWARD: -0.062063766517475284
G:431, BEST PARAMS, BEST REWARD: -0.062063766517475284, CURRENT REWARD: -0.062063766517475284
G:432, BEST PARAMS, BEST REWARD: -0.062063766517475284, CURRENT REWARD: -0.062063766517475284
G:433, BEST PARAMS, BEST REWARD: -0.062063766517475284, CURRENT REWARD: -0.062063766517475284
G:434, BEST PARAMS, BEST REWARD: -0.062063766517475284, CURRENT REWARD: -0.062063766517475284
G:435, BEST PARAMS, BEST REWARD: -0.062063766517475284, CURRENT REWARD: -0.062063766517475284
G:436, BEST PARAMS, BEST REWARD: -0.062063766517475284, CURRENT REWARD: -0.062063766517475284
G:437, BEST PARAMS, BEST REWARD: -0.062063766517475284, CURRENT REWARD: -0.062063766517475284
G:438, BEST PARAMS, BEST REWARD: -0.062063766517475284, CURRENT REWARD: -0.062063766517475284
G:439, BEST PARAMS, BEST REWARD: -0.062063766517475284, CURRENT REWARD: -0.062063766517475284
G:440, BEST PARAMS, BEST REWARD: -0.062063766517475284, CURRENT REWARD: -0.062063766517475284
G:441, BEST PARAMS, BEST REWARD: -0.062063766517475284, CURRENT REWARD: -0.062063766517475284
G:442, BEST PARAMS, BEST REWARD: -0.062063766517475284, CURRENT REWARD: -0.062063766517475284
G:443, BEST PARAMS, BEST REWARD: -0.062063766517475284, CURRENT REWARD: -0.062063766517475284
G:444, BEST PARAMS, BEST REWARD: -0.062063766517475284, CURRENT REWARD: -0.062063766517475284
G:445, BEST PARAMS, BEST REWARD: -0.062063766517475284, CURRENT REWARD: -0.062063766517475284
G:446, BEST PARAMS, BEST REWARD: -0.062063766517475284, CURRENT REWARD: -0.062063766517475284
G:447, BEST PARAMS, BEST REWARD: -0.062063766517475284, CURRENT REWARD: -0.062063766517475284
G:448, BEST PARAMS, BEST REWARD: -0.062063766517475284, CURRENT REWARD: -0.062063766517475284
G:449, BEST PARAMS, BEST REWARD: -0.062063766517475284, CURRENT REWARD: -0.062063766517475284
G:450, BEST PARAMS, BEST REWARD: -0.062063766517475284, CURRENT REWARD: -0.062063766517475284
G:451, BEST PARAMS, BEST REWARD: -0.062063766517475284, CURRENT REWARD: -0.062063766517475284
G:452, BEST PARAMS, BEST REWARD: -0.062063766517475284, CURRENT REWARD: -0.062063766517475284
G:453, BEST PARAMS, BEST REWARD: -0.062063766517475284, CURRENT REWARD: -0.062063766517475284
G:454, BEST PARAMS, BEST REWARD: -0.062063766517475284, CURRENT REWARD: -0.062063766517475284
G:455, BEST PARAMS, BEST REWARD: -0.062063766517475284, CURRENT REWARD: -0.062063766517475284
G:456, BEST PARAMS, BEST REWARD: -0.062063766517475284, CURRENT REWARD: -0.062063766517475284
G:457, BEST PARAMS, BEST REWARD: -0.062063766517475284, CURRENT REWARD: -0.062063766517475284
G:458, BEST PARAMS, BEST REWARD: -0.062063766517475284, CURRENT REWARD: -0.062063766517475284
G:459, BEST PARAMS, BEST REWARD: -0.062063766517475284, CURRENT REWARD: -0.062063766517475284
G:460, BEST PARAMS, BEST REWARD: -0.062063766517475284, CURRENT REWARD: -0.062063766517475284
G:461, BEST PARAMS, BEST REWARD: -0.062063766517475284, CURRENT REWARD: -0.062063766517475284
G:462, BEST PARAMS, BEST REWARD: -0.062063766517475284, CURRENT REWARD: -0.062063766517475284
G:463, BEST PARAMS, BEST REWARD: -0.062063766517475284, CURRENT REWARD: -0.062063766517475284
G:464, BEST PARAMS, BEST REWARD: -0.062063766517475284, CURRENT REWARD: -0.062063766517475284
G:465, BEST PARAMS, BEST REWARD: -0.062063766517475284, CURRENT REWARD: -0.062063766517475284
G:466, BEST PARAMS, BEST REWARD: -0.062063766517475284, CURRENT REWARD: -0.062063766517475284
G:467, BEST PARAMS, BEST REWARD: -0.062063766517475284, CURRENT REWARD: -0.062063766517475284
G:468, BEST PARAMS, BEST REWARD: -0.062063766517475284, CURRENT REWARD: -0.062063766517475284
G:469, BEST PARAMS, BEST REWARD: -0.062063766517475284, CURRENT REWARD: -0.062063766517475284
G:470, BEST PARAMS, BEST REWARD: -0.062063766517475284, CURRENT REWARD: -0.062063766517475284
G:471, BEST PARAMS, BEST REWARD: -0.062063766517475284, CURRENT REWARD: -0.062063766517475284
G:472, BEST PARAMS, BEST REWARD: -0.062063766517475284, CURRENT REWARD: -0.062063766517475284
G:473, BEST PARAMS, BEST REWARD: -0.062063766517475284, CURRENT REWARD: -0.062063766517475284
G:474, BEST PARAMS, BEST REWARD: -0.062063766517475284, CURRENT REWARD: -0.062063766517475284
G:475, BEST PARAMS, BEST REWARD: -0.062063766517475284, CURRENT REWARD: -0.062063766517475284
G:476, BEST PARAMS, BEST REWARD: -0.062063766517475284, CURRENT REWARD: -0.062063766517475284
G:477, BEST PARAMS, BEST REWARD: -0.062063766517475284, CURRENT REWARD: -0.062063766517475284
G:478, BEST PARAMS, BEST REWARD: -0.062063766517475284, CURRENT REWARD: -0.062063766517475284
G:479, BEST PARAMS, BEST REWARD: -0.062063766517475284, CURRENT REWARD: -0.062063766517475284
G:480, BEST PARAMS, BEST REWARD: -0.062063766517475284, CURRENT REWARD: -0.062063766517475284
G:481, BEST PARAMS, BEST REWARD: -0.062063766517475284, CURRENT REWARD: -0.062063766517475284
G:482, BEST PARAMS, BEST REWARD: -0.062063766517475284, CURRENT REWARD: -0.062063766517475284
G:483, BEST PARAMS, BEST REWARD: -0.062063766517475284, CURRENT REWARD: -0.062063766517475284
G:484, BEST PARAMS, BEST REWARD: -0.062063766517475284, CURRENT REWARD: -0.062063766517475284
G:485, BEST PARAMS, BEST REWARD: -0.062063766517475284, CURRENT REWARD: -0.062063766517475284
G:486, BEST PARAMS, BEST REWARD: -0.062063766517475284, CURRENT REWARD: -0.062063766517475284
G:487, BEST PARAMS, BEST REWARD: -0.062063766517475284, CURRENT REWARD: -0.062063766517475284
G:488, BEST PARAMS, BEST REWARD: -0.062063766517475284, CURRENT REWARD: -0.062063766517475284
G:489, BEST PARAMS, BEST REWARD: -0.062063766517475284, CURRENT REWARD: -0.062063766517475284
G:490, BEST PARAMS, BEST REWARD: -0.062063766517475284, CURRENT REWARD: -0.062063766517475284
G:491, BEST PARAMS, BEST REWARD: -0.062063766517475284, CURRENT REWARD: -0.062063766517475284
G:492, BEST PARAMS, BEST REWARD: -0.062063766517475284, CURRENT REWARD: -0.062063766517475284
G:493, BEST PARAMS, BEST REWARD: -0.062063766517475284, CURRENT REWARD: -0.062063766517475284
G:494, BEST PARAMS, BEST REWARD: -0.062063766517475284, CURRENT REWARD: -0.062063766517475284
G:495, BEST PARAMS, BEST REWARD: -0.062063766517475284, CURRENT REWARD: -0.062063766517475284
G:496, BEST PARAMS, BEST REWARD: -0.062063766517475284, CURRENT REWARD: -0.062063766517475284
G:497, BEST PARAMS, BEST REWARD: -0.062063766517475284, CURRENT REWARD: -0.062063766517475284
G:498, BEST PARAMS, BEST REWARD: -0.062063766517475284, CURRENT REWARD: -0.062063766517475284
G:499, BEST PARAMS, BEST REWARD: -0.062063766517475284, CURRENT REWARD: -0.062063766517475284
P: [[[[0 0 0]
   [0 1 0]
   [0 0 0]]

  [[0 1 0]
   [1 0 1]
   [0 1 0]]]


 [[[0 0 0]
   [0 0 0]
   [0 0 1]]

  [[0 0 1]
   [0 0 0]
   [0 0 0]]]


 [[[0 0 1]
   [0 0 0]
   [0 0 0]]

  [[1 0 0]
   [0 0 0]
   [0 0 1]]]


 [[[0 1 1]
   [0 0 0]
   [0 0 0]]

  [[1 0 0]
   [0 0 0]
   [0 0 0]]]


 [[[0 0 1]
   [0 0 1]
   [0 0 0]]

  [[0 0 0]
   [0 0 0]
   [0 0 1]]]


 [[[0 0 0]
   [0 0 0]
   [0 0 0]]

  [[0 0 0]
   [0 0 0]
   [0 0 0]]]


 [[[0 0 0]
   [0 0 1]
   [0 0 0]]

  [[0 0 0]
   [0 0 0]
   [0 0 0]]]


 [[[0 0 0]
   [0 0 0]
   [0 0 0]]

  [[0 0 0]
   [0 0 0]
   [0 0 0]]]]
[[0 0 0 0 0 0 0]
 [0 0 0 1 0 0 0]
 [0 0 0 1 0 0 0]
 [1 1 1 1 1 0 0]
 [0 0 0 1 0 0 0]
 [0 0 0 1 0 0 0]
 [0 0 0 1 0 0 0]]
GIF saved as EXP/Run_2/animation.gif
