/home/nbes/LCA/Visuals.py:32: MatplotlibDeprecationWarning: Adding an axes using the same arguments as a previous axes currently reuses the earlier instance.  In a future version, a new instance will always be created and returned.  Meanwhile, this warning can be suppressed, and the future behavior ensured, by passing a unique label to each axes instance.
  fig.add_axes(ax)
(50_w,100)-aCMA-ES (mu_w=27.0,w_1=8%) in dimension 180 (seed=739435, Wed Sep 18 09:58:44 2024)
G:0, BEST PARAMS, BEST REWARD: 0.007390599995563293, CURRENT REWARD: 0.007390599995563293
G:1, BEST PARAMS, BEST REWARD: 0.007390599995563293, CURRENT REWARD: 0.007390599995563293
G:2, BEST PARAMS, BEST REWARD: 0.007390599995563293, CURRENT REWARD: 0.007390599995563293
G:3, BEST PARAMS, BEST REWARD: 0.007390599995563293, CURRENT REWARD: 0.007390599995563293
G:4, BEST PARAMS, BEST REWARD: 0.007390599995563293, CURRENT REWARD: 0.007390599995563293
G:5, BEST PARAMS, BEST REWARD: 0.010285739874969488, CURRENT REWARD: 0.010285739874969488
G:6, BEST PARAMS, BEST REWARD: 0.010285739874969488, CURRENT REWARD: 0.010285739874969488
G:7, BEST PARAMS, BEST REWARD: 0.010285739874969488, CURRENT REWARD: 0.010285739874969488
G:8, BEST PARAMS, BEST REWARD: 0.010285739874969488, CURRENT REWARD: 0.010285739874969488
G:9, BEST PARAMS, BEST REWARD: 0.010285739874969488, CURRENT REWARD: 0.010285739874969488
G:10, BEST PARAMS, BEST REWARD: 0.010285739874969488, CURRENT REWARD: 0.010285739874969488
G:11, BEST PARAMS, BEST REWARD: 0.010285739874969488, CURRENT REWARD: 0.010285739874969488
G:12, BEST PARAMS, BEST REWARD: 0.010285739874969488, CURRENT REWARD: 0.010285739874969488
G:13, BEST PARAMS, BEST REWARD: 0.010285739874969488, CURRENT REWARD: 0.010285739874969488
G:14, BEST PARAMS, BEST REWARD: 0.012458758330293734, CURRENT REWARD: 0.012458758330293734
G:15, BEST PARAMS, BEST REWARD: 0.012458758330293734, CURRENT REWARD: 0.012458758330293734
G:16, BEST PARAMS, BEST REWARD: 0.012458758330293734, CURRENT REWARD: 0.012458758330293734
G:17, BEST PARAMS, BEST REWARD: 0.012458758330293734, CURRENT REWARD: 0.012458758330293734
G:18, BEST PARAMS, BEST REWARD: 0.012458758330293734, CURRENT REWARD: 0.012458758330293734
G:19, BEST PARAMS, BEST REWARD: 0.012458758330293734, CURRENT REWARD: 0.012458758330293734
G:20, BEST PARAMS, BEST REWARD: 0.012458758330293734, CURRENT REWARD: 0.012458758330293734
G:21, BEST PARAMS, BEST REWARD: 0.012458758330293734, CURRENT REWARD: 0.012458758330293734
G:22, BEST PARAMS, BEST REWARD: 0.012458758330293734, CURRENT REWARD: 0.012458758330293734
G:23, BEST PARAMS, BEST REWARD: 0.012458758330293734, CURRENT REWARD: 0.012458758330293734
G:24, BEST PARAMS, BEST REWARD: 0.012458758330293734, CURRENT REWARD: 0.012458758330293734
G:25, BEST PARAMS, BEST REWARD: 0.012458758330293734, CURRENT REWARD: 0.012458758330293734
G:26, BEST PARAMS, BEST REWARD: 0.012458758330293734, CURRENT REWARD: 0.012458758330293734
G:27, BEST PARAMS, BEST REWARD: 0.012458758330293734, CURRENT REWARD: 0.012458758330293734
G:28, BEST PARAMS, BEST REWARD: 0.01763872255529468, CURRENT REWARD: 0.01763872255529468
G:29, BEST PARAMS, BEST REWARD: 0.01763872255529468, CURRENT REWARD: 0.01763872255529468
G:30, BEST PARAMS, BEST REWARD: 0.01763872255529468, CURRENT REWARD: 0.01763872255529468
G:31, BEST PARAMS, BEST REWARD: 0.01763872255529468, CURRENT REWARD: 0.01763872255529468
G:32, BEST PARAMS, BEST REWARD: 0.01763872255529468, CURRENT REWARD: 0.01763872255529468
G:33, BEST PARAMS, BEST REWARD: 0.01763872255529468, CURRENT REWARD: 0.01763872255529468
G:34, BEST PARAMS, BEST REWARD: 0.01763872255529468, CURRENT REWARD: 0.01763872255529468
G:35, BEST PARAMS, BEST REWARD: 0.01763872255529468, CURRENT REWARD: 0.01763872255529468
G:36, BEST PARAMS, BEST REWARD: 0.01763872255529468, CURRENT REWARD: 0.01763872255529468
G:37, BEST PARAMS, BEST REWARD: 0.01763872255529468, CURRENT REWARD: 0.01763872255529468
G:38, BEST PARAMS, BEST REWARD: 0.01763872255529468, CURRENT REWARD: 0.01763872255529468
G:39, BEST PARAMS, BEST REWARD: 0.01763872255529468, CURRENT REWARD: 0.01763872255529468
G:40, BEST PARAMS, BEST REWARD: 0.01763872255529468, CURRENT REWARD: 0.01763872255529468
G:41, BEST PARAMS, BEST REWARD: 0.01763872255529468, CURRENT REWARD: 0.01763872255529468
G:42, BEST PARAMS, BEST REWARD: 0.01763872255529468, CURRENT REWARD: 0.01763872255529468
G:43, BEST PARAMS, BEST REWARD: 0.01763872255529468, CURRENT REWARD: 0.01763872255529468
G:44, BEST PARAMS, BEST REWARD: 0.01763872255529468, CURRENT REWARD: 0.01763872255529468
G:45, BEST PARAMS, BEST REWARD: 0.01763872255529468, CURRENT REWARD: 0.01763872255529468
G:46, BEST PARAMS, BEST REWARD: 0.01763872255529468, CURRENT REWARD: 0.01763872255529468
G:47, BEST PARAMS, BEST REWARD: 0.01763872255529468, CURRENT REWARD: 0.01763872255529468
G:48, BEST PARAMS, BEST REWARD: 0.01763872255529468, CURRENT REWARD: 0.01763872255529468
G:49, BEST PARAMS, BEST REWARD: 0.01763872255529468, CURRENT REWARD: 0.01763872255529468
G:50, BEST PARAMS, BEST REWARD: 0.01763872255529468, CURRENT REWARD: 0.01763872255529468
G:51, BEST PARAMS, BEST REWARD: 0.01763872255529468, CURRENT REWARD: 0.01763872255529468
G:52, BEST PARAMS, BEST REWARD: 0.01763872255529468, CURRENT REWARD: 0.01763872255529468
G:53, BEST PARAMS, BEST REWARD: 0.01763872255529468, CURRENT REWARD: 0.01763872255529468
G:54, BEST PARAMS, BEST REWARD: 0.01763872255529468, CURRENT REWARD: 0.01763872255529468
G:55, BEST PARAMS, BEST REWARD: 0.01763872255529468, CURRENT REWARD: 0.01763872255529468
G:56, BEST PARAMS, BEST REWARD: 0.01763872255529468, CURRENT REWARD: 0.01763872255529468
G:57, BEST PARAMS, BEST REWARD: 0.01763872255529468, CURRENT REWARD: 0.01763872255529468
G:58, BEST PARAMS, BEST REWARD: 0.01763872255529468, CURRENT REWARD: 0.01763872255529468
G:59, BEST PARAMS, BEST REWARD: 0.01763872255529468, CURRENT REWARD: 0.01763872255529468
G:60, BEST PARAMS, BEST REWARD: 0.01763872255529468, CURRENT REWARD: 0.01763872255529468
G:61, BEST PARAMS, BEST REWARD: 0.01763872255529468, CURRENT REWARD: 0.01763872255529468
G:62, BEST PARAMS, BEST REWARD: 0.01763872255529468, CURRENT REWARD: 0.01763872255529468
G:63, BEST PARAMS, BEST REWARD: 0.01763872255529468, CURRENT REWARD: 0.01763872255529468
G:64, BEST PARAMS, BEST REWARD: 0.01763872255529468, CURRENT REWARD: 0.01763872255529468
G:65, BEST PARAMS, BEST REWARD: 0.01763872255529468, CURRENT REWARD: 0.01763872255529468
G:66, BEST PARAMS, BEST REWARD: 0.01763872255529468, CURRENT REWARD: 0.01763872255529468
G:67, BEST PARAMS, BEST REWARD: 0.01763872255529468, CURRENT REWARD: 0.01763872255529468
G:68, BEST PARAMS, BEST REWARD: 0.01763872255529468, CURRENT REWARD: 0.01763872255529468
G:69, BEST PARAMS, BEST REWARD: 0.01763872255529468, CURRENT REWARD: 0.01763872255529468
G:70, BEST PARAMS, BEST REWARD: 0.01763872255529468, CURRENT REWARD: 0.01763872255529468
G:71, BEST PARAMS, BEST REWARD: 0.01763872255529468, CURRENT REWARD: 0.01763872255529468
G:72, BEST PARAMS, BEST REWARD: 0.01763872255529468, CURRENT REWARD: 0.01763872255529468
G:73, BEST PARAMS, BEST REWARD: 0.01763872255529468, CURRENT REWARD: 0.01763872255529468
G:74, BEST PARAMS, BEST REWARD: 0.01763872255529468, CURRENT REWARD: 0.01763872255529468
G:75, BEST PARAMS, BEST REWARD: 0.01763872255529468, CURRENT REWARD: 0.01763872255529468
G:76, BEST PARAMS, BEST REWARD: 0.01763872255529468, CURRENT REWARD: 0.01763872255529468
G:77, BEST PARAMS, BEST REWARD: 0.01763872255529468, CURRENT REWARD: 0.01763872255529468
G:78, BEST PARAMS, BEST REWARD: 0.01763872255529468, CURRENT REWARD: 0.01763872255529468
G:79, BEST PARAMS, BEST REWARD: 0.01763872255529468, CURRENT REWARD: 0.01763872255529468
G:80, BEST PARAMS, BEST REWARD: 0.01763872255529468, CURRENT REWARD: 0.01763872255529468
G:81, BEST PARAMS, BEST REWARD: 0.01763872255529468, CURRENT REWARD: 0.01763872255529468
G:82, BEST PARAMS, BEST REWARD: 0.01763872255529468, CURRENT REWARD: 0.01763872255529468
G:83, BEST PARAMS, BEST REWARD: 0.01763872255529468, CURRENT REWARD: 0.01763872255529468
G:84, BEST PARAMS, BEST REWARD: 0.01763872255529468, CURRENT REWARD: 0.01763872255529468
G:85, BEST PARAMS, BEST REWARD: 0.01763872255529468, CURRENT REWARD: 0.01763872255529468
G:86, BEST PARAMS, BEST REWARD: 0.01763872255529468, CURRENT REWARD: 0.01763872255529468
G:87, BEST PARAMS, BEST REWARD: 0.01763872255529468, CURRENT REWARD: 0.01763872255529468
G:88, BEST PARAMS, BEST REWARD: 0.01763872255529468, CURRENT REWARD: 0.01763872255529468
G:89, BEST PARAMS, BEST REWARD: 0.01763872255529468, CURRENT REWARD: 0.01763872255529468
G:90, BEST PARAMS, BEST REWARD: 0.01763872255529468, CURRENT REWARD: 0.01763872255529468
G:91, BEST PARAMS, BEST REWARD: 0.01763872255529468, CURRENT REWARD: 0.01763872255529468
G:92, BEST PARAMS, BEST REWARD: 0.01763872255529468, CURRENT REWARD: 0.01763872255529468
G:93, BEST PARAMS, BEST REWARD: 0.01763872255529468, CURRENT REWARD: 0.01763872255529468
G:94, BEST PARAMS, BEST REWARD: 0.01763872255529468, CURRENT REWARD: 0.01763872255529468
G:95, BEST PARAMS, BEST REWARD: 0.01763872255529468, CURRENT REWARD: 0.01763872255529468
G:96, BEST PARAMS, BEST REWARD: 0.01763872255529468, CURRENT REWARD: 0.01763872255529468
G:97, BEST PARAMS, BEST REWARD: 0.01763872255529468, CURRENT REWARD: 0.01763872255529468
G:98, BEST PARAMS, BEST REWARD: 0.01763872255529468, CURRENT REWARD: 0.01763872255529468
G:99, BEST PARAMS, BEST REWARD: 0.01763872255529468, CURRENT REWARD: 0.01763872255529468
G:100, BEST PARAMS, BEST REWARD: 0.01763872255529468, CURRENT REWARD: 0.01763872255529468
G:101, BEST PARAMS, BEST REWARD: 0.01763872255529468, CURRENT REWARD: 0.01763872255529468
G:102, BEST PARAMS, BEST REWARD: 0.01763872255529468, CURRENT REWARD: 0.01763872255529468
G:103, BEST PARAMS, BEST REWARD: 0.01763872255529468, CURRENT REWARD: 0.01763872255529468
G:104, BEST PARAMS, BEST REWARD: 0.01763872255529468, CURRENT REWARD: 0.01763872255529468
G:105, BEST PARAMS, BEST REWARD: 0.01763872255529468, CURRENT REWARD: 0.01763872255529468
G:106, BEST PARAMS, BEST REWARD: 0.01763872255529468, CURRENT REWARD: 0.01763872255529468
G:107, BEST PARAMS, BEST REWARD: 0.01763872255529468, CURRENT REWARD: 0.01763872255529468
G:108, BEST PARAMS, BEST REWARD: 0.01763872255529468, CURRENT REWARD: 0.01763872255529468
G:109, BEST PARAMS, BEST REWARD: 0.01763872255529468, CURRENT REWARD: 0.01763872255529468
G:110, BEST PARAMS, BEST REWARD: 0.01763872255529468, CURRENT REWARD: 0.01763872255529468
G:111, BEST PARAMS, BEST REWARD: 0.01763872255529468, CURRENT REWARD: 0.01763872255529468
G:112, BEST PARAMS, BEST REWARD: 0.01763872255529468, CURRENT REWARD: 0.01763872255529468
G:113, BEST PARAMS, BEST REWARD: 0.01763872255529468, CURRENT REWARD: 0.01763872255529468
G:114, BEST PARAMS, BEST REWARD: 0.01763872255529468, CURRENT REWARD: 0.01763872255529468
G:115, BEST PARAMS, BEST REWARD: 0.01763872255529468, CURRENT REWARD: 0.01763872255529468
G:116, BEST PARAMS, BEST REWARD: 0.01763872255529468, CURRENT REWARD: 0.01763872255529468
G:117, BEST PARAMS, BEST REWARD: 0.01763872255529468, CURRENT REWARD: 0.01763872255529468
G:118, BEST PARAMS, BEST REWARD: 0.01763872255529468, CURRENT REWARD: 0.01763872255529468
G:119, BEST PARAMS, BEST REWARD: 0.01763872255529468, CURRENT REWARD: 0.01763872255529468
G:120, BEST PARAMS, BEST REWARD: 0.01763872255529468, CURRENT REWARD: 0.01763872255529468
G:121, BEST PARAMS, BEST REWARD: 0.01763872255529468, CURRENT REWARD: 0.01763872255529468
G:122, BEST PARAMS, BEST REWARD: 0.01763872255529468, CURRENT REWARD: 0.01763872255529468
G:123, BEST PARAMS, BEST REWARD: 0.01763872255529468, CURRENT REWARD: 0.01763872255529468
G:124, BEST PARAMS, BEST REWARD: 0.01763872255529468, CURRENT REWARD: 0.01763872255529468
G:125, BEST PARAMS, BEST REWARD: 0.01763872255529468, CURRENT REWARD: 0.01763872255529468
G:126, BEST PARAMS, BEST REWARD: 0.01763872255529468, CURRENT REWARD: 0.01763872255529468
G:127, BEST PARAMS, BEST REWARD: 0.01763872255529468, CURRENT REWARD: 0.01763872255529468
G:128, BEST PARAMS, BEST REWARD: 0.01763872255529468, CURRENT REWARD: 0.01763872255529468
G:129, BEST PARAMS, BEST REWARD: 0.01763872255529468, CURRENT REWARD: 0.01763872255529468
G:130, BEST PARAMS, BEST REWARD: 0.01763872255529468, CURRENT REWARD: 0.01763872255529468
G:131, BEST PARAMS, BEST REWARD: 0.01763872255529468, CURRENT REWARD: 0.01763872255529468
G:132, BEST PARAMS, BEST REWARD: 0.01763872255529468, CURRENT REWARD: 0.01763872255529468
G:133, BEST PARAMS, BEST REWARD: 0.01763872255529468, CURRENT REWARD: 0.01763872255529468
G:134, BEST PARAMS, BEST REWARD: 0.01763872255529468, CURRENT REWARD: 0.01763872255529468
G:135, BEST PARAMS, BEST REWARD: 0.01763872255529468, CURRENT REWARD: 0.01763872255529468
G:136, BEST PARAMS, BEST REWARD: 0.01763872255529468, CURRENT REWARD: 0.01763872255529468
G:137, BEST PARAMS, BEST REWARD: 0.01763872255529468, CURRENT REWARD: 0.01763872255529468
G:138, BEST PARAMS, BEST REWARD: 0.01763872255529468, CURRENT REWARD: 0.01763872255529468
G:139, BEST PARAMS, BEST REWARD: 0.01763872255529468, CURRENT REWARD: 0.01763872255529468
G:140, BEST PARAMS, BEST REWARD: 0.01763872255529468, CURRENT REWARD: 0.01763872255529468
G:141, BEST PARAMS, BEST REWARD: 0.01763872255529468, CURRENT REWARD: 0.01763872255529468
G:142, BEST PARAMS, BEST REWARD: 0.01763872255529468, CURRENT REWARD: 0.01763872255529468
G:143, BEST PARAMS, BEST REWARD: 0.01763872255529468, CURRENT REWARD: 0.01763872255529468
G:144, BEST PARAMS, BEST REWARD: 0.01763872255529468, CURRENT REWARD: 0.01763872255529468
G:145, BEST PARAMS, BEST REWARD: 0.01763872255529468, CURRENT REWARD: 0.01763872255529468
G:146, BEST PARAMS, BEST REWARD: 0.01763872255529468, CURRENT REWARD: 0.01763872255529468
G:147, BEST PARAMS, BEST REWARD: 0.01763872255529468, CURRENT REWARD: 0.01763872255529468
G:148, BEST PARAMS, BEST REWARD: 0.01763872255529468, CURRENT REWARD: 0.01763872255529468
G:149, BEST PARAMS, BEST REWARD: 0.01763872255529468, CURRENT REWARD: 0.01763872255529468
G:150, BEST PARAMS, BEST REWARD: 0.01763872255529468, CURRENT REWARD: 0.01763872255529468
G:151, BEST PARAMS, BEST REWARD: 0.01763872255529468, CURRENT REWARD: 0.01763872255529468
G:152, BEST PARAMS, BEST REWARD: 0.01763872255529468, CURRENT REWARD: 0.01763872255529468
G:153, BEST PARAMS, BEST REWARD: 0.01763872255529468, CURRENT REWARD: 0.01763872255529468
G:154, BEST PARAMS, BEST REWARD: 0.01763872255529468, CURRENT REWARD: 0.01763872255529468
G:155, BEST PARAMS, BEST REWARD: 0.01763872255529468, CURRENT REWARD: 0.01763872255529468
G:156, BEST PARAMS, BEST REWARD: 0.01763872255529468, CURRENT REWARD: 0.01763872255529468
G:157, BEST PARAMS, BEST REWARD: 0.01763872255529468, CURRENT REWARD: 0.01763872255529468
G:158, BEST PARAMS, BEST REWARD: 0.01763872255529468, CURRENT REWARD: 0.01763872255529468
G:159, BEST PARAMS, BEST REWARD: 0.01763872255529468, CURRENT REWARD: 0.01763872255529468
G:160, BEST PARAMS, BEST REWARD: 0.01763872255529468, CURRENT REWARD: 0.01763872255529468
G:161, BEST PARAMS, BEST REWARD: 0.01763872255529468, CURRENT REWARD: 0.01763872255529468
G:162, BEST PARAMS, BEST REWARD: 0.01763872255529468, CURRENT REWARD: 0.01763872255529468
G:163, BEST PARAMS, BEST REWARD: 0.01763872255529468, CURRENT REWARD: 0.01763872255529468
G:164, BEST PARAMS, BEST REWARD: 0.01763872255529468, CURRENT REWARD: 0.01763872255529468
G:165, BEST PARAMS, BEST REWARD: 0.01763872255529468, CURRENT REWARD: 0.01763872255529468
G:166, BEST PARAMS, BEST REWARD: 0.01763872255529468, CURRENT REWARD: 0.01763872255529468
G:167, BEST PARAMS, BEST REWARD: 0.01763872255529468, CURRENT REWARD: 0.01763872255529468
G:168, BEST PARAMS, BEST REWARD: 0.01763872255529468, CURRENT REWARD: 0.01763872255529468
G:169, BEST PARAMS, BEST REWARD: 0.01763872255529468, CURRENT REWARD: 0.01763872255529468
G:170, BEST PARAMS, BEST REWARD: 0.01763872255529468, CURRENT REWARD: 0.01763872255529468
G:171, BEST PARAMS, BEST REWARD: 0.01763872255529468, CURRENT REWARD: 0.01763872255529468
G:172, BEST PARAMS, BEST REWARD: 0.01763872255529468, CURRENT REWARD: 0.01763872255529468
G:173, BEST PARAMS, BEST REWARD: 0.01763872255529468, CURRENT REWARD: 0.01763872255529468
G:174, BEST PARAMS, BEST REWARD: 0.01763872255529468, CURRENT REWARD: 0.01763872255529468
G:175, BEST PARAMS, BEST REWARD: 0.01763872255529468, CURRENT REWARD: 0.01763872255529468
G:176, BEST PARAMS, BEST REWARD: 0.01763872255529468, CURRENT REWARD: 0.01763872255529468
G:177, BEST PARAMS, BEST REWARD: 0.01763872255529468, CURRENT REWARD: 0.01763872255529468
G:178, BEST PARAMS, BEST REWARD: 0.01763872255529468, CURRENT REWARD: 0.01763872255529468
G:179, BEST PARAMS, BEST REWARD: 0.01763872255529468, CURRENT REWARD: 0.01763872255529468
G:180, BEST PARAMS, BEST REWARD: 0.01763872255529468, CURRENT REWARD: 0.01763872255529468
G:181, BEST PARAMS, BEST REWARD: 0.01763872255529468, CURRENT REWARD: 0.01763872255529468
G:182, BEST PARAMS, BEST REWARD: 0.01763872255529468, CURRENT REWARD: 0.01763872255529468
G:183, BEST PARAMS, BEST REWARD: 0.01763872255529468, CURRENT REWARD: 0.01763872255529468
G:184, BEST PARAMS, BEST REWARD: 0.01763872255529468, CURRENT REWARD: 0.01763872255529468
G:185, BEST PARAMS, BEST REWARD: 0.01763872255529468, CURRENT REWARD: 0.01763872255529468
G:186, BEST PARAMS, BEST REWARD: 0.01763872255529468, CURRENT REWARD: 0.01763872255529468
G:187, BEST PARAMS, BEST REWARD: 0.01763872255529468, CURRENT REWARD: 0.01763872255529468
G:188, BEST PARAMS, BEST REWARD: 0.01763872255529468, CURRENT REWARD: 0.01763872255529468
G:189, BEST PARAMS, BEST REWARD: 0.01763872255529468, CURRENT REWARD: 0.01763872255529468
G:190, BEST PARAMS, BEST REWARD: 0.01763872255529468, CURRENT REWARD: 0.01763872255529468
G:191, BEST PARAMS, BEST REWARD: 0.01763872255529468, CURRENT REWARD: 0.01763872255529468
G:192, BEST PARAMS, BEST REWARD: 0.01763872255529468, CURRENT REWARD: 0.01763872255529468
G:193, BEST PARAMS, BEST REWARD: 0.01763872255529468, CURRENT REWARD: 0.01763872255529468
G:194, BEST PARAMS, BEST REWARD: 0.01763872255529468, CURRENT REWARD: 0.01763872255529468
G:195, BEST PARAMS, BEST REWARD: 0.01763872255529468, CURRENT REWARD: 0.01763872255529468
G:196, BEST PARAMS, BEST REWARD: 0.01763872255529468, CURRENT REWARD: 0.01763872255529468
G:197, BEST PARAMS, BEST REWARD: 0.01763872255529468, CURRENT REWARD: 0.01763872255529468
G:198, BEST PARAMS, BEST REWARD: 0.01763872255529468, CURRENT REWARD: 0.01763872255529468
G:199, BEST PARAMS, BEST REWARD: 0.01763872255529468, CURRENT REWARD: 0.01763872255529468
G:200, BEST PARAMS, BEST REWARD: 0.01763872255529468, CURRENT REWARD: 0.01763872255529468
G:201, BEST PARAMS, BEST REWARD: 0.01763872255529468, CURRENT REWARD: 0.01763872255529468
G:202, BEST PARAMS, BEST REWARD: 0.01763872255529468, CURRENT REWARD: 0.01763872255529468
G:203, BEST PARAMS, BEST REWARD: 0.01763872255529468, CURRENT REWARD: 0.01763872255529468
G:204, BEST PARAMS, BEST REWARD: 0.01763872255529468, CURRENT REWARD: 0.01763872255529468
G:205, BEST PARAMS, BEST REWARD: 0.01763872255529468, CURRENT REWARD: 0.01763872255529468
G:206, BEST PARAMS, BEST REWARD: 0.01763872255529468, CURRENT REWARD: 0.01763872255529468
G:207, BEST PARAMS, BEST REWARD: 0.01763872255529468, CURRENT REWARD: 0.01763872255529468
G:208, BEST PARAMS, BEST REWARD: 0.01763872255529468, CURRENT REWARD: 0.01763872255529468
G:209, BEST PARAMS, BEST REWARD: 0.01763872255529468, CURRENT REWARD: 0.01763872255529468
G:210, BEST PARAMS, BEST REWARD: 0.01763872255529468, CURRENT REWARD: 0.01763872255529468
G:211, BEST PARAMS, BEST REWARD: 0.01763872255529468, CURRENT REWARD: 0.01763872255529468
G:212, BEST PARAMS, BEST REWARD: 0.01763872255529468, CURRENT REWARD: 0.01763872255529468
G:213, BEST PARAMS, BEST REWARD: 0.01763872255529468, CURRENT REWARD: 0.01763872255529468
G:214, BEST PARAMS, BEST REWARD: 0.01763872255529468, CURRENT REWARD: 0.01763872255529468
G:215, BEST PARAMS, BEST REWARD: 0.01763872255529468, CURRENT REWARD: 0.01763872255529468
G:216, BEST PARAMS, BEST REWARD: 0.01763872255529468, CURRENT REWARD: 0.01763872255529468
G:217, BEST PARAMS, BEST REWARD: 0.01763872255529468, CURRENT REWARD: 0.01763872255529468
G:218, BEST PARAMS, BEST REWARD: 0.01763872255529468, CURRENT REWARD: 0.01763872255529468
G:219, BEST PARAMS, BEST REWARD: 0.01763872255529468, CURRENT REWARD: 0.01763872255529468
G:220, BEST PARAMS, BEST REWARD: 0.01763872255529468, CURRENT REWARD: 0.01763872255529468
G:221, BEST PARAMS, BEST REWARD: 0.01763872255529468, CURRENT REWARD: 0.01763872255529468
G:222, BEST PARAMS, BEST REWARD: 0.01763872255529468, CURRENT REWARD: 0.01763872255529468
G:223, BEST PARAMS, BEST REWARD: 0.01763872255529468, CURRENT REWARD: 0.01763872255529468
G:224, BEST PARAMS, BEST REWARD: 0.01763872255529468, CURRENT REWARD: 0.01763872255529468
G:225, BEST PARAMS, BEST REWARD: 0.01763872255529468, CURRENT REWARD: 0.01763872255529468
G:226, BEST PARAMS, BEST REWARD: 0.01763872255529468, CURRENT REWARD: 0.01763872255529468
G:227, BEST PARAMS, BEST REWARD: 0.01763872255529468, CURRENT REWARD: 0.01763872255529468
G:228, BEST PARAMS, BEST REWARD: 0.01763872255529468, CURRENT REWARD: 0.01763872255529468
G:229, BEST PARAMS, BEST REWARD: 0.01763872255529468, CURRENT REWARD: 0.01763872255529468
G:230, BEST PARAMS, BEST REWARD: 0.01763872255529468, CURRENT REWARD: 0.01763872255529468
G:231, BEST PARAMS, BEST REWARD: 0.01763872255529468, CURRENT REWARD: 0.01763872255529468
G:232, BEST PARAMS, BEST REWARD: 0.01763872255529468, CURRENT REWARD: 0.01763872255529468
G:233, BEST PARAMS, BEST REWARD: 0.01763872255529468, CURRENT REWARD: 0.01763872255529468
G:234, BEST PARAMS, BEST REWARD: 0.01763872255529468, CURRENT REWARD: 0.01763872255529468
G:235, BEST PARAMS, BEST REWARD: 0.01763872255529468, CURRENT REWARD: 0.01763872255529468
G:236, BEST PARAMS, BEST REWARD: 0.01763872255529468, CURRENT REWARD: 0.01763872255529468
G:237, BEST PARAMS, BEST REWARD: 0.01763872255529468, CURRENT REWARD: 0.01763872255529468
G:238, BEST PARAMS, BEST REWARD: 0.01763872255529468, CURRENT REWARD: 0.01763872255529468
G:239, BEST PARAMS, BEST REWARD: 0.01763872255529468, CURRENT REWARD: 0.01763872255529468
G:240, BEST PARAMS, BEST REWARD: 0.01763872255529468, CURRENT REWARD: 0.01763872255529468
G:241, BEST PARAMS, BEST REWARD: 0.01763872255529468, CURRENT REWARD: 0.01763872255529468
G:242, BEST PARAMS, BEST REWARD: 0.01763872255529468, CURRENT REWARD: 0.01763872255529468
G:243, BEST PARAMS, BEST REWARD: 0.01763872255529468, CURRENT REWARD: 0.01763872255529468
G:244, BEST PARAMS, BEST REWARD: 0.01763872255529468, CURRENT REWARD: 0.01763872255529468
G:245, BEST PARAMS, BEST REWARD: 0.01763872255529468, CURRENT REWARD: 0.01763872255529468
G:246, BEST PARAMS, BEST REWARD: 0.01763872255529468, CURRENT REWARD: 0.01763872255529468
G:247, BEST PARAMS, BEST REWARD: 0.01763872255529468, CURRENT REWARD: 0.01763872255529468
G:248, BEST PARAMS, BEST REWARD: 0.01763872255529468, CURRENT REWARD: 0.01763872255529468
G:249, BEST PARAMS, BEST REWARD: 0.01763872255529468, CURRENT REWARD: 0.01763872255529468
G:250, BEST PARAMS, BEST REWARD: 0.01763872255529468, CURRENT REWARD: 0.01763872255529468
G:251, BEST PARAMS, BEST REWARD: 0.01763872255529468, CURRENT REWARD: 0.01763872255529468
G:252, BEST PARAMS, BEST REWARD: 0.01763872255529468, CURRENT REWARD: 0.01763872255529468
G:253, BEST PARAMS, BEST REWARD: 0.01763872255529468, CURRENT REWARD: 0.01763872255529468
G:254, BEST PARAMS, BEST REWARD: 0.01763872255529468, CURRENT REWARD: 0.01763872255529468
G:255, BEST PARAMS, BEST REWARD: 0.01763872255529468, CURRENT REWARD: 0.01763872255529468
G:256, BEST PARAMS, BEST REWARD: 0.01763872255529468, CURRENT REWARD: 0.01763872255529468
G:257, BEST PARAMS, BEST REWARD: 0.01763872255529468, CURRENT REWARD: 0.01763872255529468
G:258, BEST PARAMS, BEST REWARD: 0.01763872255529468, CURRENT REWARD: 0.01763872255529468
G:259, BEST PARAMS, BEST REWARD: 0.01763872255529468, CURRENT REWARD: 0.01763872255529468
G:260, BEST PARAMS, BEST REWARD: 0.01763872255529468, CURRENT REWARD: 0.01763872255529468
G:261, BEST PARAMS, BEST REWARD: 0.01763872255529468, CURRENT REWARD: 0.01763872255529468
G:262, BEST PARAMS, BEST REWARD: 0.01763872255529468, CURRENT REWARD: 0.01763872255529468
G:263, BEST PARAMS, BEST REWARD: 0.01763872255529468, CURRENT REWARD: 0.01763872255529468
G:264, BEST PARAMS, BEST REWARD: 0.01763872255529468, CURRENT REWARD: 0.01763872255529468
G:265, BEST PARAMS, BEST REWARD: 0.01763872255529468, CURRENT REWARD: 0.01763872255529468
G:266, BEST PARAMS, BEST REWARD: 0.01763872255529468, CURRENT REWARD: 0.01763872255529468
G:267, BEST PARAMS, BEST REWARD: 0.01763872255529468, CURRENT REWARD: 0.01763872255529468
G:268, BEST PARAMS, BEST REWARD: 0.01763872255529468, CURRENT REWARD: 0.01763872255529468
G:269, BEST PARAMS, BEST REWARD: 0.01763872255529468, CURRENT REWARD: 0.01763872255529468
G:270, BEST PARAMS, BEST REWARD: 0.01763872255529468, CURRENT REWARD: 0.01763872255529468
G:271, BEST PARAMS, BEST REWARD: 0.01763872255529468, CURRENT REWARD: 0.01763872255529468
G:272, BEST PARAMS, BEST REWARD: 0.01763872255529468, CURRENT REWARD: 0.01763872255529468
G:273, BEST PARAMS, BEST REWARD: 0.01763872255529468, CURRENT REWARD: 0.01763872255529468
G:274, BEST PARAMS, BEST REWARD: 0.01763872255529468, CURRENT REWARD: 0.01763872255529468
G:275, BEST PARAMS, BEST REWARD: 0.01763872255529468, CURRENT REWARD: 0.01763872255529468
G:276, BEST PARAMS, BEST REWARD: 0.01763872255529468, CURRENT REWARD: 0.01763872255529468
G:277, BEST PARAMS, BEST REWARD: 0.01763872255529468, CURRENT REWARD: 0.01763872255529468
G:278, BEST PARAMS, BEST REWARD: 0.01763872255529468, CURRENT REWARD: 0.01763872255529468
G:279, BEST PARAMS, BEST REWARD: 0.01763872255529468, CURRENT REWARD: 0.01763872255529468
G:280, BEST PARAMS, BEST REWARD: 0.01763872255529468, CURRENT REWARD: 0.01763872255529468
G:281, BEST PARAMS, BEST REWARD: 0.01763872255529468, CURRENT REWARD: 0.01763872255529468
G:282, BEST PARAMS, BEST REWARD: 0.01763872255529468, CURRENT REWARD: 0.01763872255529468
G:283, BEST PARAMS, BEST REWARD: 0.01763872255529468, CURRENT REWARD: 0.01763872255529468
G:284, BEST PARAMS, BEST REWARD: 0.01763872255529468, CURRENT REWARD: 0.01763872255529468
G:285, BEST PARAMS, BEST REWARD: 0.01763872255529468, CURRENT REWARD: 0.01763872255529468
G:286, BEST PARAMS, BEST REWARD: 0.01763872255529468, CURRENT REWARD: 0.01763872255529468
G:287, BEST PARAMS, BEST REWARD: 0.01763872255529468, CURRENT REWARD: 0.01763872255529468
G:288, BEST PARAMS, BEST REWARD: 0.01763872255529468, CURRENT REWARD: 0.01763872255529468
G:289, BEST PARAMS, BEST REWARD: 0.01763872255529468, CURRENT REWARD: 0.01763872255529468
G:290, BEST PARAMS, BEST REWARD: 0.01763872255529468, CURRENT REWARD: 0.01763872255529468
G:291, BEST PARAMS, BEST REWARD: 0.01763872255529468, CURRENT REWARD: 0.01763872255529468
G:292, BEST PARAMS, BEST REWARD: 0.01763872255529468, CURRENT REWARD: 0.01763872255529468
G:293, BEST PARAMS, BEST REWARD: 0.01763872255529468, CURRENT REWARD: 0.01763872255529468
G:294, BEST PARAMS, BEST REWARD: 0.01763872255529468, CURRENT REWARD: 0.01763872255529468
G:295, BEST PARAMS, BEST REWARD: 0.01763872255529468, CURRENT REWARD: 0.01763872255529468
G:296, BEST PARAMS, BEST REWARD: 0.01763872255529468, CURRENT REWARD: 0.01763872255529468
G:297, BEST PARAMS, BEST REWARD: 0.01763872255529468, CURRENT REWARD: 0.01763872255529468
G:298, BEST PARAMS, BEST REWARD: 0.01763872255529468, CURRENT REWARD: 0.01763872255529468
G:299, BEST PARAMS, BEST REWARD: 0.01763872255529468, CURRENT REWARD: 0.01763872255529468
G:300, BEST PARAMS, BEST REWARD: 0.01763872255529468, CURRENT REWARD: 0.01763872255529468
G:301, BEST PARAMS, BEST REWARD: 0.01763872255529468, CURRENT REWARD: 0.01763872255529468
G:302, BEST PARAMS, BEST REWARD: 0.01763872255529468, CURRENT REWARD: 0.01763872255529468
G:303, BEST PARAMS, BEST REWARD: 0.01763872255529468, CURRENT REWARD: 0.01763872255529468
G:304, BEST PARAMS, BEST REWARD: 0.01763872255529468, CURRENT REWARD: 0.01763872255529468
G:305, BEST PARAMS, BEST REWARD: 0.01763872255529468, CURRENT REWARD: 0.01763872255529468
G:306, BEST PARAMS, BEST REWARD: 0.01763872255529468, CURRENT REWARD: 0.01763872255529468
G:307, BEST PARAMS, BEST REWARD: 0.01763872255529468, CURRENT REWARD: 0.01763872255529468
G:308, BEST PARAMS, BEST REWARD: 0.01763872255529468, CURRENT REWARD: 0.01763872255529468
G:309, BEST PARAMS, BEST REWARD: 0.01763872255529468, CURRENT REWARD: 0.01763872255529468
G:310, BEST PARAMS, BEST REWARD: 0.01763872255529468, CURRENT REWARD: 0.01763872255529468
G:311, BEST PARAMS, BEST REWARD: 0.01763872255529468, CURRENT REWARD: 0.01763872255529468
G:312, BEST PARAMS, BEST REWARD: 0.01763872255529468, CURRENT REWARD: 0.01763872255529468
G:313, BEST PARAMS, BEST REWARD: 0.01763872255529468, CURRENT REWARD: 0.01763872255529468
G:314, BEST PARAMS, BEST REWARD: 0.01763872255529468, CURRENT REWARD: 0.01763872255529468
G:315, BEST PARAMS, BEST REWARD: 0.01763872255529468, CURRENT REWARD: 0.01763872255529468
G:316, BEST PARAMS, BEST REWARD: 0.01763872255529468, CURRENT REWARD: 0.01763872255529468
G:317, BEST PARAMS, BEST REWARD: 0.01763872255529468, CURRENT REWARD: 0.01763872255529468
G:318, BEST PARAMS, BEST REWARD: 0.01763872255529468, CURRENT REWARD: 0.01763872255529468
G:319, BEST PARAMS, BEST REWARD: 0.01763872255529468, CURRENT REWARD: 0.01763872255529468
G:320, BEST PARAMS, BEST REWARD: 0.01763872255529468, CURRENT REWARD: 0.01763872255529468
G:321, BEST PARAMS, BEST REWARD: 0.01763872255529468, CURRENT REWARD: 0.01763872255529468
G:322, BEST PARAMS, BEST REWARD: 0.01763872255529468, CURRENT REWARD: 0.01763872255529468
G:323, BEST PARAMS, BEST REWARD: 0.01763872255529468, CURRENT REWARD: 0.01763872255529468
G:324, BEST PARAMS, BEST REWARD: 0.01763872255529468, CURRENT REWARD: 0.01763872255529468
G:325, BEST PARAMS, BEST REWARD: 0.01763872255529468, CURRENT REWARD: 0.01763872255529468
G:326, BEST PARAMS, BEST REWARD: 0.01763872255529468, CURRENT REWARD: 0.01763872255529468
G:327, BEST PARAMS, BEST REWARD: 0.01763872255529468, CURRENT REWARD: 0.01763872255529468
G:328, BEST PARAMS, BEST REWARD: 0.01763872255529468, CURRENT REWARD: 0.01763872255529468
G:329, BEST PARAMS, BEST REWARD: 0.01763872255529468, CURRENT REWARD: 0.01763872255529468
G:330, BEST PARAMS, BEST REWARD: 0.01763872255529468, CURRENT REWARD: 0.01763872255529468
G:331, BEST PARAMS, BEST REWARD: 0.01763872255529468, CURRENT REWARD: 0.01763872255529468
G:332, BEST PARAMS, BEST REWARD: 0.01763872255529468, CURRENT REWARD: 0.01763872255529468
G:333, BEST PARAMS, BEST REWARD: 0.01763872255529468, CURRENT REWARD: 0.01763872255529468
G:334, BEST PARAMS, BEST REWARD: 0.01763872255529468, CURRENT REWARD: 0.01763872255529468
G:335, BEST PARAMS, BEST REWARD: 0.01763872255529468, CURRENT REWARD: 0.01763872255529468
G:336, BEST PARAMS, BEST REWARD: 0.01763872255529468, CURRENT REWARD: 0.01763872255529468
G:337, BEST PARAMS, BEST REWARD: 0.01763872255529468, CURRENT REWARD: 0.01763872255529468
G:338, BEST PARAMS, BEST REWARD: 0.01763872255529468, CURRENT REWARD: 0.01763872255529468
G:339, BEST PARAMS, BEST REWARD: 0.01763872255529468, CURRENT REWARD: 0.01763872255529468
G:340, BEST PARAMS, BEST REWARD: 0.01763872255529468, CURRENT REWARD: 0.01763872255529468
G:341, BEST PARAMS, BEST REWARD: 0.01763872255529468, CURRENT REWARD: 0.01763872255529468
G:342, BEST PARAMS, BEST REWARD: 0.01763872255529468, CURRENT REWARD: 0.01763872255529468
G:343, BEST PARAMS, BEST REWARD: 0.01763872255529468, CURRENT REWARD: 0.01763872255529468
G:344, BEST PARAMS, BEST REWARD: 0.01763872255529468, CURRENT REWARD: 0.01763872255529468
G:345, BEST PARAMS, BEST REWARD: 0.01763872255529468, CURRENT REWARD: 0.01763872255529468
G:346, BEST PARAMS, BEST REWARD: 0.01763872255529468, CURRENT REWARD: 0.01763872255529468
G:347, BEST PARAMS, BEST REWARD: 0.01763872255529468, CURRENT REWARD: 0.01763872255529468
G:348, BEST PARAMS, BEST REWARD: 0.01763872255529468, CURRENT REWARD: 0.01763872255529468
G:349, BEST PARAMS, BEST REWARD: 0.01763872255529468, CURRENT REWARD: 0.01763872255529468
G:350, BEST PARAMS, BEST REWARD: 0.01763872255529468, CURRENT REWARD: 0.01763872255529468
G:351, BEST PARAMS, BEST REWARD: 0.01763872255529468, CURRENT REWARD: 0.01763872255529468
G:352, BEST PARAMS, BEST REWARD: 0.01763872255529468, CURRENT REWARD: 0.01763872255529468
G:353, BEST PARAMS, BEST REWARD: 0.01763872255529468, CURRENT REWARD: 0.01763872255529468
G:354, BEST PARAMS, BEST REWARD: 0.01763872255529468, CURRENT REWARD: 0.01763872255529468
G:355, BEST PARAMS, BEST REWARD: 0.01763872255529468, CURRENT REWARD: 0.01763872255529468
G:356, BEST PARAMS, BEST REWARD: 0.01763872255529468, CURRENT REWARD: 0.01763872255529468
G:357, BEST PARAMS, BEST REWARD: 0.01763872255529468, CURRENT REWARD: 0.01763872255529468
G:358, BEST PARAMS, BEST REWARD: 0.01763872255529468, CURRENT REWARD: 0.01763872255529468
G:359, BEST PARAMS, BEST REWARD: 0.01763872255529468, CURRENT REWARD: 0.01763872255529468
G:360, BEST PARAMS, BEST REWARD: 0.01763872255529468, CURRENT REWARD: 0.01763872255529468
G:361, BEST PARAMS, BEST REWARD: 0.01763872255529468, CURRENT REWARD: 0.01763872255529468
G:362, BEST PARAMS, BEST REWARD: 0.01763872255529468, CURRENT REWARD: 0.01763872255529468
G:363, BEST PARAMS, BEST REWARD: 0.01763872255529468, CURRENT REWARD: 0.01763872255529468
G:364, BEST PARAMS, BEST REWARD: 0.01763872255529468, CURRENT REWARD: 0.01763872255529468
G:365, BEST PARAMS, BEST REWARD: 0.01763872255529468, CURRENT REWARD: 0.01763872255529468
G:366, BEST PARAMS, BEST REWARD: 0.01763872255529468, CURRENT REWARD: 0.01763872255529468
G:367, BEST PARAMS, BEST REWARD: 0.01763872255529468, CURRENT REWARD: 0.01763872255529468
G:368, BEST PARAMS, BEST REWARD: 0.01763872255529468, CURRENT REWARD: 0.01763872255529468
G:369, BEST PARAMS, BEST REWARD: 0.01763872255529468, CURRENT REWARD: 0.01763872255529468
G:370, BEST PARAMS, BEST REWARD: 0.01763872255529468, CURRENT REWARD: 0.01763872255529468
G:371, BEST PARAMS, BEST REWARD: 0.01763872255529468, CURRENT REWARD: 0.01763872255529468
G:372, BEST PARAMS, BEST REWARD: 0.01763872255529468, CURRENT REWARD: 0.01763872255529468
G:373, BEST PARAMS, BEST REWARD: 0.01763872255529468, CURRENT REWARD: 0.01763872255529468
G:374, BEST PARAMS, BEST REWARD: 0.01763872255529468, CURRENT REWARD: 0.01763872255529468
G:375, BEST PARAMS, BEST REWARD: 0.01763872255529468, CURRENT REWARD: 0.01763872255529468
G:376, BEST PARAMS, BEST REWARD: 0.01763872255529468, CURRENT REWARD: 0.01763872255529468
G:377, BEST PARAMS, BEST REWARD: 0.01763872255529468, CURRENT REWARD: 0.01763872255529468
G:378, BEST PARAMS, BEST REWARD: 0.01763872255529468, CURRENT REWARD: 0.01763872255529468
G:379, BEST PARAMS, BEST REWARD: 0.01763872255529468, CURRENT REWARD: 0.01763872255529468
G:380, BEST PARAMS, BEST REWARD: 0.01763872255529468, CURRENT REWARD: 0.01763872255529468
G:381, BEST PARAMS, BEST REWARD: 0.01763872255529468, CURRENT REWARD: 0.01763872255529468
G:382, BEST PARAMS, BEST REWARD: 0.01763872255529468, CURRENT REWARD: 0.01763872255529468
G:383, BEST PARAMS, BEST REWARD: 0.01763872255529468, CURRENT REWARD: 0.01763872255529468
G:384, BEST PARAMS, BEST REWARD: 0.01763872255529468, CURRENT REWARD: 0.01763872255529468
G:385, BEST PARAMS, BEST REWARD: 0.01763872255529468, CURRENT REWARD: 0.01763872255529468
G:386, BEST PARAMS, BEST REWARD: 0.01763872255529468, CURRENT REWARD: 0.01763872255529468
G:387, BEST PARAMS, BEST REWARD: 0.01763872255529468, CURRENT REWARD: 0.01763872255529468
G:388, BEST PARAMS, BEST REWARD: 0.01763872255529468, CURRENT REWARD: 0.01763872255529468
G:389, BEST PARAMS, BEST REWARD: 0.01763872255529468, CURRENT REWARD: 0.01763872255529468
G:390, BEST PARAMS, BEST REWARD: 0.01763872255529468, CURRENT REWARD: 0.01763872255529468
G:391, BEST PARAMS, BEST REWARD: 0.01763872255529468, CURRENT REWARD: 0.01763872255529468
G:392, BEST PARAMS, BEST REWARD: 0.01763872255529468, CURRENT REWARD: 0.01763872255529468
G:393, BEST PARAMS, BEST REWARD: 0.01763872255529468, CURRENT REWARD: 0.01763872255529468
G:394, BEST PARAMS, BEST REWARD: 0.01763872255529468, CURRENT REWARD: 0.01763872255529468
G:395, BEST PARAMS, BEST REWARD: 0.01763872255529468, CURRENT REWARD: 0.01763872255529468
G:396, BEST PARAMS, BEST REWARD: 0.01763872255529468, CURRENT REWARD: 0.01763872255529468
G:397, BEST PARAMS, BEST REWARD: 0.01763872255529468, CURRENT REWARD: 0.01763872255529468
G:398, BEST PARAMS, BEST REWARD: 0.01763872255529468, CURRENT REWARD: 0.01763872255529468
G:399, BEST PARAMS, BEST REWARD: 0.01763872255529468, CURRENT REWARD: 0.01763872255529468
G:400, BEST PARAMS, BEST REWARD: 0.01763872255529468, CURRENT REWARD: 0.01763872255529468
G:401, BEST PARAMS, BEST REWARD: 0.01763872255529468, CURRENT REWARD: 0.01763872255529468
G:402, BEST PARAMS, BEST REWARD: 0.01763872255529468, CURRENT REWARD: 0.01763872255529468
G:403, BEST PARAMS, BEST REWARD: 0.01763872255529468, CURRENT REWARD: 0.01763872255529468
G:404, BEST PARAMS, BEST REWARD: 0.01763872255529468, CURRENT REWARD: 0.01763872255529468
G:405, BEST PARAMS, BEST REWARD: 0.01763872255529468, CURRENT REWARD: 0.01763872255529468
G:406, BEST PARAMS, BEST REWARD: 0.01763872255529468, CURRENT REWARD: 0.01763872255529468
G:407, BEST PARAMS, BEST REWARD: 0.01763872255529468, CURRENT REWARD: 0.01763872255529468
G:408, BEST PARAMS, BEST REWARD: 0.01763872255529468, CURRENT REWARD: 0.01763872255529468
G:409, BEST PARAMS, BEST REWARD: 0.01763872255529468, CURRENT REWARD: 0.01763872255529468
G:410, BEST PARAMS, BEST REWARD: 0.01763872255529468, CURRENT REWARD: 0.01763872255529468
G:411, BEST PARAMS, BEST REWARD: 0.01763872255529468, CURRENT REWARD: 0.01763872255529468
G:412, BEST PARAMS, BEST REWARD: 0.01763872255529468, CURRENT REWARD: 0.01763872255529468
G:413, BEST PARAMS, BEST REWARD: 0.01763872255529468, CURRENT REWARD: 0.01763872255529468
G:414, BEST PARAMS, BEST REWARD: 0.01763872255529468, CURRENT REWARD: 0.01763872255529468
G:415, BEST PARAMS, BEST REWARD: 0.01763872255529468, CURRENT REWARD: 0.01763872255529468
G:416, BEST PARAMS, BEST REWARD: 0.01763872255529468, CURRENT REWARD: 0.01763872255529468
G:417, BEST PARAMS, BEST REWARD: 0.01763872255529468, CURRENT REWARD: 0.01763872255529468
G:418, BEST PARAMS, BEST REWARD: 0.01763872255529468, CURRENT REWARD: 0.01763872255529468
G:419, BEST PARAMS, BEST REWARD: 0.01763872255529468, CURRENT REWARD: 0.01763872255529468
G:420, BEST PARAMS, BEST REWARD: 0.01763872255529468, CURRENT REWARD: 0.01763872255529468
G:421, BEST PARAMS, BEST REWARD: 0.01763872255529468, CURRENT REWARD: 0.01763872255529468
G:422, BEST PARAMS, BEST REWARD: 0.01763872255529468, CURRENT REWARD: 0.01763872255529468
G:423, BEST PARAMS, BEST REWARD: 0.01763872255529468, CURRENT REWARD: 0.01763872255529468
G:424, BEST PARAMS, BEST REWARD: 0.01763872255529468, CURRENT REWARD: 0.01763872255529468
G:425, BEST PARAMS, BEST REWARD: 0.01763872255529468, CURRENT REWARD: 0.01763872255529468
G:426, BEST PARAMS, BEST REWARD: 0.01763872255529468, CURRENT REWARD: 0.01763872255529468
G:427, BEST PARAMS, BEST REWARD: 0.01763872255529468, CURRENT REWARD: 0.01763872255529468
G:428, BEST PARAMS, BEST REWARD: 0.01763872255529468, CURRENT REWARD: 0.01763872255529468
G:429, BEST PARAMS, BEST REWARD: 0.01763872255529468, CURRENT REWARD: 0.01763872255529468
G:430, BEST PARAMS, BEST REWARD: 0.01763872255529468, CURRENT REWARD: 0.01763872255529468
G:431, BEST PARAMS, BEST REWARD: 0.01763872255529468, CURRENT REWARD: 0.01763872255529468
G:432, BEST PARAMS, BEST REWARD: 0.01763872255529468, CURRENT REWARD: 0.01763872255529468
G:433, BEST PARAMS, BEST REWARD: 0.01763872255529468, CURRENT REWARD: 0.01763872255529468
G:434, BEST PARAMS, BEST REWARD: 0.01763872255529468, CURRENT REWARD: 0.01763872255529468
G:435, BEST PARAMS, BEST REWARD: 0.01763872255529468, CURRENT REWARD: 0.01763872255529468
G:436, BEST PARAMS, BEST REWARD: 0.01763872255529468, CURRENT REWARD: 0.01763872255529468
G:437, BEST PARAMS, BEST REWARD: 0.01763872255529468, CURRENT REWARD: 0.01763872255529468
G:438, BEST PARAMS, BEST REWARD: 0.01763872255529468, CURRENT REWARD: 0.01763872255529468
G:439, BEST PARAMS, BEST REWARD: 0.01763872255529468, CURRENT REWARD: 0.01763872255529468
G:440, BEST PARAMS, BEST REWARD: 0.01763872255529468, CURRENT REWARD: 0.01763872255529468
G:441, BEST PARAMS, BEST REWARD: 0.01763872255529468, CURRENT REWARD: 0.01763872255529468
G:442, BEST PARAMS, BEST REWARD: 0.01763872255529468, CURRENT REWARD: 0.01763872255529468
G:443, BEST PARAMS, BEST REWARD: 0.01763872255529468, CURRENT REWARD: 0.01763872255529468
G:444, BEST PARAMS, BEST REWARD: 0.01763872255529468, CURRENT REWARD: 0.01763872255529468
G:445, BEST PARAMS, BEST REWARD: 0.01763872255529468, CURRENT REWARD: 0.01763872255529468
G:446, BEST PARAMS, BEST REWARD: 0.01763872255529468, CURRENT REWARD: 0.01763872255529468
G:447, BEST PARAMS, BEST REWARD: 0.01763872255529468, CURRENT REWARD: 0.01763872255529468
G:448, BEST PARAMS, BEST REWARD: 0.01763872255529468, CURRENT REWARD: 0.01763872255529468
G:449, BEST PARAMS, BEST REWARD: 0.01763872255529468, CURRENT REWARD: 0.01763872255529468
G:450, BEST PARAMS, BEST REWARD: 0.01763872255529468, CURRENT REWARD: 0.01763872255529468
G:451, BEST PARAMS, BEST REWARD: 0.01763872255529468, CURRENT REWARD: 0.01763872255529468
G:452, BEST PARAMS, BEST REWARD: 0.01763872255529468, CURRENT REWARD: 0.01763872255529468
G:453, BEST PARAMS, BEST REWARD: 0.01763872255529468, CURRENT REWARD: 0.01763872255529468
G:454, BEST PARAMS, BEST REWARD: 0.01763872255529468, CURRENT REWARD: 0.01763872255529468
G:455, BEST PARAMS, BEST REWARD: 0.01763872255529468, CURRENT REWARD: 0.01763872255529468
G:456, BEST PARAMS, BEST REWARD: 0.01763872255529468, CURRENT REWARD: 0.01763872255529468
G:457, BEST PARAMS, BEST REWARD: 0.01763872255529468, CURRENT REWARD: 0.01763872255529468
G:458, BEST PARAMS, BEST REWARD: 0.01763872255529468, CURRENT REWARD: 0.01763872255529468
G:459, BEST PARAMS, BEST REWARD: 0.01763872255529468, CURRENT REWARD: 0.01763872255529468
G:460, BEST PARAMS, BEST REWARD: 0.01763872255529468, CURRENT REWARD: 0.01763872255529468
G:461, BEST PARAMS, BEST REWARD: 0.01763872255529468, CURRENT REWARD: 0.01763872255529468
G:462, BEST PARAMS, BEST REWARD: 0.01763872255529468, CURRENT REWARD: 0.01763872255529468
G:463, BEST PARAMS, BEST REWARD: 0.01763872255529468, CURRENT REWARD: 0.01763872255529468
G:464, BEST PARAMS, BEST REWARD: 0.01763872255529468, CURRENT REWARD: 0.01763872255529468
G:465, BEST PARAMS, BEST REWARD: 0.01763872255529468, CURRENT REWARD: 0.01763872255529468
G:466, BEST PARAMS, BEST REWARD: 0.01763872255529468, CURRENT REWARD: 0.01763872255529468
G:467, BEST PARAMS, BEST REWARD: 0.01763872255529468, CURRENT REWARD: 0.01763872255529468
G:468, BEST PARAMS, BEST REWARD: 0.01763872255529468, CURRENT REWARD: 0.01763872255529468
G:469, BEST PARAMS, BEST REWARD: 0.01763872255529468, CURRENT REWARD: 0.01763872255529468
G:470, BEST PARAMS, BEST REWARD: 0.01763872255529468, CURRENT REWARD: 0.01763872255529468
G:471, BEST PARAMS, BEST REWARD: 0.01763872255529468, CURRENT REWARD: 0.01763872255529468
G:472, BEST PARAMS, BEST REWARD: 0.01763872255529468, CURRENT REWARD: 0.01763872255529468
G:473, BEST PARAMS, BEST REWARD: 0.01763872255529468, CURRENT REWARD: 0.01763872255529468
G:474, BEST PARAMS, BEST REWARD: 0.01763872255529468, CURRENT REWARD: 0.01763872255529468
G:475, BEST PARAMS, BEST REWARD: 0.01763872255529468, CURRENT REWARD: 0.01763872255529468
G:476, BEST PARAMS, BEST REWARD: 0.01763872255529468, CURRENT REWARD: 0.01763872255529468
G:477, BEST PARAMS, BEST REWARD: 0.01763872255529468, CURRENT REWARD: 0.01763872255529468
G:478, BEST PARAMS, BEST REWARD: 0.01763872255529468, CURRENT REWARD: 0.01763872255529468
G:479, BEST PARAMS, BEST REWARD: 0.01763872255529468, CURRENT REWARD: 0.01763872255529468
G:480, BEST PARAMS, BEST REWARD: 0.01763872255529468, CURRENT REWARD: 0.01763872255529468
G:481, BEST PARAMS, BEST REWARD: 0.01763872255529468, CURRENT REWARD: 0.01763872255529468
G:482, BEST PARAMS, BEST REWARD: 0.01763872255529468, CURRENT REWARD: 0.01763872255529468
G:483, BEST PARAMS, BEST REWARD: 0.01763872255529468, CURRENT REWARD: 0.01763872255529468
G:484, BEST PARAMS, BEST REWARD: 0.01763872255529468, CURRENT REWARD: 0.01763872255529468
G:485, BEST PARAMS, BEST REWARD: 0.01763872255529468, CURRENT REWARD: 0.01763872255529468
G:486, BEST PARAMS, BEST REWARD: 0.01763872255529468, CURRENT REWARD: 0.01763872255529468
G:487, BEST PARAMS, BEST REWARD: 0.01763872255529468, CURRENT REWARD: 0.01763872255529468
G:488, BEST PARAMS, BEST REWARD: 0.01763872255529468, CURRENT REWARD: 0.01763872255529468
G:489, BEST PARAMS, BEST REWARD: 0.01763872255529468, CURRENT REWARD: 0.01763872255529468
G:490, BEST PARAMS, BEST REWARD: 0.01763872255529468, CURRENT REWARD: 0.01763872255529468
G:491, BEST PARAMS, BEST REWARD: 0.01763872255529468, CURRENT REWARD: 0.01763872255529468
G:492, BEST PARAMS, BEST REWARD: 0.01763872255529468, CURRENT REWARD: 0.01763872255529468
G:493, BEST PARAMS, BEST REWARD: 0.01763872255529468, CURRENT REWARD: 0.01763872255529468
G:494, BEST PARAMS, BEST REWARD: 0.01763872255529468, CURRENT REWARD: 0.01763872255529468
G:495, BEST PARAMS, BEST REWARD: 0.01763872255529468, CURRENT REWARD: 0.01763872255529468
G:496, BEST PARAMS, BEST REWARD: 0.01763872255529468, CURRENT REWARD: 0.01763872255529468
G:497, BEST PARAMS, BEST REWARD: 0.01763872255529468, CURRENT REWARD: 0.01763872255529468
G:498, BEST PARAMS, BEST REWARD: 0.01763872255529468, CURRENT REWARD: 0.01763872255529468
G:499, BEST PARAMS, BEST REWARD: 0.01763872255529468, CURRENT REWARD: 0.01763872255529468
P: [[[[ 0.3   0.51 -0.2 ]
   [ 0.39 -0.99  0.32]
   [-0.17  0.73  0.19]]

  [[-0.53 -0.49  0.25]
   [ 0.14  0.62  0.71]
   [ 0.36 -0.49 -0.01]]]


 [[[ 0.49  0.09 -0.18]
   [ 0.19 -0.08 -0.2 ]
   [-0.57 -0.23 -0.6 ]]

  [[-0.1   0.22 -0.22]
   [ 0.43  0.64  0.58]
   [ 0.58  0.56 -0.26]]]


 [[[-0.2  -0.1  -0.16]
   [ 0.21  0.2   0.09]
   [ 0.43  0.64  0.19]]

  [[-0.03 -0.01  0.51]
   [ 0.33 -0.04 -0.09]
   [-0.02  0.47  0.32]]]


 [[[-0.    0.06  0.18]
   [-0.17  0.59 -0.4 ]
   [-0.22  0.    0.77]]

  [[-0.03  0.54  0.35]
   [-0.83 -0.26  0.26]
   [ 0.63  0.37  0.45]]]


 [[[-0.6  -0.25  0.08]
   [-0.53  0.31  0.61]
   [-0.81 -0.22 -0.23]]

  [[-0.43  0.1   0.86]
   [-0.11  0.37 -0.45]
   [-0.1  -0.2   0.21]]]


 [[[-0.33  0.29 -0.98]
   [-0.44 -0.32 -0.9 ]
   [-0.51 -0.99 -1.07]]

  [[ 0.42  0.08 -0.06]
   [ 0.04 -0.32  0.18]
   [ 0.09  0.2  -0.25]]]


 [[[ 0.14  0.45 -1.2 ]
   [-0.12  0.38  0.98]
   [ 0.15  0.12 -0.39]]

  [[ 0.46 -0.04  0.32]
   [-0.17  0.1  -0.29]
   [-0.31  0.44  0.03]]]


 [[[-0.2  -0.22 -0.53]
   [-0.4  -0.44 -0.24]
   [-0.35 -0.55  0.01]]

  [[-0.09 -1.66 -0.12]
   [-0.25 -0.25  0.19]
   [-0.58 -0.36  0.55]]]


 [[[-0.22  0.97 -0.27]
   [-0.19 -0.18  0.02]
   [ 0.42 -0.33  0.18]]

  [[-0.46 -0.34  0.11]
   [ 0.44 -0.23  0.49]
   [ 0.32  0.43  0.06]]]


 [[[-0.66 -0.96 -0.3 ]
   [-0.49 -0.05 -0.49]
   [-0.68 -0.49 -0.74]]

  [[ 0.12  0.04  0.09]
   [-0.17 -0.1  -0.34]
   [ 0.05 -0.08  0.92]]]]
[[0 0 0 0 1 1 1 1 0 1 1 1 1 0 0 0]
 [0 0 0 0 1 1 0 0 1 1 1 1 1 0 0 0]
 [0 0 0 0 1 1 1 1 1 1 1 1 1 0 0 0]
 [0 0 0 0 1 1 1 1 1 1 1 1 1 0 0 0]
 [0 0 0 0 1 1 1 1 1 1 1 1 1 0 0 0]
 [0 0 0 0 1 1 1 1 1 1 1 1 1 0 0 0]
 [0 0 0 0 1 1 1 1 1 1 1 1 1 0 0 0]
 [0 0 0 0 1 1 1 1 1 1 1 1 1 0 0 0]
 [0 0 0 0 0 1 1 1 1 1 1 1 1 0 0 0]
 [0 0 0 0 1 1 1 1 1 1 1 1 1 0 0 0]
 [0 0 0 0 1 1 1 1 1 1 1 1 1 0 0 0]
 [0 0 0 0 1 1 1 1 1 1 1 1 1 0 0 0]
 [0 0 0 0 1 1 1 1 1 1 1 1 1 0 0 0]
 [0 0 0 0 1 1 1 1 1 1 1 1 1 0 0 0]
 [0 0 0 0 1 1 1 0 1 1 1 1 1 0 0 0]
 [0 0 0 0 1 1 1 1 0 1 1 1 1 0 0 0]]
GIF saved as PR10POP100GEN500/Test.gif
