sed: -e expression #1, char 2: invalid usage of line address 0
[[0. 0. 0. 1. 0. 0. 0.]
 [0. 0. 0. 1. 0. 0. 0.]
 [0. 0. 0. 1. 0. 0. 0.]
 [1. 1. 1. 1. 1. 1. 1.]
 [0. 0. 0. 1. 0. 0. 0.]
 [0. 0. 0. 1. 0. 0. 0.]
 [0. 0. 0. 1. 0. 0. 0.]]
(5_w,10)-aCMA-ES (mu_w=3.2,w_1=45%) in dimension 180 (seed=306119, Wed Sep 25 12:52:22 2024)
G:0, BEST PARAMS, BEST REWARD: -0.22653394095990156, CURRENT REWARD: -0.22653394095990156
G:1, BEST PARAMS, BEST REWARD: -0.20702718465084505, CURRENT REWARD: -0.20702718465084505
G:2, BEST PARAMS, BEST REWARD: -0.18807567120424032, CURRENT REWARD: -0.18807567120424032
G:3, BEST PARAMS, BEST REWARD: -0.18802325628583239, CURRENT REWARD: -0.18802325628583239
G:4, BEST PARAMS, BEST REWARD: -0.18802325628583239, CURRENT REWARD: -0.18802325628583239
G:5, BEST PARAMS, BEST REWARD: -0.16932208937763077, CURRENT REWARD: -0.16932208937763077
G:6, BEST PARAMS, BEST REWARD: -0.16932208937763077, CURRENT REWARD: -0.16932208937763077
G:7, BEST PARAMS, BEST REWARD: -0.16932208937763077, CURRENT REWARD: -0.16932208937763077
G:8, BEST PARAMS, BEST REWARD: -0.14894471255086178, CURRENT REWARD: -0.14894471255086178
G:9, BEST PARAMS, BEST REWARD: -0.14894471255086178, CURRENT REWARD: -0.14894471255086178
G:10, BEST PARAMS, BEST REWARD: -0.14894471255086178, CURRENT REWARD: -0.14894471255086178
G:11, BEST PARAMS, BEST REWARD: -0.14894471255086178, CURRENT REWARD: -0.14894471255086178
G:12, BEST PARAMS, BEST REWARD: -0.14894471255086178, CURRENT REWARD: -0.14894471255086178
G:13, BEST PARAMS, BEST REWARD: -0.14894471255086178, CURRENT REWARD: -0.14894471255086178
G:14, BEST PARAMS, BEST REWARD: -0.14894471255086178, CURRENT REWARD: -0.14894471255086178
G:15, BEST PARAMS, BEST REWARD: -0.14894471255086178, CURRENT REWARD: -0.14894471255086178
G:16, BEST PARAMS, BEST REWARD: -0.14894471255086178, CURRENT REWARD: -0.14894471255086178
G:17, BEST PARAMS, BEST REWARD: -0.14894471255086178, CURRENT REWARD: -0.14894471255086178
G:18, BEST PARAMS, BEST REWARD: -0.14894471255086178, CURRENT REWARD: -0.14894471255086178
G:19, BEST PARAMS, BEST REWARD: -0.14894471255086178, CURRENT REWARD: -0.14894471255086178
P: [[[[ 0  0  0]
   [ 0  1  0]
   [ 0  0  0]]

  [[ 0  1  0]
   [ 0 -1  0]
   [ 0  1 -1]]]


 [[[ 0  0  1]
   [ 1  0  1]
   [ 1  0  0]]

  [[ 0  0  0]
   [ 1  0  0]
   [ 1  0  0]]]


 [[[ 1  1  1]
   [ 0  0  0]
   [ 0  0  0]]

  [[-1 -1 -1]
   [ 1  0  0]
   [ 0 -1 -1]]]


 [[[ 1  0  0]
   [ 0  0  0]
   [ 1  0  1]]

  [[-1  0  0]
   [ 1  1  1]
   [ 0  1  1]]]


 [[[ 1  0  1]
   [ 0  0  0]
   [ 1  0  0]]

  [[ 1  0  1]
   [ 1 -1  0]
   [-1  0  0]]]


 [[[ 1  0  1]
   [ 0  0  0]
   [ 0  1  0]]

  [[-1  0 -1]
   [ 1  0  0]
   [ 0  1  1]]]


 [[[ 1  1  1]
   [ 0  0  1]
   [ 1  1  0]]

  [[ 0  0  1]
   [ 0 -1  1]
   [-1  1 -1]]]


 [[[ 0  1  1]
   [ 1  0  0]
   [ 1  0  0]]

  [[ 0  0  0]
   [-1  0 -1]
   [ 0  1  1]]]


 [[[ 1  0  1]
   [ 0  0  1]
   [ 1  1  0]]

  [[ 0  1  1]
   [ 1  0  1]
   [-1  1  0]]]


 [[[ 1  0  1]
   [ 1  1  0]
   [ 0  0  1]]

  [[ 0  0  0]
   [-1 -1  0]
   [ 1  0 -1]]]]
[[0 0 0 1 0 0 0]
 [0 0 0 1 0 0 0]
 [0 0 0 1 0 0 0]
 [0 0 0 0 0 0 0]
 [0 0 0 1 0 0 0]
 [0 0 0 1 0 0 0]
 [0 0 0 1 0 0 0]]
GIF saved as EXP/Run_0/animation.gif
