[[0. 0. 0. 1. 0. 0. 0.]
 [0. 0. 0. 1. 0. 0. 0.]
 [0. 0. 0. 1. 0. 0. 0.]
 [1. 1. 1. 1. 1. 1. 1.]
 [0. 0. 0. 1. 0. 0. 0.]
 [0. 0. 0. 1. 0. 0. 0.]
 [0. 0. 0. 1. 0. 0. 0.]]
(50_w,100)-aCMA-ES (mu_w=27.0,w_1=8%) in dimension 180 (seed=357579, Wed Sep 25 12:52:24 2024)
G:0, BEST PARAMS, BEST REWARD: -0.1856050556532516, CURRENT REWARD: -0.1856050556532516
G:1, BEST PARAMS, BEST REWARD: -0.16539778657045143, CURRENT REWARD: -0.16539778657045143
G:2, BEST PARAMS, BEST REWARD: -0.16532276241290506, CURRENT REWARD: -0.16532276241290506
G:3, BEST PARAMS, BEST REWARD: -0.14464797373320873, CURRENT REWARD: -0.14464797373320873
G:4, BEST PARAMS, BEST REWARD: -0.14464797373320873, CURRENT REWARD: -0.14464797373320873
G:5, BEST PARAMS, BEST REWARD: -0.14464797373320873, CURRENT REWARD: -0.14464797373320873
G:6, BEST PARAMS, BEST REWARD: -0.14464797373320873, CURRENT REWARD: -0.14464797373320873
G:7, BEST PARAMS, BEST REWARD: -0.14464797373320873, CURRENT REWARD: -0.14464797373320873
G:8, BEST PARAMS, BEST REWARD: -0.14464797373320873, CURRENT REWARD: -0.14464797373320873
G:9, BEST PARAMS, BEST REWARD: -0.12481105540295326, CURRENT REWARD: -0.12481105540295326
G:10, BEST PARAMS, BEST REWARD: -0.12481105540295326, CURRENT REWARD: -0.12481105540295326
G:11, BEST PARAMS, BEST REWARD: -0.12481105540295326, CURRENT REWARD: -0.12481105540295326
G:12, BEST PARAMS, BEST REWARD: -0.12481105540295326, CURRENT REWARD: -0.12481105540295326
G:13, BEST PARAMS, BEST REWARD: -0.12481105540295326, CURRENT REWARD: -0.12481105540295326
G:14, BEST PARAMS, BEST REWARD: -0.12481105540295326, CURRENT REWARD: -0.12481105540295326
G:15, BEST PARAMS, BEST REWARD: -0.12481105540295326, CURRENT REWARD: -0.12481105540295326
G:16, BEST PARAMS, BEST REWARD: -0.12481105540295326, CURRENT REWARD: -0.12481105540295326
G:17, BEST PARAMS, BEST REWARD: -0.12481105540295326, CURRENT REWARD: -0.12481105540295326
G:18, BEST PARAMS, BEST REWARD: -0.12481105540295326, CURRENT REWARD: -0.12481105540295326
G:19, BEST PARAMS, BEST REWARD: -0.12481105540295326, CURRENT REWARD: -0.12481105540295326
G:20, BEST PARAMS, BEST REWARD: -0.12481105540295326, CURRENT REWARD: -0.12481105540295326
G:21, BEST PARAMS, BEST REWARD: -0.12481105540295326, CURRENT REWARD: -0.12481105540295326
G:22, BEST PARAMS, BEST REWARD: -0.12481105540295326, CURRENT REWARD: -0.12481105540295326
G:23, BEST PARAMS, BEST REWARD: -0.12481105540295326, CURRENT REWARD: -0.12481105540295326
G:24, BEST PARAMS, BEST REWARD: -0.12481105540295326, CURRENT REWARD: -0.12481105540295326
G:25, BEST PARAMS, BEST REWARD: -0.12481105540295326, CURRENT REWARD: -0.12481105540295326
G:26, BEST PARAMS, BEST REWARD: -0.12481105540295326, CURRENT REWARD: -0.12481105540295326
G:27, BEST PARAMS, BEST REWARD: -0.12481105540295326, CURRENT REWARD: -0.12481105540295326
G:28, BEST PARAMS, BEST REWARD: -0.12481105540295326, CURRENT REWARD: -0.12481105540295326
G:29, BEST PARAMS, BEST REWARD: -0.12481105540295326, CURRENT REWARD: -0.12481105540295326
G:30, BEST PARAMS, BEST REWARD: -0.12481105540295326, CURRENT REWARD: -0.12481105540295326
G:31, BEST PARAMS, BEST REWARD: -0.12481105540295326, CURRENT REWARD: -0.12481105540295326
G:32, BEST PARAMS, BEST REWARD: -0.12481105540295326, CURRENT REWARD: -0.12481105540295326
G:33, BEST PARAMS, BEST REWARD: -0.12481105540295326, CURRENT REWARD: -0.12481105540295326
G:34, BEST PARAMS, BEST REWARD: -0.12481105540295326, CURRENT REWARD: -0.12481105540295326
G:35, BEST PARAMS, BEST REWARD: -0.12481105540295326, CURRENT REWARD: -0.12481105540295326
G:36, BEST PARAMS, BEST REWARD: -0.12481105540295326, CURRENT REWARD: -0.12481105540295326
G:37, BEST PARAMS, BEST REWARD: -0.12481105540295326, CURRENT REWARD: -0.12481105540295326
G:38, BEST PARAMS, BEST REWARD: -0.12481105540295326, CURRENT REWARD: -0.12481105540295326
G:39, BEST PARAMS, BEST REWARD: -0.12481105540295326, CURRENT REWARD: -0.12481105540295326
G:40, BEST PARAMS, BEST REWARD: -0.12480439694596111, CURRENT REWARD: -0.12480439694596111
G:41, BEST PARAMS, BEST REWARD: -0.12480439694596111, CURRENT REWARD: -0.12480439694596111
G:42, BEST PARAMS, BEST REWARD: -0.1244753318611455, CURRENT REWARD: -0.1244753318611455
G:43, BEST PARAMS, BEST REWARD: -0.1244753318611455, CURRENT REWARD: -0.1244753318611455
G:44, BEST PARAMS, BEST REWARD: -0.1244753318611455, CURRENT REWARD: -0.1244753318611455
G:45, BEST PARAMS, BEST REWARD: -0.1244753318611455, CURRENT REWARD: -0.1244753318611455
G:46, BEST PARAMS, BEST REWARD: -0.10455672054656887, CURRENT REWARD: -0.10455672054656887
G:47, BEST PARAMS, BEST REWARD: -0.10455672054656887, CURRENT REWARD: -0.10455672054656887
G:48, BEST PARAMS, BEST REWARD: -0.10455672054656887, CURRENT REWARD: -0.10455672054656887
G:49, BEST PARAMS, BEST REWARD: -0.10440577789598278, CURRENT REWARD: -0.10440577789598278
G:50, BEST PARAMS, BEST REWARD: -0.10409062738211605, CURRENT REWARD: -0.10409062738211605
G:51, BEST PARAMS, BEST REWARD: -0.10409062738211605, CURRENT REWARD: -0.10409062738211605
G:52, BEST PARAMS, BEST REWARD: -0.10409062738211605, CURRENT REWARD: -0.10409062738211605
G:53, BEST PARAMS, BEST REWARD: -0.10409062738211605, CURRENT REWARD: -0.10409062738211605
G:54, BEST PARAMS, BEST REWARD: -0.10409062738211605, CURRENT REWARD: -0.10409062738211605
G:55, BEST PARAMS, BEST REWARD: -0.10409062738211605, CURRENT REWARD: -0.10409062738211605
G:56, BEST PARAMS, BEST REWARD: -0.10409062738211605, CURRENT REWARD: -0.10409062738211605
G:57, BEST PARAMS, BEST REWARD: -0.10409062738211605, CURRENT REWARD: -0.10409062738211605
G:58, BEST PARAMS, BEST REWARD: -0.10409062738211605, CURRENT REWARD: -0.10409062738211605
G:59, BEST PARAMS, BEST REWARD: -0.08406770726236236, CURRENT REWARD: -0.08406770726236236
G:60, BEST PARAMS, BEST REWARD: -0.08406770726236236, CURRENT REWARD: -0.08406770726236236
G:61, BEST PARAMS, BEST REWARD: -0.08406770726236236, CURRENT REWARD: -0.08406770726236236
G:62, BEST PARAMS, BEST REWARD: -0.08406770726236236, CURRENT REWARD: -0.08406770726236236
G:63, BEST PARAMS, BEST REWARD: -0.08406770726236236, CURRENT REWARD: -0.08406770726236236
G:64, BEST PARAMS, BEST REWARD: -0.08406770726236236, CURRENT REWARD: -0.08406770726236236
G:65, BEST PARAMS, BEST REWARD: -0.08406770726236236, CURRENT REWARD: -0.08406770726236236
G:66, BEST PARAMS, BEST REWARD: -0.08386660528190738, CURRENT REWARD: -0.08386660528190738
G:67, BEST PARAMS, BEST REWARD: -0.08386660528190738, CURRENT REWARD: -0.08386660528190738
G:68, BEST PARAMS, BEST REWARD: -0.08386660528190738, CURRENT REWARD: -0.08386660528190738
G:69, BEST PARAMS, BEST REWARD: -0.08386660528190738, CURRENT REWARD: -0.08386660528190738
G:70, BEST PARAMS, BEST REWARD: -0.08382343663487431, CURRENT REWARD: -0.08382343663487431
G:71, BEST PARAMS, BEST REWARD: -0.08382343663487431, CURRENT REWARD: -0.08382343663487431
G:72, BEST PARAMS, BEST REWARD: -0.08382343663487431, CURRENT REWARD: -0.08382343663487431
G:73, BEST PARAMS, BEST REWARD: -0.08382343663487431, CURRENT REWARD: -0.08382343663487431
G:74, BEST PARAMS, BEST REWARD: -0.08382343663487431, CURRENT REWARD: -0.08382343663487431
G:75, BEST PARAMS, BEST REWARD: -0.08369758147459622, CURRENT REWARD: -0.08369758147459622
G:76, BEST PARAMS, BEST REWARD: -0.08366343805728974, CURRENT REWARD: -0.08366343805728974
G:77, BEST PARAMS, BEST REWARD: -0.08366343805728974, CURRENT REWARD: -0.08366343805728974
G:78, BEST PARAMS, BEST REWARD: -0.08366343805728974, CURRENT REWARD: -0.08366343805728974
G:79, BEST PARAMS, BEST REWARD: -0.08356881055816089, CURRENT REWARD: -0.08356881055816089
G:80, BEST PARAMS, BEST REWARD: -0.08354537114158672, CURRENT REWARD: -0.08354537114158672
G:81, BEST PARAMS, BEST REWARD: -0.08354537114158672, CURRENT REWARD: -0.08354537114158672
G:82, BEST PARAMS, BEST REWARD: -0.08354537114158672, CURRENT REWARD: -0.08354537114158672
G:83, BEST PARAMS, BEST REWARD: -0.08354537114158672, CURRENT REWARD: -0.08354537114158672
G:84, BEST PARAMS, BEST REWARD: -0.08354537114158672, CURRENT REWARD: -0.08354537114158672
G:85, BEST PARAMS, BEST REWARD: -0.08354537114158672, CURRENT REWARD: -0.08354537114158672
G:86, BEST PARAMS, BEST REWARD: -0.08351283001410705, CURRENT REWARD: -0.08351283001410705
G:87, BEST PARAMS, BEST REWARD: -0.0834478490172673, CURRENT REWARD: -0.0834478490172673
G:88, BEST PARAMS, BEST REWARD: -0.0834478490172673, CURRENT REWARD: -0.0834478490172673
G:89, BEST PARAMS, BEST REWARD: -0.0834478490172673, CURRENT REWARD: -0.0834478490172673
G:90, BEST PARAMS, BEST REWARD: -0.08338938585063771, CURRENT REWARD: -0.08338938585063771
G:91, BEST PARAMS, BEST REWARD: -0.0833788308994843, CURRENT REWARD: -0.0833788308994843
G:92, BEST PARAMS, BEST REWARD: -0.06294427677866417, CURRENT REWARD: -0.06294427677866417
G:93, BEST PARAMS, BEST REWARD: -0.06294427677866417, CURRENT REWARD: -0.06294427677866417
G:94, BEST PARAMS, BEST REWARD: -0.06294427677866417, CURRENT REWARD: -0.06294427677866417
G:95, BEST PARAMS, BEST REWARD: -0.06294427677866417, CURRENT REWARD: -0.06294427677866417
G:96, BEST PARAMS, BEST REWARD: -0.06278426371215184, CURRENT REWARD: -0.06278426371215184
G:97, BEST PARAMS, BEST REWARD: -0.06278426371215184, CURRENT REWARD: -0.06278426371215184
G:98, BEST PARAMS, BEST REWARD: -0.04249941260342166, CURRENT REWARD: -0.04249941260342166
G:99, BEST PARAMS, BEST REWARD: -0.04249941260342166, CURRENT REWARD: -0.04249941260342166
G:100, BEST PARAMS, BEST REWARD: -0.04249941260342166, CURRENT REWARD: -0.04249941260342166
G:101, BEST PARAMS, BEST REWARD: -0.04249941260342166, CURRENT REWARD: -0.04249941260342166
G:102, BEST PARAMS, BEST REWARD: -0.04249941260342166, CURRENT REWARD: -0.04249941260342166
G:103, BEST PARAMS, BEST REWARD: -0.04249941260342166, CURRENT REWARD: -0.04249941260342166
G:104, BEST PARAMS, BEST REWARD: -0.04249941260342166, CURRENT REWARD: -0.04249941260342166
G:105, BEST PARAMS, BEST REWARD: -0.04249941260342166, CURRENT REWARD: -0.04249941260342166
G:106, BEST PARAMS, BEST REWARD: -0.04249941260342166, CURRENT REWARD: -0.04249941260342166
G:107, BEST PARAMS, BEST REWARD: -0.04249941260342166, CURRENT REWARD: -0.04249941260342166
G:108, BEST PARAMS, BEST REWARD: -0.04249941260342166, CURRENT REWARD: -0.04249941260342166
G:109, BEST PARAMS, BEST REWARD: -0.04249941260342166, CURRENT REWARD: -0.04249941260342166
G:110, BEST PARAMS, BEST REWARD: -0.04249941260342166, CURRENT REWARD: -0.04249941260342166
G:111, BEST PARAMS, BEST REWARD: -0.04249941260342166, CURRENT REWARD: -0.04249941260342166
G:112, BEST PARAMS, BEST REWARD: -0.04249941260342166, CURRENT REWARD: -0.04249941260342166
G:113, BEST PARAMS, BEST REWARD: -0.04249941260342166, CURRENT REWARD: -0.04249941260342166
G:114, BEST PARAMS, BEST REWARD: -0.042178962668650476, CURRENT REWARD: -0.042178962668650476
G:115, BEST PARAMS, BEST REWARD: -0.042178962668650476, CURRENT REWARD: -0.042178962668650476
G:116, BEST PARAMS, BEST REWARD: -0.042178962668650476, CURRENT REWARD: -0.042178962668650476
G:117, BEST PARAMS, BEST REWARD: -0.042178962668650476, CURRENT REWARD: -0.042178962668650476
G:118, BEST PARAMS, BEST REWARD: -0.042178962668650476, CURRENT REWARD: -0.042178962668650476
G:119, BEST PARAMS, BEST REWARD: -0.042178962668650476, CURRENT REWARD: -0.042178962668650476
G:120, BEST PARAMS, BEST REWARD: -0.042178962668650476, CURRENT REWARD: -0.042178962668650476
G:121, BEST PARAMS, BEST REWARD: -0.042178962668650476, CURRENT REWARD: -0.042178962668650476
G:122, BEST PARAMS, BEST REWARD: -0.042178962668650476, CURRENT REWARD: -0.042178962668650476
G:123, BEST PARAMS, BEST REWARD: -0.042178962668650476, CURRENT REWARD: -0.042178962668650476
G:124, BEST PARAMS, BEST REWARD: -0.042178962668650476, CURRENT REWARD: -0.042178962668650476
G:125, BEST PARAMS, BEST REWARD: -0.04204475350240932, CURRENT REWARD: -0.04204475350240932
G:126, BEST PARAMS, BEST REWARD: -0.04204475350240932, CURRENT REWARD: -0.04204475350240932
G:127, BEST PARAMS, BEST REWARD: -0.04204475350240932, CURRENT REWARD: -0.04204475350240932
G:128, BEST PARAMS, BEST REWARD: -0.04204475350240932, CURRENT REWARD: -0.04204475350240932
G:129, BEST PARAMS, BEST REWARD: -0.04204475350240932, CURRENT REWARD: -0.04204475350240932
G:130, BEST PARAMS, BEST REWARD: -0.042032074044373875, CURRENT REWARD: -0.042032074044373875
G:131, BEST PARAMS, BEST REWARD: -0.042032074044373875, CURRENT REWARD: -0.042032074044373875
G:132, BEST PARAMS, BEST REWARD: -0.042032074044373875, CURRENT REWARD: -0.042032074044373875
G:133, BEST PARAMS, BEST REWARD: -0.042032074044373875, CURRENT REWARD: -0.042032074044373875
G:134, BEST PARAMS, BEST REWARD: -0.042032074044373875, CURRENT REWARD: -0.042032074044373875
G:135, BEST PARAMS, BEST REWARD: -0.042032074044373875, CURRENT REWARD: -0.042032074044373875
G:136, BEST PARAMS, BEST REWARD: -0.042032074044373875, CURRENT REWARD: -0.042032074044373875
G:137, BEST PARAMS, BEST REWARD: -0.021723230781786288, CURRENT REWARD: -0.021723230781786288
G:138, BEST PARAMS, BEST REWARD: -0.021723230781786288, CURRENT REWARD: -0.021723230781786288
G:139, BEST PARAMS, BEST REWARD: -0.021723230781786288, CURRENT REWARD: -0.021723230781786288
G:140, BEST PARAMS, BEST REWARD: -0.021723230781786288, CURRENT REWARD: -0.021723230781786288
G:141, BEST PARAMS, BEST REWARD: -0.021690385301391227, CURRENT REWARD: -0.021690385301391227
G:142, BEST PARAMS, BEST REWARD: -0.021690385301391227, CURRENT REWARD: -0.021690385301391227
G:143, BEST PARAMS, BEST REWARD: -0.021690385301391227, CURRENT REWARD: -0.021690385301391227
G:144, BEST PARAMS, BEST REWARD: -0.021551228752645663, CURRENT REWARD: -0.021551228752645663
G:145, BEST PARAMS, BEST REWARD: -0.021551228752645663, CURRENT REWARD: -0.021551228752645663
G:146, BEST PARAMS, BEST REWARD: -0.02151865128986906, CURRENT REWARD: -0.02151865128986906
G:147, BEST PARAMS, BEST REWARD: -0.02151865128986906, CURRENT REWARD: -0.02151865128986906
G:148, BEST PARAMS, BEST REWARD: -0.021511856013043156, CURRENT REWARD: -0.021511856013043156
G:149, BEST PARAMS, BEST REWARD: -0.021511856013043156, CURRENT REWARD: -0.021511856013043156
G:150, BEST PARAMS, BEST REWARD: -0.021511856013043156, CURRENT REWARD: -0.021511856013043156
G:151, BEST PARAMS, BEST REWARD: -0.021487350969585938, CURRENT REWARD: -0.021487350969585938
G:152, BEST PARAMS, BEST REWARD: -0.021448280050627502, CURRENT REWARD: -0.021448280050627502
G:153, BEST PARAMS, BEST REWARD: -0.021448280050627502, CURRENT REWARD: -0.021448280050627502
G:154, BEST PARAMS, BEST REWARD: -0.021448280050627502, CURRENT REWARD: -0.021448280050627502
G:155, BEST PARAMS, BEST REWARD: -0.021448280050627502, CURRENT REWARD: -0.021448280050627502
G:156, BEST PARAMS, BEST REWARD: -0.02144517858181266, CURRENT REWARD: -0.02144517858181266
G:157, BEST PARAMS, BEST REWARD: -0.021414439987344113, CURRENT REWARD: -0.021414439987344113
G:158, BEST PARAMS, BEST REWARD: -0.021414439987344113, CURRENT REWARD: -0.021414439987344113
G:159, BEST PARAMS, BEST REWARD: -0.021414439987344113, CURRENT REWARD: -0.021414439987344113
G:160, BEST PARAMS, BEST REWARD: -0.021414439987344113, CURRENT REWARD: -0.021414439987344113
G:161, BEST PARAMS, BEST REWARD: -0.021414439987344113, CURRENT REWARD: -0.021414439987344113
G:162, BEST PARAMS, BEST REWARD: -0.021414439987344113, CURRENT REWARD: -0.021414439987344113
G:163, BEST PARAMS, BEST REWARD: -0.021414439987344113, CURRENT REWARD: -0.021414439987344113
G:164, BEST PARAMS, BEST REWARD: -0.021414439987344113, CURRENT REWARD: -0.021414439987344113
G:165, BEST PARAMS, BEST REWARD: -0.021396092240515426, CURRENT REWARD: -0.021396092240515426
G:166, BEST PARAMS, BEST REWARD: -0.021396092240515426, CURRENT REWARD: -0.021396092240515426
G:167, BEST PARAMS, BEST REWARD: -0.021396092240515426, CURRENT REWARD: -0.021396092240515426
G:168, BEST PARAMS, BEST REWARD: -0.02137777550835298, CURRENT REWARD: -0.02137777550835298
G:169, BEST PARAMS, BEST REWARD: -0.021331311176193052, CURRENT REWARD: -0.021331311176193052
G:170, BEST PARAMS, BEST REWARD: -0.021331311176193052, CURRENT REWARD: -0.021331311176193052
G:171, BEST PARAMS, BEST REWARD: -0.021331311176193052, CURRENT REWARD: -0.021331311176193052
G:172, BEST PARAMS, BEST REWARD: -0.02131879152196913, CURRENT REWARD: -0.02131879152196913
G:173, BEST PARAMS, BEST REWARD: -0.02131879152196913, CURRENT REWARD: -0.02131879152196913
G:174, BEST PARAMS, BEST REWARD: -0.02127193815955418, CURRENT REWARD: -0.02127193815955418
G:175, BEST PARAMS, BEST REWARD: -0.02127193815955418, CURRENT REWARD: -0.02127193815955418
G:176, BEST PARAMS, BEST REWARD: -0.02127193815955418, CURRENT REWARD: -0.02127193815955418
G:177, BEST PARAMS, BEST REWARD: -0.02127193815955418, CURRENT REWARD: -0.02127193815955418
G:178, BEST PARAMS, BEST REWARD: -0.02127193815955418, CURRENT REWARD: -0.02127193815955418
G:179, BEST PARAMS, BEST REWARD: -0.021222275948284554, CURRENT REWARD: -0.021222275948284554
G:180, BEST PARAMS, BEST REWARD: -0.021222275948284554, CURRENT REWARD: -0.021222275948284554
G:181, BEST PARAMS, BEST REWARD: -0.021222275948284554, CURRENT REWARD: -0.021222275948284554
G:182, BEST PARAMS, BEST REWARD: -0.021222275948284554, CURRENT REWARD: -0.021222275948284554
G:183, BEST PARAMS, BEST REWARD: -0.02122043371917524, CURRENT REWARD: -0.02122043371917524
G:184, BEST PARAMS, BEST REWARD: -0.021217761806377473, CURRENT REWARD: -0.021217761806377473
G:185, BEST PARAMS, BEST REWARD: -0.021217761806377473, CURRENT REWARD: -0.021217761806377473
G:186, BEST PARAMS, BEST REWARD: -0.021217761806377473, CURRENT REWARD: -0.021217761806377473
G:187, BEST PARAMS, BEST REWARD: -0.021217761806377473, CURRENT REWARD: -0.021217761806377473
G:188, BEST PARAMS, BEST REWARD: -0.021213622894966342, CURRENT REWARD: -0.021213622894966342
G:189, BEST PARAMS, BEST REWARD: -0.021213622894966342, CURRENT REWARD: -0.021213622894966342
G:190, BEST PARAMS, BEST REWARD: -0.02120128688446471, CURRENT REWARD: -0.02120128688446471
G:191, BEST PARAMS, BEST REWARD: -0.021168265602267797, CURRENT REWARD: -0.021168265602267797
G:192, BEST PARAMS, BEST REWARD: -0.021148105368599263, CURRENT REWARD: -0.021148105368599263
G:193, BEST PARAMS, BEST REWARD: -0.021148105368599263, CURRENT REWARD: -0.021148105368599263
G:194, BEST PARAMS, BEST REWARD: -0.02109176209541375, CURRENT REWARD: -0.02109176209541375
G:195, BEST PARAMS, BEST REWARD: -0.02109176209541375, CURRENT REWARD: -0.02109176209541375
G:196, BEST PARAMS, BEST REWARD: -0.02109176209541375, CURRENT REWARD: -0.02109176209541375
G:197, BEST PARAMS, BEST REWARD: -0.02109176209541375, CURRENT REWARD: -0.02109176209541375
G:198, BEST PARAMS, BEST REWARD: -0.02109176209541375, CURRENT REWARD: -0.02109176209541375
G:199, BEST PARAMS, BEST REWARD: -0.021081431461210883, CURRENT REWARD: -0.021081431461210883
G:200, BEST PARAMS, BEST REWARD: -0.021081431461210883, CURRENT REWARD: -0.021081431461210883
G:201, BEST PARAMS, BEST REWARD: -0.021060892292897662, CURRENT REWARD: -0.021060892292897662
G:202, BEST PARAMS, BEST REWARD: -0.021060892292897662, CURRENT REWARD: -0.021060892292897662
G:203, BEST PARAMS, BEST REWARD: -0.021060892292897662, CURRENT REWARD: -0.021060892292897662
G:204, BEST PARAMS, BEST REWARD: -0.021060892292897662, CURRENT REWARD: -0.021060892292897662
G:205, BEST PARAMS, BEST REWARD: -0.021060892292897662, CURRENT REWARD: -0.021060892292897662
G:206, BEST PARAMS, BEST REWARD: -0.02104985649480776, CURRENT REWARD: -0.02104985649480776
G:207, BEST PARAMS, BEST REWARD: -0.02104985649480776, CURRENT REWARD: -0.02104985649480776
G:208, BEST PARAMS, BEST REWARD: -0.021044229011939815, CURRENT REWARD: -0.021044229011939815
G:209, BEST PARAMS, BEST REWARD: -0.021044229011939815, CURRENT REWARD: -0.021044229011939815
G:210, BEST PARAMS, BEST REWARD: -0.021044229011939815, CURRENT REWARD: -0.021044229011939815
G:211, BEST PARAMS, BEST REWARD: -0.021044229011939815, CURRENT REWARD: -0.021044229011939815
G:212, BEST PARAMS, BEST REWARD: -0.021044229011939815, CURRENT REWARD: -0.021044229011939815
G:213, BEST PARAMS, BEST REWARD: -0.021044229011939815, CURRENT REWARD: -0.021044229011939815
G:214, BEST PARAMS, BEST REWARD: -0.021044229011939815, CURRENT REWARD: -0.021044229011939815
G:215, BEST PARAMS, BEST REWARD: -0.021044229011939815, CURRENT REWARD: -0.021044229011939815
G:216, BEST PARAMS, BEST REWARD: -0.021044229011939815, CURRENT REWARD: -0.021044229011939815
G:217, BEST PARAMS, BEST REWARD: -0.021044229011939815, CURRENT REWARD: -0.021044229011939815
G:218, BEST PARAMS, BEST REWARD: -0.021044229011939815, CURRENT REWARD: -0.021044229011939815
G:219, BEST PARAMS, BEST REWARD: -0.021044229011939815, CURRENT REWARD: -0.021044229011939815
G:220, BEST PARAMS, BEST REWARD: -0.021023761927331793, CURRENT REWARD: -0.021023761927331793
G:221, BEST PARAMS, BEST REWARD: -0.021023761927331793, CURRENT REWARD: -0.021023761927331793
G:222, BEST PARAMS, BEST REWARD: -0.021023761927331793, CURRENT REWARD: -0.021023761927331793
G:223, BEST PARAMS, BEST REWARD: -0.021023761927331793, CURRENT REWARD: -0.021023761927331793
G:224, BEST PARAMS, BEST REWARD: -0.021023761927331793, CURRENT REWARD: -0.021023761927331793
G:225, BEST PARAMS, BEST REWARD: -0.021023761927331793, CURRENT REWARD: -0.021023761927331793
G:226, BEST PARAMS, BEST REWARD: -0.021023761927331793, CURRENT REWARD: -0.021023761927331793
G:227, BEST PARAMS, BEST REWARD: -0.021023761927331793, CURRENT REWARD: -0.021023761927331793
G:228, BEST PARAMS, BEST REWARD: -0.021023761927331793, CURRENT REWARD: -0.021023761927331793
G:229, BEST PARAMS, BEST REWARD: -0.021023761927331793, CURRENT REWARD: -0.021023761927331793
G:230, BEST PARAMS, BEST REWARD: -0.021023761927331793, CURRENT REWARD: -0.021023761927331793
G:231, BEST PARAMS, BEST REWARD: -0.02102321349742576, CURRENT REWARD: -0.02102321349742576
G:232, BEST PARAMS, BEST REWARD: -0.02102321349742576, CURRENT REWARD: -0.02102321349742576
G:233, BEST PARAMS, BEST REWARD: -0.02102321349742576, CURRENT REWARD: -0.02102321349742576
G:234, BEST PARAMS, BEST REWARD: -0.02102075516170103, CURRENT REWARD: -0.02102075516170103
G:235, BEST PARAMS, BEST REWARD: -0.02102075516170103, CURRENT REWARD: -0.02102075516170103
G:236, BEST PARAMS, BEST REWARD: -0.021011394289060733, CURRENT REWARD: -0.021011394289060733
G:237, BEST PARAMS, BEST REWARD: -0.02098591998216674, CURRENT REWARD: -0.02098591998216674
G:238, BEST PARAMS, BEST REWARD: -0.02098591998216674, CURRENT REWARD: -0.02098591998216674
G:239, BEST PARAMS, BEST REWARD: -0.02098591998216674, CURRENT REWARD: -0.02098591998216674
G:240, BEST PARAMS, BEST REWARD: -0.02098591998216674, CURRENT REWARD: -0.02098591998216674
G:241, BEST PARAMS, BEST REWARD: -0.020977306157655598, CURRENT REWARD: -0.020977306157655598
G:242, BEST PARAMS, BEST REWARD: -0.020977306157655598, CURRENT REWARD: -0.020977306157655598
G:243, BEST PARAMS, BEST REWARD: -0.020966588272272667, CURRENT REWARD: -0.020966588272272667
G:244, BEST PARAMS, BEST REWARD: -0.020966588272272667, CURRENT REWARD: -0.020966588272272667
G:245, BEST PARAMS, BEST REWARD: -0.020966588272272667, CURRENT REWARD: -0.020966588272272667
G:246, BEST PARAMS, BEST REWARD: -0.020966588272272667, CURRENT REWARD: -0.020966588272272667
G:247, BEST PARAMS, BEST REWARD: -0.020965138971301034, CURRENT REWARD: -0.020965138971301034
G:248, BEST PARAMS, BEST REWARD: -0.020965138971301034, CURRENT REWARD: -0.020965138971301034
G:249, BEST PARAMS, BEST REWARD: -0.020950871226678814, CURRENT REWARD: -0.020950871226678814
G:250, BEST PARAMS, BEST REWARD: -0.0209487021724309, CURRENT REWARD: -0.0209487021724309
G:251, BEST PARAMS, BEST REWARD: -0.02093150234328486, CURRENT REWARD: -0.02093150234328486
G:252, BEST PARAMS, BEST REWARD: -0.02093150234328486, CURRENT REWARD: -0.02093150234328486
G:253, BEST PARAMS, BEST REWARD: -0.02093150234328486, CURRENT REWARD: -0.02093150234328486
G:254, BEST PARAMS, BEST REWARD: -0.02093150234328486, CURRENT REWARD: -0.02093150234328486
G:255, BEST PARAMS, BEST REWARD: -0.02093150234328486, CURRENT REWARD: -0.02093150234328486
G:256, BEST PARAMS, BEST REWARD: -0.020897117758782252, CURRENT REWARD: -0.020897117758782252
G:257, BEST PARAMS, BEST REWARD: -0.020897117758782252, CURRENT REWARD: -0.020897117758782252
G:258, BEST PARAMS, BEST REWARD: -0.020897117758782252, CURRENT REWARD: -0.020897117758782252
G:259, BEST PARAMS, BEST REWARD: -0.020897117758782252, CURRENT REWARD: -0.020897117758782252
G:260, BEST PARAMS, BEST REWARD: -0.020897117758782252, CURRENT REWARD: -0.020897117758782252
G:261, BEST PARAMS, BEST REWARD: -0.020897117758782252, CURRENT REWARD: -0.020897117758782252
G:262, BEST PARAMS, BEST REWARD: -0.020897117758782252, CURRENT REWARD: -0.020897117758782252
G:263, BEST PARAMS, BEST REWARD: -0.020897117758782252, CURRENT REWARD: -0.020897117758782252
G:264, BEST PARAMS, BEST REWARD: -0.020897117758782252, CURRENT REWARD: -0.020897117758782252
G:265, BEST PARAMS, BEST REWARD: -0.020897117758782252, CURRENT REWARD: -0.020897117758782252
G:266, BEST PARAMS, BEST REWARD: -0.020897117758782252, CURRENT REWARD: -0.020897117758782252
G:267, BEST PARAMS, BEST REWARD: -0.020897117758782252, CURRENT REWARD: -0.020897117758782252
G:268, BEST PARAMS, BEST REWARD: -0.020897117758782252, CURRENT REWARD: -0.020897117758782252
G:269, BEST PARAMS, BEST REWARD: -0.020897117758782252, CURRENT REWARD: -0.020897117758782252
G:270, BEST PARAMS, BEST REWARD: -0.020897117758782252, CURRENT REWARD: -0.020897117758782252
G:271, BEST PARAMS, BEST REWARD: -0.020897117758782252, CURRENT REWARD: -0.020897117758782252
G:272, BEST PARAMS, BEST REWARD: -0.020897117758782252, CURRENT REWARD: -0.020897117758782252
G:273, BEST PARAMS, BEST REWARD: -0.020897117758782252, CURRENT REWARD: -0.020897117758782252
G:274, BEST PARAMS, BEST REWARD: -0.020897117758782252, CURRENT REWARD: -0.020897117758782252
G:275, BEST PARAMS, BEST REWARD: -0.020881372422483585, CURRENT REWARD: -0.020881372422483585
G:276, BEST PARAMS, BEST REWARD: -0.020881372422483585, CURRENT REWARD: -0.020881372422483585
G:277, BEST PARAMS, BEST REWARD: -0.020881372422483585, CURRENT REWARD: -0.020881372422483585
G:278, BEST PARAMS, BEST REWARD: -0.020881372422483585, CURRENT REWARD: -0.020881372422483585
G:279, BEST PARAMS, BEST REWARD: -0.020881372422483585, CURRENT REWARD: -0.020881372422483585
G:280, BEST PARAMS, BEST REWARD: -0.020881372422483585, CURRENT REWARD: -0.020881372422483585
G:281, BEST PARAMS, BEST REWARD: -0.020881372422483585, CURRENT REWARD: -0.020881372422483585
G:282, BEST PARAMS, BEST REWARD: -0.020873513412919716, CURRENT REWARD: -0.020873513412919716
G:283, BEST PARAMS, BEST REWARD: -0.020873513412919716, CURRENT REWARD: -0.020873513412919716
G:284, BEST PARAMS, BEST REWARD: -0.020873513412919716, CURRENT REWARD: -0.020873513412919716
G:285, BEST PARAMS, BEST REWARD: -0.020873513412919716, CURRENT REWARD: -0.020873513412919716
G:286, BEST PARAMS, BEST REWARD: -0.020873513412919716, CURRENT REWARD: -0.020873513412919716
G:287, BEST PARAMS, BEST REWARD: -0.020873513412919716, CURRENT REWARD: -0.020873513412919716
G:288, BEST PARAMS, BEST REWARD: -0.020873513412919716, CURRENT REWARD: -0.020873513412919716
G:289, BEST PARAMS, BEST REWARD: -0.02087239040336862, CURRENT REWARD: -0.02087239040336862
G:290, BEST PARAMS, BEST REWARD: -0.02087239040336862, CURRENT REWARD: -0.02087239040336862
G:291, BEST PARAMS, BEST REWARD: -0.02086114868949574, CURRENT REWARD: -0.02086114868949574
G:292, BEST PARAMS, BEST REWARD: -0.02086114868949574, CURRENT REWARD: -0.02086114868949574
G:293, BEST PARAMS, BEST REWARD: -0.02085919528147154, CURRENT REWARD: -0.02085919528147154
G:294, BEST PARAMS, BEST REWARD: -0.02085919528147154, CURRENT REWARD: -0.02085919528147154
G:295, BEST PARAMS, BEST REWARD: -0.020843768573613496, CURRENT REWARD: -0.020843768573613496
G:296, BEST PARAMS, BEST REWARD: -0.020843768573613496, CURRENT REWARD: -0.020843768573613496
G:297, BEST PARAMS, BEST REWARD: -0.020843768573613496, CURRENT REWARD: -0.020843768573613496
G:298, BEST PARAMS, BEST REWARD: -0.020843768573613496, CURRENT REWARD: -0.020843768573613496
G:299, BEST PARAMS, BEST REWARD: -0.020843768573613496, CURRENT REWARD: -0.020843768573613496
G:300, BEST PARAMS, BEST REWARD: -0.020843768573613496, CURRENT REWARD: -0.020843768573613496
G:301, BEST PARAMS, BEST REWARD: -0.02084304031040135, CURRENT REWARD: -0.02084304031040135
G:302, BEST PARAMS, BEST REWARD: -0.020836703549165336, CURRENT REWARD: -0.020836703549165336
G:303, BEST PARAMS, BEST REWARD: -0.020816710891755703, CURRENT REWARD: -0.020816710891755703
G:304, BEST PARAMS, BEST REWARD: -0.020816710891755703, CURRENT REWARD: -0.020816710891755703
G:305, BEST PARAMS, BEST REWARD: -0.020816710891755703, CURRENT REWARD: -0.020816710891755703
G:306, BEST PARAMS, BEST REWARD: -0.020816710891755703, CURRENT REWARD: -0.020816710891755703
G:307, BEST PARAMS, BEST REWARD: -0.020816710891755703, CURRENT REWARD: -0.020816710891755703
G:308, BEST PARAMS, BEST REWARD: -0.020816710891755703, CURRENT REWARD: -0.020816710891755703
G:309, BEST PARAMS, BEST REWARD: -0.020816710891755703, CURRENT REWARD: -0.020816710891755703
G:310, BEST PARAMS, BEST REWARD: -0.020816710891755703, CURRENT REWARD: -0.020816710891755703
G:311, BEST PARAMS, BEST REWARD: -0.020816710891755703, CURRENT REWARD: -0.020816710891755703
G:312, BEST PARAMS, BEST REWARD: -0.020816710891755703, CURRENT REWARD: -0.020816710891755703
G:313, BEST PARAMS, BEST REWARD: -0.020816710891755703, CURRENT REWARD: -0.020816710891755703
G:314, BEST PARAMS, BEST REWARD: -0.020816710891755703, CURRENT REWARD: -0.020816710891755703
G:315, BEST PARAMS, BEST REWARD: -0.020812361299719764, CURRENT REWARD: -0.020812361299719764
G:316, BEST PARAMS, BEST REWARD: -0.020812361299719764, CURRENT REWARD: -0.020812361299719764
G:317, BEST PARAMS, BEST REWARD: -0.020812361299719764, CURRENT REWARD: -0.020812361299719764
G:318, BEST PARAMS, BEST REWARD: -0.020812361299719764, CURRENT REWARD: -0.020812361299719764
G:319, BEST PARAMS, BEST REWARD: -0.020812361299719764, CURRENT REWARD: -0.020812361299719764
G:320, BEST PARAMS, BEST REWARD: -0.020812361299719764, CURRENT REWARD: -0.020812361299719764
G:321, BEST PARAMS, BEST REWARD: -0.020807558816644308, CURRENT REWARD: -0.020807558816644308
G:322, BEST PARAMS, BEST REWARD: -0.020802696439782765, CURRENT REWARD: -0.020802696439782765
G:323, BEST PARAMS, BEST REWARD: -0.020802696439782765, CURRENT REWARD: -0.020802696439782765
G:324, BEST PARAMS, BEST REWARD: -0.020802696439782765, CURRENT REWARD: -0.020802696439782765
G:325, BEST PARAMS, BEST REWARD: -0.02080230783714685, CURRENT REWARD: -0.02080230783714685
G:326, BEST PARAMS, BEST REWARD: -0.02080230783714685, CURRENT REWARD: -0.02080230783714685
G:327, BEST PARAMS, BEST REWARD: -0.02080230783714685, CURRENT REWARD: -0.02080230783714685
G:328, BEST PARAMS, BEST REWARD: -0.02080230783714685, CURRENT REWARD: -0.02080230783714685
G:329, BEST PARAMS, BEST REWARD: -0.0207998752461468, CURRENT REWARD: -0.0207998752461468
G:330, BEST PARAMS, BEST REWARD: -0.0207998752461468, CURRENT REWARD: -0.0207998752461468
G:331, BEST PARAMS, BEST REWARD: -0.020798643940288204, CURRENT REWARD: -0.020798643940288204
G:332, BEST PARAMS, BEST REWARD: -0.020793075191776228, CURRENT REWARD: -0.020793075191776228
G:333, BEST PARAMS, BEST REWARD: -0.020785417054076348, CURRENT REWARD: -0.020785417054076348
G:334, BEST PARAMS, BEST REWARD: -0.020785417054076348, CURRENT REWARD: -0.020785417054076348
G:335, BEST PARAMS, BEST REWARD: -0.020778458069412316, CURRENT REWARD: -0.020778458069412316
G:336, BEST PARAMS, BEST REWARD: -0.020778458069412316, CURRENT REWARD: -0.020778458069412316
G:337, BEST PARAMS, BEST REWARD: -0.020778458069412316, CURRENT REWARD: -0.020778458069412316
G:338, BEST PARAMS, BEST REWARD: -0.020778458069412316, CURRENT REWARD: -0.020778458069412316
G:339, BEST PARAMS, BEST REWARD: -0.020778458069412316, CURRENT REWARD: -0.020778458069412316
G:340, BEST PARAMS, BEST REWARD: -0.020778458069412316, CURRENT REWARD: -0.020778458069412316
G:341, BEST PARAMS, BEST REWARD: -0.020778458069412316, CURRENT REWARD: -0.020778458069412316
G:342, BEST PARAMS, BEST REWARD: -0.020778458069412316, CURRENT REWARD: -0.020778458069412316
G:343, BEST PARAMS, BEST REWARD: -0.020778458069412316, CURRENT REWARD: -0.020778458069412316
G:344, BEST PARAMS, BEST REWARD: -0.020778458069412316, CURRENT REWARD: -0.020778458069412316
G:345, BEST PARAMS, BEST REWARD: -0.020778458069412316, CURRENT REWARD: -0.020778458069412316
G:346, BEST PARAMS, BEST REWARD: -0.020778458069412316, CURRENT REWARD: -0.020778458069412316
G:347, BEST PARAMS, BEST REWARD: -0.02077187398967938, CURRENT REWARD: -0.02077187398967938
G:348, BEST PARAMS, BEST REWARD: -0.02077187398967938, CURRENT REWARD: -0.02077187398967938
G:349, BEST PARAMS, BEST REWARD: -0.02077187398967938, CURRENT REWARD: -0.02077187398967938
G:350, BEST PARAMS, BEST REWARD: -0.02077187398967938, CURRENT REWARD: -0.02077187398967938
G:351, BEST PARAMS, BEST REWARD: -0.02077187398967938, CURRENT REWARD: -0.02077187398967938
G:352, BEST PARAMS, BEST REWARD: -0.02077187398967938, CURRENT REWARD: -0.02077187398967938
G:353, BEST PARAMS, BEST REWARD: -0.02077187398967938, CURRENT REWARD: -0.02077187398967938
G:354, BEST PARAMS, BEST REWARD: -0.02077187398967938, CURRENT REWARD: -0.02077187398967938
G:355, BEST PARAMS, BEST REWARD: -0.02076885091792758, CURRENT REWARD: -0.02076885091792758
G:356, BEST PARAMS, BEST REWARD: -0.02076885091792758, CURRENT REWARD: -0.02076885091792758
G:357, BEST PARAMS, BEST REWARD: -0.02076885091792758, CURRENT REWARD: -0.02076885091792758
G:358, BEST PARAMS, BEST REWARD: -0.02076885091792758, CURRENT REWARD: -0.02076885091792758
G:359, BEST PARAMS, BEST REWARD: -0.02076885091792758, CURRENT REWARD: -0.02076885091792758
G:360, BEST PARAMS, BEST REWARD: -0.02076885091792758, CURRENT REWARD: -0.02076885091792758
G:361, BEST PARAMS, BEST REWARD: -0.020768727558526774, CURRENT REWARD: -0.020768727558526774
G:362, BEST PARAMS, BEST REWARD: -0.020761127526299186, CURRENT REWARD: -0.020761127526299186
G:363, BEST PARAMS, BEST REWARD: -0.020761127526299186, CURRENT REWARD: -0.020761127526299186
G:364, BEST PARAMS, BEST REWARD: -0.020761127526299186, CURRENT REWARD: -0.020761127526299186
G:365, BEST PARAMS, BEST REWARD: -0.020761127526299186, CURRENT REWARD: -0.020761127526299186
G:366, BEST PARAMS, BEST REWARD: -0.020761127526299186, CURRENT REWARD: -0.020761127526299186
G:367, BEST PARAMS, BEST REWARD: -0.020761127526299186, CURRENT REWARD: -0.020761127526299186
G:368, BEST PARAMS, BEST REWARD: -0.020761127526299186, CURRENT REWARD: -0.020761127526299186
G:369, BEST PARAMS, BEST REWARD: -0.020761127526299186, CURRENT REWARD: -0.020761127526299186
G:370, BEST PARAMS, BEST REWARD: -0.020761127526299186, CURRENT REWARD: -0.020761127526299186
G:371, BEST PARAMS, BEST REWARD: -0.020761127526299186, CURRENT REWARD: -0.020761127526299186
G:372, BEST PARAMS, BEST REWARD: -0.020761127526299186, CURRENT REWARD: -0.020761127526299186
G:373, BEST PARAMS, BEST REWARD: -0.020761127526299186, CURRENT REWARD: -0.020761127526299186
G:374, BEST PARAMS, BEST REWARD: -0.020761127526299186, CURRENT REWARD: -0.020761127526299186
G:375, BEST PARAMS, BEST REWARD: -0.020761127526299186, CURRENT REWARD: -0.020761127526299186
G:376, BEST PARAMS, BEST REWARD: -0.020761127526299186, CURRENT REWARD: -0.020761127526299186
G:377, BEST PARAMS, BEST REWARD: -0.020761127526299186, CURRENT REWARD: -0.020761127526299186
G:378, BEST PARAMS, BEST REWARD: -0.020761127526299186, CURRENT REWARD: -0.020761127526299186
G:379, BEST PARAMS, BEST REWARD: -0.020761127526299186, CURRENT REWARD: -0.020761127526299186
G:380, BEST PARAMS, BEST REWARD: -0.020761127526299186, CURRENT REWARD: -0.020761127526299186
G:381, BEST PARAMS, BEST REWARD: -0.020761127526299186, CURRENT REWARD: -0.020761127526299186
G:382, BEST PARAMS, BEST REWARD: -0.02075976554830691, CURRENT REWARD: -0.02075976554830691
G:383, BEST PARAMS, BEST REWARD: -0.02075976554830691, CURRENT REWARD: -0.02075976554830691
G:384, BEST PARAMS, BEST REWARD: -0.02075976554830691, CURRENT REWARD: -0.02075976554830691
G:385, BEST PARAMS, BEST REWARD: -0.02075976554830691, CURRENT REWARD: -0.02075976554830691
G:386, BEST PARAMS, BEST REWARD: -0.02075976554830691, CURRENT REWARD: -0.02075976554830691
G:387, BEST PARAMS, BEST REWARD: -0.02075976554830691, CURRENT REWARD: -0.02075976554830691
G:388, BEST PARAMS, BEST REWARD: -0.02075976554830691, CURRENT REWARD: -0.02075976554830691
G:389, BEST PARAMS, BEST REWARD: -0.020757288854804913, CURRENT REWARD: -0.020757288854804913
G:390, BEST PARAMS, BEST REWARD: -0.02075518435960842, CURRENT REWARD: -0.02075518435960842
G:391, BEST PARAMS, BEST REWARD: -0.02075518435960842, CURRENT REWARD: -0.02075518435960842
G:392, BEST PARAMS, BEST REWARD: -0.02075518435960842, CURRENT REWARD: -0.02075518435960842
G:393, BEST PARAMS, BEST REWARD: -0.02075341882967787, CURRENT REWARD: -0.02075341882967787
G:394, BEST PARAMS, BEST REWARD: -0.02075341882967787, CURRENT REWARD: -0.02075341882967787
G:395, BEST PARAMS, BEST REWARD: -0.02075341882967787, CURRENT REWARD: -0.02075341882967787
G:396, BEST PARAMS, BEST REWARD: -0.02075341882967787, CURRENT REWARD: -0.02075341882967787
G:397, BEST PARAMS, BEST REWARD: -0.02075341882967787, CURRENT REWARD: -0.02075341882967787
G:398, BEST PARAMS, BEST REWARD: -0.02075341882967787, CURRENT REWARD: -0.02075341882967787
G:399, BEST PARAMS, BEST REWARD: -0.02075341882967787, CURRENT REWARD: -0.02075341882967787
G:400, BEST PARAMS, BEST REWARD: -0.02075341882967787, CURRENT REWARD: -0.02075341882967787
G:401, BEST PARAMS, BEST REWARD: -0.020752664086387287, CURRENT REWARD: -0.020752664086387287
G:402, BEST PARAMS, BEST REWARD: -0.020751699378601295, CURRENT REWARD: -0.020751699378601295
G:403, BEST PARAMS, BEST REWARD: -0.020750169450456633, CURRENT REWARD: -0.020750169450456633
G:404, BEST PARAMS, BEST REWARD: -0.020750169450456633, CURRENT REWARD: -0.020750169450456633
G:405, BEST PARAMS, BEST REWARD: -0.020750169450456633, CURRENT REWARD: -0.020750169450456633
G:406, BEST PARAMS, BEST REWARD: -0.020750169450456633, CURRENT REWARD: -0.020750169450456633
G:407, BEST PARAMS, BEST REWARD: -0.020750169450456633, CURRENT REWARD: -0.020750169450456633
G:408, BEST PARAMS, BEST REWARD: -0.02074762754274183, CURRENT REWARD: -0.02074762754274183
G:409, BEST PARAMS, BEST REWARD: -0.02074762754274183, CURRENT REWARD: -0.02074762754274183
G:410, BEST PARAMS, BEST REWARD: -0.02074762754274183, CURRENT REWARD: -0.02074762754274183
G:411, BEST PARAMS, BEST REWARD: -0.02074762754274183, CURRENT REWARD: -0.02074762754274183
G:412, BEST PARAMS, BEST REWARD: -0.02074762754274183, CURRENT REWARD: -0.02074762754274183
G:413, BEST PARAMS, BEST REWARD: -0.02074762754274183, CURRENT REWARD: -0.02074762754274183
G:414, BEST PARAMS, BEST REWARD: -0.02074762754274183, CURRENT REWARD: -0.02074762754274183
G:415, BEST PARAMS, BEST REWARD: -0.02074762754274183, CURRENT REWARD: -0.02074762754274183
G:416, BEST PARAMS, BEST REWARD: -0.02074762754274183, CURRENT REWARD: -0.02074762754274183
G:417, BEST PARAMS, BEST REWARD: -0.02074610078735598, CURRENT REWARD: -0.02074610078735598
G:418, BEST PARAMS, BEST REWARD: -0.02074610078735598, CURRENT REWARD: -0.02074610078735598
G:419, BEST PARAMS, BEST REWARD: -0.02074610078735598, CURRENT REWARD: -0.02074610078735598
G:420, BEST PARAMS, BEST REWARD: -0.02074610078735598, CURRENT REWARD: -0.02074610078735598
G:421, BEST PARAMS, BEST REWARD: -0.02074610078735598, CURRENT REWARD: -0.02074610078735598
G:422, BEST PARAMS, BEST REWARD: -0.02074610078735598, CURRENT REWARD: -0.02074610078735598
G:423, BEST PARAMS, BEST REWARD: -0.020745197550284335, CURRENT REWARD: -0.020745197550284335
G:424, BEST PARAMS, BEST REWARD: -0.02074121762959326, CURRENT REWARD: -0.02074121762959326
G:425, BEST PARAMS, BEST REWARD: -0.02074121762959326, CURRENT REWARD: -0.02074121762959326
G:426, BEST PARAMS, BEST REWARD: -0.02074121762959326, CURRENT REWARD: -0.02074121762959326
G:427, BEST PARAMS, BEST REWARD: -0.02074121762959326, CURRENT REWARD: -0.02074121762959326
G:428, BEST PARAMS, BEST REWARD: -0.02074121762959326, CURRENT REWARD: -0.02074121762959326
G:429, BEST PARAMS, BEST REWARD: -0.02074121762959326, CURRENT REWARD: -0.02074121762959326
G:430, BEST PARAMS, BEST REWARD: -0.02074121762959326, CURRENT REWARD: -0.02074121762959326
G:431, BEST PARAMS, BEST REWARD: -0.02074121762959326, CURRENT REWARD: -0.02074121762959326
G:432, BEST PARAMS, BEST REWARD: -0.02074121762959326, CURRENT REWARD: -0.02074121762959326
G:433, BEST PARAMS, BEST REWARD: -0.02074121762959326, CURRENT REWARD: -0.02074121762959326
G:434, BEST PARAMS, BEST REWARD: -0.02074121762959326, CURRENT REWARD: -0.02074121762959326
G:435, BEST PARAMS, BEST REWARD: -0.02074121762959326, CURRENT REWARD: -0.02074121762959326
G:436, BEST PARAMS, BEST REWARD: -0.02074121762959326, CURRENT REWARD: -0.02074121762959326
G:437, BEST PARAMS, BEST REWARD: -0.02074121762959326, CURRENT REWARD: -0.02074121762959326
G:438, BEST PARAMS, BEST REWARD: -0.02074121762959326, CURRENT REWARD: -0.02074121762959326
G:439, BEST PARAMS, BEST REWARD: -0.02074121762959326, CURRENT REWARD: -0.02074121762959326
G:440, BEST PARAMS, BEST REWARD: -0.020737768877490084, CURRENT REWARD: -0.020737768877490084
G:441, BEST PARAMS, BEST REWARD: -0.020737768877490084, CURRENT REWARD: -0.020737768877490084
G:442, BEST PARAMS, BEST REWARD: -0.020737768877490084, CURRENT REWARD: -0.020737768877490084
G:443, BEST PARAMS, BEST REWARD: -0.020737768877490084, CURRENT REWARD: -0.020737768877490084
G:444, BEST PARAMS, BEST REWARD: -0.020737768877490084, CURRENT REWARD: -0.020737768877490084
G:445, BEST PARAMS, BEST REWARD: -0.020737768877490084, CURRENT REWARD: -0.020737768877490084
G:446, BEST PARAMS, BEST REWARD: -0.02073449210455309, CURRENT REWARD: -0.02073449210455309
G:447, BEST PARAMS, BEST REWARD: -0.02073449210455309, CURRENT REWARD: -0.02073449210455309
G:448, BEST PARAMS, BEST REWARD: -0.02073390636851862, CURRENT REWARD: -0.02073390636851862
G:449, BEST PARAMS, BEST REWARD: -0.02073390636851862, CURRENT REWARD: -0.02073390636851862
G:450, BEST PARAMS, BEST REWARD: -0.02073390636851862, CURRENT REWARD: -0.02073390636851862
G:451, BEST PARAMS, BEST REWARD: -0.02073390636851862, CURRENT REWARD: -0.02073390636851862
G:452, BEST PARAMS, BEST REWARD: -0.02073390636851862, CURRENT REWARD: -0.02073390636851862
G:453, BEST PARAMS, BEST REWARD: -0.02073390636851862, CURRENT REWARD: -0.02073390636851862
G:454, BEST PARAMS, BEST REWARD: -0.02073390636851862, CURRENT REWARD: -0.02073390636851862
G:455, BEST PARAMS, BEST REWARD: -0.020732598577637235, CURRENT REWARD: -0.020732598577637235
G:456, BEST PARAMS, BEST REWARD: -0.020731028932965682, CURRENT REWARD: -0.020731028932965682
G:457, BEST PARAMS, BEST REWARD: -0.020731028932965682, CURRENT REWARD: -0.020731028932965682
G:458, BEST PARAMS, BEST REWARD: -0.020731028932965682, CURRENT REWARD: -0.020731028932965682
G:459, BEST PARAMS, BEST REWARD: -0.020730997518959016, CURRENT REWARD: -0.020730997518959016
G:460, BEST PARAMS, BEST REWARD: -0.020730997518959016, CURRENT REWARD: -0.020730997518959016
G:461, BEST PARAMS, BEST REWARD: -0.020730997518959016, CURRENT REWARD: -0.020730997518959016
G:462, BEST PARAMS, BEST REWARD: -0.02073095505358132, CURRENT REWARD: -0.02073095505358132
G:463, BEST PARAMS, BEST REWARD: -0.02073095505358132, CURRENT REWARD: -0.02073095505358132
G:464, BEST PARAMS, BEST REWARD: -0.020729360441919434, CURRENT REWARD: -0.020729360441919434
G:465, BEST PARAMS, BEST REWARD: -0.020729360441919434, CURRENT REWARD: -0.020729360441919434
G:466, BEST PARAMS, BEST REWARD: -0.020729360441919434, CURRENT REWARD: -0.020729360441919434
G:467, BEST PARAMS, BEST REWARD: -0.020729360441919434, CURRENT REWARD: -0.020729360441919434
G:468, BEST PARAMS, BEST REWARD: -0.020729360441919434, CURRENT REWARD: -0.020729360441919434
G:469, BEST PARAMS, BEST REWARD: -0.020727337858334496, CURRENT REWARD: -0.020727337858334496
G:470, BEST PARAMS, BEST REWARD: -0.020727042742968466, CURRENT REWARD: -0.020727042742968466
G:471, BEST PARAMS, BEST REWARD: -0.020727042742968466, CURRENT REWARD: -0.020727042742968466
G:472, BEST PARAMS, BEST REWARD: -0.020727042742968466, CURRENT REWARD: -0.020727042742968466
G:473, BEST PARAMS, BEST REWARD: -0.020727042742968466, CURRENT REWARD: -0.020727042742968466
G:474, BEST PARAMS, BEST REWARD: -0.020727042742968466, CURRENT REWARD: -0.020727042742968466
G:475, BEST PARAMS, BEST REWARD: -0.020727042742968466, CURRENT REWARD: -0.020727042742968466
G:476, BEST PARAMS, BEST REWARD: -0.020727042742968466, CURRENT REWARD: -0.020727042742968466
G:477, BEST PARAMS, BEST REWARD: -0.020727042742968466, CURRENT REWARD: -0.020727042742968466
G:478, BEST PARAMS, BEST REWARD: -0.020727042742968466, CURRENT REWARD: -0.020727042742968466
G:479, BEST PARAMS, BEST REWARD: -0.020727042742968466, CURRENT REWARD: -0.020727042742968466
G:480, BEST PARAMS, BEST REWARD: -0.020727042742968466, CURRENT REWARD: -0.020727042742968466
G:481, BEST PARAMS, BEST REWARD: -0.020727042742968466, CURRENT REWARD: -0.020727042742968466
G:482, BEST PARAMS, BEST REWARD: -0.020727042742968466, CURRENT REWARD: -0.020727042742968466
G:483, BEST PARAMS, BEST REWARD: -0.020727042742968466, CURRENT REWARD: -0.020727042742968466
G:484, BEST PARAMS, BEST REWARD: -0.020727042742968466, CURRENT REWARD: -0.020727042742968466
G:485, BEST PARAMS, BEST REWARD: -0.020727042742968466, CURRENT REWARD: -0.020727042742968466
G:486, BEST PARAMS, BEST REWARD: -0.020727042742968466, CURRENT REWARD: -0.020727042742968466
G:487, BEST PARAMS, BEST REWARD: -0.020727042742968466, CURRENT REWARD: -0.020727042742968466
G:488, BEST PARAMS, BEST REWARD: -0.020727042742968466, CURRENT REWARD: -0.020727042742968466
G:489, BEST PARAMS, BEST REWARD: -0.020727042742968466, CURRENT REWARD: -0.020727042742968466
G:490, BEST PARAMS, BEST REWARD: -0.020727042742968466, CURRENT REWARD: -0.020727042742968466
G:491, BEST PARAMS, BEST REWARD: -0.020727042742968466, CURRENT REWARD: -0.020727042742968466
G:492, BEST PARAMS, BEST REWARD: -0.02072399798832577, CURRENT REWARD: -0.02072399798832577
G:493, BEST PARAMS, BEST REWARD: -0.02072399798832577, CURRENT REWARD: -0.02072399798832577
G:494, BEST PARAMS, BEST REWARD: -0.02072399798832577, CURRENT REWARD: -0.02072399798832577
G:495, BEST PARAMS, BEST REWARD: -0.02072399798832577, CURRENT REWARD: -0.02072399798832577
G:496, BEST PARAMS, BEST REWARD: -0.02072399798832577, CURRENT REWARD: -0.02072399798832577
G:497, BEST PARAMS, BEST REWARD: -0.02072399798832577, CURRENT REWARD: -0.02072399798832577
G:498, BEST PARAMS, BEST REWARD: -0.02072399798832577, CURRENT REWARD: -0.02072399798832577
G:499, BEST PARAMS, BEST REWARD: -0.02072399798832577, CURRENT REWARD: -0.02072399798832577
P: [[[[0 0 0]
   [0 1 0]
   [0 0 0]]

  [[0 1 0]
   [1 0 1]
   [0 1 0]]]


 [[[0 0 0]
   [1 0 0]
   [0 0 0]]

  [[0 0 0]
   [0 0 1]
   [0 0 0]]]


 [[[0 0 1]
   [0 0 0]
   [0 0 0]]

  [[1 0 0]
   [0 0 0]
   [0 0 1]]]


 [[[0 0 0]
   [0 0 0]
   [0 0 1]]

  [[0 0 1]
   [0 0 0]
   [0 0 0]]]


 [[[0 0 0]
   [0 0 0]
   [0 0 0]]

  [[0 0 0]
   [0 0 0]
   [0 0 0]]]


 [[[0 0 0]
   [0 0 0]
   [0 0 0]]

  [[0 0 0]
   [0 0 0]
   [0 0 0]]]


 [[[0 0 0]
   [0 0 0]
   [0 0 0]]

  [[0 0 0]
   [0 0 0]
   [0 0 0]]]


 [[[0 0 0]
   [0 0 1]
   [0 0 1]]

  [[0 0 1]
   [0 0 0]
   [0 0 0]]]


 [[[1 0 0]
   [1 0 0]
   [0 0 0]]

  [[0 0 0]
   [0 0 0]
   [1 0 0]]]


 [[[0 0 0]
   [1 1 0]
   [0 0 0]]

  [[0 0 0]
   [0 0 1]
   [0 0 0]]]]
[[0 0 0 1 0 0 0]
 [0 0 0 1 0 0 0]
 [0 0 0 1 0 0 0]
 [0 1 1 1 1 1 1]
 [0 0 0 1 0 0 0]
 [0 0 0 1 0 0 0]
 [0 0 0 1 0 0 0]]
GIF saved as EXP/Run_5/animation.gif
