sed: -e expression #1, char 2: invalid usage of line address 0
(1,2mirr1)-aCMA-ES (mu_w=1.0,w_1=100%) in dimension 360 (seed=282436, Tue Sep 24 10:14:38 2024)
G:0, BEST PARAMS, BEST REWARD: -2603.0, CURRENT REWARD: -2603.0
G:1, BEST PARAMS, BEST REWARD: -2560.0, CURRENT REWARD: -2560.0
P: [[[[0 0 0]
   [0 1 0]
   [0 0 0]]

  [[1 1 1]
   [1 0 1]
   [0 1 1]]]


 [[[1 1 1]
   [1 1 1]
   [1 1 1]]

  [[0 1 1]
   [1 1 1]
   [0 1 1]]]


 [[[1 1 0]
   [1 1 0]
   [0 1 1]]

  [[0 1 1]
   [1 1 1]
   [1 1 1]]]


 [[[1 0 1]
   [0 1 0]
   [0 1 1]]

  [[1 1 1]
   [1 1 1]
   [1 1 1]]]


 [[[0 1 1]
   [1 1 1]
   [1 0 0]]

  [[0 1 1]
   [1 0 1]
   [1 0 1]]]


 [[[1 1 1]
   [1 0 0]
   [1 1 0]]

  [[0 1 1]
   [0 1 0]
   [1 1 1]]]


 [[[0 0 1]
   [0 1 1]
   [1 1 1]]

  [[0 1 1]
   [0 0 1]
   [1 1 0]]]


 [[[1 1 0]
   [1 1 0]
   [1 1 1]]

  [[1 0 0]
   [1 0 0]
   [1 1 1]]]


 [[[0 0 1]
   [0 0 1]
   [1 0 1]]

  [[0 1 0]
   [0 1 0]
   [1 1 1]]]


 [[[0 1 1]
   [0 0 1]
   [0 1 1]]

  [[0 1 1]
   [1 1 1]
   [1 1 1]]]


 [[[1 0 0]
   [0 1 1]
   [1 1 1]]

  [[1 1 1]
   [0 1 0]
   [1 1 0]]]


 [[[1 1 0]
   [1 1 1]
   [1 1 1]]

  [[1 0 0]
   [1 1 1]
   [0 0 1]]]


 [[[1 1 0]
   [0 0 0]
   [1 0 1]]

  [[0 1 1]
   [1 1 1]
   [1 1 1]]]


 [[[1 0 1]
   [0 1 1]
   [1 1 1]]

  [[1 1 1]
   [1 1 1]
   [1 1 1]]]


 [[[1 0 1]
   [1 0 1]
   [0 0 1]]

  [[1 1 1]
   [1 0 1]
   [1 0 0]]]


 [[[1 1 1]
   [1 1 1]
   [1 1 1]]

  [[0 1 0]
   [1 0 1]
   [0 1 1]]]


 [[[1 1 1]
   [0 1 1]
   [1 1 1]]

  [[1 1 1]
   [0 1 0]
   [1 0 0]]]


 [[[0 0 1]
   [1 1 1]
   [0 1 1]]

  [[1 1 0]
   [0 1 0]
   [1 1 1]]]


 [[[0 0 1]
   [0 1 1]
   [1 1 1]]

  [[0 1 0]
   [1 1 1]
   [1 1 1]]]


 [[[0 1 1]
   [1 0 1]
   [1 1 0]]

  [[1 1 0]
   [1 0 0]
   [1 1 1]]]]
[[0 0 0 0 0 0 0 0 0 0 0 0 0 0 0 0]
 [0 0 0 0 0 0 0 0 0 0 0 0 0 0 0 0]
 [0 0 0 0 0 0 0 0 0 0 0 0 0 0 0 0]
 [0 0 0 0 0 0 0 0 0 0 0 0 0 0 0 0]
 [0 0 0 0 0 0 0 0 0 0 0 0 0 0 0 0]
 [0 0 0 0 0 0 0 0 0 0 0 0 0 0 0 0]
 [0 0 0 0 0 0 0 0 0 0 0 0 0 0 0 0]
 [0 0 0 0 0 0 0 1 1 1 0 0 0 0 0 0]
 [0 0 0 0 0 0 0 1 1 1 0 0 0 0 0 0]
 [0 0 0 0 0 0 0 0 1 1 0 0 0 0 0 0]
 [0 0 0 0 0 0 0 0 0 0 0 0 0 0 0 0]
 [0 0 0 0 0 0 0 0 0 0 0 0 0 0 0 0]
 [0 0 0 0 0 0 0 0 0 0 0 0 0 0 0 0]
 [0 0 0 0 0 0 0 0 0 0 0 0 0 0 0 0]
 [0 0 0 0 0 0 0 0 0 0 0 0 0 0 0 0]
 [0 0 0 0 0 0 0 0 0 0 0 0 0 0 0 0]]
GIF saved as EXP/NSY2NPR20POP2GEN2NUP20/animation.gif
