[[0. 0. 0. 1. 0. 0. 0.]
 [0. 0. 0. 1. 0. 0. 0.]
 [0. 0. 0. 1. 0. 0. 0.]
 [1. 1. 1. 1. 1. 1. 1.]
 [0. 0. 0. 1. 0. 0. 0.]
 [0. 0. 0. 1. 0. 0. 0.]
 [0. 0. 0. 1. 0. 0. 0.]]
(50_w,100)-aCMA-ES (mu_w=27.0,w_1=8%) in dimension 270 (seed=386417, Wed Sep 25 12:52:24 2024)
G:0, BEST PARAMS, BEST REWARD: -0.2067364758879838, CURRENT REWARD: -0.2067364758879838
G:1, BEST PARAMS, BEST REWARD: -0.1654052505466461, CURRENT REWARD: -0.1654052505466461
G:2, BEST PARAMS, BEST REWARD: -0.14483275068335252, CURRENT REWARD: -0.14483275068335252
G:3, BEST PARAMS, BEST REWARD: -0.14483275068335252, CURRENT REWARD: -0.14483275068335252
G:4, BEST PARAMS, BEST REWARD: -0.14483275068335252, CURRENT REWARD: -0.14483275068335252
G:5, BEST PARAMS, BEST REWARD: -0.14483275068335252, CURRENT REWARD: -0.14483275068335252
G:6, BEST PARAMS, BEST REWARD: -0.14483275068335252, CURRENT REWARD: -0.14483275068335252
G:7, BEST PARAMS, BEST REWARD: -0.14483275068335252, CURRENT REWARD: -0.14483275068335252
G:8, BEST PARAMS, BEST REWARD: -0.14483275068335252, CURRENT REWARD: -0.14483275068335252
G:9, BEST PARAMS, BEST REWARD: -0.1447676677596234, CURRENT REWARD: -0.1447676677596234
G:10, BEST PARAMS, BEST REWARD: -0.1447676677596234, CURRENT REWARD: -0.1447676677596234
G:11, BEST PARAMS, BEST REWARD: -0.1447676677596234, CURRENT REWARD: -0.1447676677596234
G:12, BEST PARAMS, BEST REWARD: -0.1447676677596234, CURRENT REWARD: -0.1447676677596234
G:13, BEST PARAMS, BEST REWARD: -0.1447676677596234, CURRENT REWARD: -0.1447676677596234
G:14, BEST PARAMS, BEST REWARD: -0.12519286015426614, CURRENT REWARD: -0.12519286015426614
G:15, BEST PARAMS, BEST REWARD: -0.12519286015426614, CURRENT REWARD: -0.12519286015426614
G:16, BEST PARAMS, BEST REWARD: -0.12519286015426614, CURRENT REWARD: -0.12519286015426614
G:17, BEST PARAMS, BEST REWARD: -0.12517861868019242, CURRENT REWARD: -0.12517861868019242
G:18, BEST PARAMS, BEST REWARD: -0.12517861868019242, CURRENT REWARD: -0.12517861868019242
G:19, BEST PARAMS, BEST REWARD: -0.12517861868019242, CURRENT REWARD: -0.12517861868019242
G:20, BEST PARAMS, BEST REWARD: -0.12517861868019242, CURRENT REWARD: -0.12517861868019242
G:21, BEST PARAMS, BEST REWARD: -0.12517861868019242, CURRENT REWARD: -0.12517861868019242
G:22, BEST PARAMS, BEST REWARD: -0.12517861868019242, CURRENT REWARD: -0.12517861868019242
G:23, BEST PARAMS, BEST REWARD: -0.12517861868019242, CURRENT REWARD: -0.12517861868019242
G:24, BEST PARAMS, BEST REWARD: -0.12517861868019242, CURRENT REWARD: -0.12517861868019242
G:25, BEST PARAMS, BEST REWARD: -0.12517861868019242, CURRENT REWARD: -0.12517861868019242
G:26, BEST PARAMS, BEST REWARD: -0.12517861868019242, CURRENT REWARD: -0.12517861868019242
G:27, BEST PARAMS, BEST REWARD: -0.12517861868019242, CURRENT REWARD: -0.12517861868019242
G:28, BEST PARAMS, BEST REWARD: -0.12517861868019242, CURRENT REWARD: -0.12517861868019242
G:29, BEST PARAMS, BEST REWARD: -0.12517861868019242, CURRENT REWARD: -0.12517861868019242
G:30, BEST PARAMS, BEST REWARD: -0.12517861868019242, CURRENT REWARD: -0.12517861868019242
G:31, BEST PARAMS, BEST REWARD: -0.12517458692511957, CURRENT REWARD: -0.12517458692511957
G:32, BEST PARAMS, BEST REWARD: -0.12517458692511957, CURRENT REWARD: -0.12517458692511957
G:33, BEST PARAMS, BEST REWARD: -0.12517458692511957, CURRENT REWARD: -0.12517458692511957
G:34, BEST PARAMS, BEST REWARD: -0.12517458692511957, CURRENT REWARD: -0.12517458692511957
G:35, BEST PARAMS, BEST REWARD: -0.10530819469792695, CURRENT REWARD: -0.10530819469792695
G:36, BEST PARAMS, BEST REWARD: -0.10530819469792695, CURRENT REWARD: -0.10530819469792695
G:37, BEST PARAMS, BEST REWARD: -0.10530819469792695, CURRENT REWARD: -0.10530819469792695
G:38, BEST PARAMS, BEST REWARD: -0.10530819469792695, CURRENT REWARD: -0.10530819469792695
G:39, BEST PARAMS, BEST REWARD: -0.10530819469792695, CURRENT REWARD: -0.10530819469792695
G:40, BEST PARAMS, BEST REWARD: -0.10530819469792695, CURRENT REWARD: -0.10530819469792695
G:41, BEST PARAMS, BEST REWARD: -0.10530819469792695, CURRENT REWARD: -0.10530819469792695
G:42, BEST PARAMS, BEST REWARD: -0.10530819469792695, CURRENT REWARD: -0.10530819469792695
G:43, BEST PARAMS, BEST REWARD: -0.10530819469792695, CURRENT REWARD: -0.10530819469792695
G:44, BEST PARAMS, BEST REWARD: -0.10530819469792695, CURRENT REWARD: -0.10530819469792695
G:45, BEST PARAMS, BEST REWARD: -0.10530819469792695, CURRENT REWARD: -0.10530819469792695
G:46, BEST PARAMS, BEST REWARD: -0.10530819469792695, CURRENT REWARD: -0.10530819469792695
G:47, BEST PARAMS, BEST REWARD: -0.10530819469792695, CURRENT REWARD: -0.10530819469792695
G:48, BEST PARAMS, BEST REWARD: -0.10530819469792695, CURRENT REWARD: -0.10530819469792695
G:49, BEST PARAMS, BEST REWARD: -0.10530819469792695, CURRENT REWARD: -0.10530819469792695
G:50, BEST PARAMS, BEST REWARD: -0.10530819469792695, CURRENT REWARD: -0.10530819469792695
G:51, BEST PARAMS, BEST REWARD: -0.10530819469792695, CURRENT REWARD: -0.10530819469792695
G:52, BEST PARAMS, BEST REWARD: -0.10530819469792695, CURRENT REWARD: -0.10530819469792695
G:53, BEST PARAMS, BEST REWARD: -0.10530819469792695, CURRENT REWARD: -0.10530819469792695
G:54, BEST PARAMS, BEST REWARD: -0.10530819469792695, CURRENT REWARD: -0.10530819469792695
G:55, BEST PARAMS, BEST REWARD: -0.10530819469792695, CURRENT REWARD: -0.10530819469792695
G:56, BEST PARAMS, BEST REWARD: -0.10530819469792695, CURRENT REWARD: -0.10530819469792695
G:57, BEST PARAMS, BEST REWARD: -0.10530819469792695, CURRENT REWARD: -0.10530819469792695
G:58, BEST PARAMS, BEST REWARD: -0.10530819469792695, CURRENT REWARD: -0.10530819469792695
G:59, BEST PARAMS, BEST REWARD: -0.10530819469792695, CURRENT REWARD: -0.10530819469792695
G:60, BEST PARAMS, BEST REWARD: -0.10530819469792695, CURRENT REWARD: -0.10530819469792695
G:61, BEST PARAMS, BEST REWARD: -0.10530819469792695, CURRENT REWARD: -0.10530819469792695
G:62, BEST PARAMS, BEST REWARD: -0.10530819469792695, CURRENT REWARD: -0.10530819469792695
G:63, BEST PARAMS, BEST REWARD: -0.10530819469792695, CURRENT REWARD: -0.10530819469792695
G:64, BEST PARAMS, BEST REWARD: -0.10530819469792695, CURRENT REWARD: -0.10530819469792695
G:65, BEST PARAMS, BEST REWARD: -0.10530819469792695, CURRENT REWARD: -0.10530819469792695
G:66, BEST PARAMS, BEST REWARD: -0.10486984292054524, CURRENT REWARD: -0.10486984292054524
G:67, BEST PARAMS, BEST REWARD: -0.10486984292054524, CURRENT REWARD: -0.10486984292054524
G:68, BEST PARAMS, BEST REWARD: -0.10486984292054524, CURRENT REWARD: -0.10486984292054524
G:69, BEST PARAMS, BEST REWARD: -0.10486984292054524, CURRENT REWARD: -0.10486984292054524
G:70, BEST PARAMS, BEST REWARD: -0.10486984292054524, CURRENT REWARD: -0.10486984292054524
G:71, BEST PARAMS, BEST REWARD: -0.10486984292054524, CURRENT REWARD: -0.10486984292054524
G:72, BEST PARAMS, BEST REWARD: -0.10486984292054524, CURRENT REWARD: -0.10486984292054524
G:73, BEST PARAMS, BEST REWARD: -0.10486984292054524, CURRENT REWARD: -0.10486984292054524
G:74, BEST PARAMS, BEST REWARD: -0.10486984292054524, CURRENT REWARD: -0.10486984292054524
G:75, BEST PARAMS, BEST REWARD: -0.10474695649526483, CURRENT REWARD: -0.10474695649526483
G:76, BEST PARAMS, BEST REWARD: -0.10474695649526483, CURRENT REWARD: -0.10474695649526483
G:77, BEST PARAMS, BEST REWARD: -0.10474695649526483, CURRENT REWARD: -0.10474695649526483
G:78, BEST PARAMS, BEST REWARD: -0.10474695649526483, CURRENT REWARD: -0.10474695649526483
G:79, BEST PARAMS, BEST REWARD: -0.10474695649526483, CURRENT REWARD: -0.10474695649526483
G:80, BEST PARAMS, BEST REWARD: -0.10464086094350043, CURRENT REWARD: -0.10464086094350043
G:81, BEST PARAMS, BEST REWARD: -0.10464086094350043, CURRENT REWARD: -0.10464086094350043
G:82, BEST PARAMS, BEST REWARD: -0.10464086094350043, CURRENT REWARD: -0.10464086094350043
G:83, BEST PARAMS, BEST REWARD: -0.10464086094350043, CURRENT REWARD: -0.10464086094350043
G:84, BEST PARAMS, BEST REWARD: -0.10464086094350043, CURRENT REWARD: -0.10464086094350043
G:85, BEST PARAMS, BEST REWARD: -0.10464086094350043, CURRENT REWARD: -0.10464086094350043
G:86, BEST PARAMS, BEST REWARD: -0.10464086094350043, CURRENT REWARD: -0.10464086094350043
G:87, BEST PARAMS, BEST REWARD: -0.10464086094350043, CURRENT REWARD: -0.10464086094350043
G:88, BEST PARAMS, BEST REWARD: -0.10464086094350043, CURRENT REWARD: -0.10464086094350043
G:89, BEST PARAMS, BEST REWARD: -0.10456465355428822, CURRENT REWARD: -0.10456465355428822
G:90, BEST PARAMS, BEST REWARD: -0.10449613662808499, CURRENT REWARD: -0.10449613662808499
G:91, BEST PARAMS, BEST REWARD: -0.10449613662808499, CURRENT REWARD: -0.10449613662808499
G:92, BEST PARAMS, BEST REWARD: -0.10449613662808499, CURRENT REWARD: -0.10449613662808499
G:93, BEST PARAMS, BEST REWARD: -0.10449613662808499, CURRENT REWARD: -0.10449613662808499
G:94, BEST PARAMS, BEST REWARD: -0.10449613662808499, CURRENT REWARD: -0.10449613662808499
G:95, BEST PARAMS, BEST REWARD: -0.08425032620060319, CURRENT REWARD: -0.08425032620060319
G:96, BEST PARAMS, BEST REWARD: -0.08425032620060319, CURRENT REWARD: -0.08425032620060319
G:97, BEST PARAMS, BEST REWARD: -0.08425032620060319, CURRENT REWARD: -0.08425032620060319
G:98, BEST PARAMS, BEST REWARD: -0.08425032620060319, CURRENT REWARD: -0.08425032620060319
G:99, BEST PARAMS, BEST REWARD: -0.08425032620060319, CURRENT REWARD: -0.08425032620060319
G:100, BEST PARAMS, BEST REWARD: -0.08425032620060319, CURRENT REWARD: -0.08425032620060319
G:101, BEST PARAMS, BEST REWARD: -0.08425032620060319, CURRENT REWARD: -0.08425032620060319
G:102, BEST PARAMS, BEST REWARD: -0.08425032620060319, CURRENT REWARD: -0.08425032620060319
G:103, BEST PARAMS, BEST REWARD: -0.08421688362628382, CURRENT REWARD: -0.08421688362628382
G:104, BEST PARAMS, BEST REWARD: -0.08410802194610151, CURRENT REWARD: -0.08410802194610151
G:105, BEST PARAMS, BEST REWARD: -0.08410802194610151, CURRENT REWARD: -0.08410802194610151
G:106, BEST PARAMS, BEST REWARD: -0.08410802194610151, CURRENT REWARD: -0.08410802194610151
G:107, BEST PARAMS, BEST REWARD: -0.08410802194610151, CURRENT REWARD: -0.08410802194610151
G:108, BEST PARAMS, BEST REWARD: -0.08410802194610151, CURRENT REWARD: -0.08410802194610151
G:109, BEST PARAMS, BEST REWARD: -0.08399577656839258, CURRENT REWARD: -0.08399577656839258
G:110, BEST PARAMS, BEST REWARD: -0.08399363578048286, CURRENT REWARD: -0.08399363578048286
G:111, BEST PARAMS, BEST REWARD: -0.08394573060048764, CURRENT REWARD: -0.08394573060048764
G:112, BEST PARAMS, BEST REWARD: -0.08394573060048764, CURRENT REWARD: -0.08394573060048764
G:113, BEST PARAMS, BEST REWARD: -0.08394573060048764, CURRENT REWARD: -0.08394573060048764
G:114, BEST PARAMS, BEST REWARD: -0.08394573060048764, CURRENT REWARD: -0.08394573060048764
G:115, BEST PARAMS, BEST REWARD: -0.08394573060048764, CURRENT REWARD: -0.08394573060048764
G:116, BEST PARAMS, BEST REWARD: -0.08394573060048764, CURRENT REWARD: -0.08394573060048764
G:117, BEST PARAMS, BEST REWARD: -0.08394573060048764, CURRENT REWARD: -0.08394573060048764
G:118, BEST PARAMS, BEST REWARD: -0.08394573060048764, CURRENT REWARD: -0.08394573060048764
G:119, BEST PARAMS, BEST REWARD: -0.06395537321795829, CURRENT REWARD: -0.06395537321795829
G:120, BEST PARAMS, BEST REWARD: -0.06395537321795829, CURRENT REWARD: -0.06395537321795829
G:121, BEST PARAMS, BEST REWARD: -0.06391693838663076, CURRENT REWARD: -0.06391693838663076
G:122, BEST PARAMS, BEST REWARD: -0.06391693838663076, CURRENT REWARD: -0.06391693838663076
G:123, BEST PARAMS, BEST REWARD: -0.0636853734643538, CURRENT REWARD: -0.0636853734643538
G:124, BEST PARAMS, BEST REWARD: -0.0636853734643538, CURRENT REWARD: -0.0636853734643538
G:125, BEST PARAMS, BEST REWARD: -0.0636853734643538, CURRENT REWARD: -0.0636853734643538
G:126, BEST PARAMS, BEST REWARD: -0.0636853734643538, CURRENT REWARD: -0.0636853734643538
G:127, BEST PARAMS, BEST REWARD: -0.0636853734643538, CURRENT REWARD: -0.0636853734643538
G:128, BEST PARAMS, BEST REWARD: -0.0636853734643538, CURRENT REWARD: -0.0636853734643538
G:129, BEST PARAMS, BEST REWARD: -0.0636853734643538, CURRENT REWARD: -0.0636853734643538
G:130, BEST PARAMS, BEST REWARD: -0.06361434928345482, CURRENT REWARD: -0.06361434928345482
G:131, BEST PARAMS, BEST REWARD: -0.06361434928345482, CURRENT REWARD: -0.06361434928345482
G:132, BEST PARAMS, BEST REWARD: -0.06361434928345482, CURRENT REWARD: -0.06361434928345482
G:133, BEST PARAMS, BEST REWARD: -0.06361434928345482, CURRENT REWARD: -0.06361434928345482
G:134, BEST PARAMS, BEST REWARD: -0.06361434928345482, CURRENT REWARD: -0.06361434928345482
G:135, BEST PARAMS, BEST REWARD: -0.06361434928345482, CURRENT REWARD: -0.06361434928345482
G:136, BEST PARAMS, BEST REWARD: -0.043639949358981786, CURRENT REWARD: -0.043639949358981786
G:137, BEST PARAMS, BEST REWARD: -0.043639949358981786, CURRENT REWARD: -0.043639949358981786
G:138, BEST PARAMS, BEST REWARD: -0.043639949358981786, CURRENT REWARD: -0.043639949358981786
G:139, BEST PARAMS, BEST REWARD: -0.043639949358981786, CURRENT REWARD: -0.043639949358981786
G:140, BEST PARAMS, BEST REWARD: -0.043639949358981786, CURRENT REWARD: -0.043639949358981786
G:141, BEST PARAMS, BEST REWARD: -0.043639949358981786, CURRENT REWARD: -0.043639949358981786
G:142, BEST PARAMS, BEST REWARD: -0.043639949358981786, CURRENT REWARD: -0.043639949358981786
G:143, BEST PARAMS, BEST REWARD: -0.043639949358981786, CURRENT REWARD: -0.043639949358981786
G:144, BEST PARAMS, BEST REWARD: -0.043639949358981786, CURRENT REWARD: -0.043639949358981786
G:145, BEST PARAMS, BEST REWARD: -0.04341891004535437, CURRENT REWARD: -0.04341891004535437
G:146, BEST PARAMS, BEST REWARD: -0.04341891004535437, CURRENT REWARD: -0.04341891004535437
G:147, BEST PARAMS, BEST REWARD: -0.04341891004535437, CURRENT REWARD: -0.04341891004535437
G:148, BEST PARAMS, BEST REWARD: -0.04341891004535437, CURRENT REWARD: -0.04341891004535437
G:149, BEST PARAMS, BEST REWARD: -0.04341891004535437, CURRENT REWARD: -0.04341891004535437
G:150, BEST PARAMS, BEST REWARD: -0.04341891004535437, CURRENT REWARD: -0.04341891004535437
G:151, BEST PARAMS, BEST REWARD: -0.04314762284918001, CURRENT REWARD: -0.04314762284918001
G:152, BEST PARAMS, BEST REWARD: -0.04314762284918001, CURRENT REWARD: -0.04314762284918001
G:153, BEST PARAMS, BEST REWARD: -0.04314762284918001, CURRENT REWARD: -0.04314762284918001
G:154, BEST PARAMS, BEST REWARD: -0.04314762284918001, CURRENT REWARD: -0.04314762284918001
G:155, BEST PARAMS, BEST REWARD: -0.04314762284918001, CURRENT REWARD: -0.04314762284918001
G:156, BEST PARAMS, BEST REWARD: -0.04314762284918001, CURRENT REWARD: -0.04314762284918001
G:157, BEST PARAMS, BEST REWARD: -0.04314762284918001, CURRENT REWARD: -0.04314762284918001
G:158, BEST PARAMS, BEST REWARD: -0.04314762284918001, CURRENT REWARD: -0.04314762284918001
G:159, BEST PARAMS, BEST REWARD: -0.04314762284918001, CURRENT REWARD: -0.04314762284918001
G:160, BEST PARAMS, BEST REWARD: -0.04314762284918001, CURRENT REWARD: -0.04314762284918001
G:161, BEST PARAMS, BEST REWARD: -0.04314762284918001, CURRENT REWARD: -0.04314762284918001
G:162, BEST PARAMS, BEST REWARD: -0.04314762284918001, CURRENT REWARD: -0.04314762284918001
G:163, BEST PARAMS, BEST REWARD: -0.04314762284918001, CURRENT REWARD: -0.04314762284918001
G:164, BEST PARAMS, BEST REWARD: -0.04314762284918001, CURRENT REWARD: -0.04314762284918001
G:165, BEST PARAMS, BEST REWARD: -0.04314762284918001, CURRENT REWARD: -0.04314762284918001
G:166, BEST PARAMS, BEST REWARD: -0.04314762284918001, CURRENT REWARD: -0.04314762284918001
G:167, BEST PARAMS, BEST REWARD: -0.04314762284918001, CURRENT REWARD: -0.04314762284918001
G:168, BEST PARAMS, BEST REWARD: -0.04314762284918001, CURRENT REWARD: -0.04314762284918001
G:169, BEST PARAMS, BEST REWARD: -0.04314762284918001, CURRENT REWARD: -0.04314762284918001
G:170, BEST PARAMS, BEST REWARD: -0.04314762284918001, CURRENT REWARD: -0.04314762284918001
G:171, BEST PARAMS, BEST REWARD: -0.04314762284918001, CURRENT REWARD: -0.04314762284918001
G:172, BEST PARAMS, BEST REWARD: -0.04275329948423762, CURRENT REWARD: -0.04275329948423762
G:173, BEST PARAMS, BEST REWARD: -0.04275329948423762, CURRENT REWARD: -0.04275329948423762
G:174, BEST PARAMS, BEST REWARD: -0.04275329948423762, CURRENT REWARD: -0.04275329948423762
G:175, BEST PARAMS, BEST REWARD: -0.04275329948423762, CURRENT REWARD: -0.04275329948423762
G:176, BEST PARAMS, BEST REWARD: -0.04275329948423762, CURRENT REWARD: -0.04275329948423762
G:177, BEST PARAMS, BEST REWARD: -0.04275329948423762, CURRENT REWARD: -0.04275329948423762
G:178, BEST PARAMS, BEST REWARD: -0.04275329948423762, CURRENT REWARD: -0.04275329948423762
G:179, BEST PARAMS, BEST REWARD: -0.04275329948423762, CURRENT REWARD: -0.04275329948423762
G:180, BEST PARAMS, BEST REWARD: -0.04275329948423762, CURRENT REWARD: -0.04275329948423762
G:181, BEST PARAMS, BEST REWARD: -0.04275329948423762, CURRENT REWARD: -0.04275329948423762
G:182, BEST PARAMS, BEST REWARD: -0.04275329948423762, CURRENT REWARD: -0.04275329948423762
G:183, BEST PARAMS, BEST REWARD: -0.04275329948423762, CURRENT REWARD: -0.04275329948423762
G:184, BEST PARAMS, BEST REWARD: -0.04262004822122135, CURRENT REWARD: -0.04262004822122135
G:185, BEST PARAMS, BEST REWARD: -0.04262004822122135, CURRENT REWARD: -0.04262004822122135
G:186, BEST PARAMS, BEST REWARD: -0.042477012695677364, CURRENT REWARD: -0.042477012695677364
G:187, BEST PARAMS, BEST REWARD: -0.042477012695677364, CURRENT REWARD: -0.042477012695677364
G:188, BEST PARAMS, BEST REWARD: -0.04245866993340352, CURRENT REWARD: -0.04245866993340352
G:189, BEST PARAMS, BEST REWARD: -0.042417354151790834, CURRENT REWARD: -0.042417354151790834
G:190, BEST PARAMS, BEST REWARD: -0.042417354151790834, CURRENT REWARD: -0.042417354151790834
G:191, BEST PARAMS, BEST REWARD: -0.042417354151790834, CURRENT REWARD: -0.042417354151790834
G:192, BEST PARAMS, BEST REWARD: -0.042417354151790834, CURRENT REWARD: -0.042417354151790834
G:193, BEST PARAMS, BEST REWARD: -0.04226286921758869, CURRENT REWARD: -0.04226286921758869
G:194, BEST PARAMS, BEST REWARD: -0.04226286921758869, CURRENT REWARD: -0.04226286921758869
G:195, BEST PARAMS, BEST REWARD: -0.04226286921758869, CURRENT REWARD: -0.04226286921758869
G:196, BEST PARAMS, BEST REWARD: -0.04226286921758869, CURRENT REWARD: -0.04226286921758869
G:197, BEST PARAMS, BEST REWARD: -0.04226286921758869, CURRENT REWARD: -0.04226286921758869
G:198, BEST PARAMS, BEST REWARD: -0.04226286921758869, CURRENT REWARD: -0.04226286921758869
G:199, BEST PARAMS, BEST REWARD: -0.04226286921758869, CURRENT REWARD: -0.04226286921758869
G:200, BEST PARAMS, BEST REWARD: -0.04226286921758869, CURRENT REWARD: -0.04226286921758869
G:201, BEST PARAMS, BEST REWARD: -0.04226286921758869, CURRENT REWARD: -0.04226286921758869
G:202, BEST PARAMS, BEST REWARD: -0.04226286921758869, CURRENT REWARD: -0.04226286921758869
G:203, BEST PARAMS, BEST REWARD: -0.04226286921758869, CURRENT REWARD: -0.04226286921758869
G:204, BEST PARAMS, BEST REWARD: -0.04226286921758869, CURRENT REWARD: -0.04226286921758869
G:205, BEST PARAMS, BEST REWARD: -0.04226286921758869, CURRENT REWARD: -0.04226286921758869
G:206, BEST PARAMS, BEST REWARD: -0.04226286921758869, CURRENT REWARD: -0.04226286921758869
G:207, BEST PARAMS, BEST REWARD: -0.04226286921758869, CURRENT REWARD: -0.04226286921758869
G:208, BEST PARAMS, BEST REWARD: -0.042194420383564184, CURRENT REWARD: -0.042194420383564184
G:209, BEST PARAMS, BEST REWARD: -0.042194420383564184, CURRENT REWARD: -0.042194420383564184
G:210, BEST PARAMS, BEST REWARD: -0.021988278810486133, CURRENT REWARD: -0.021988278810486133
G:211, BEST PARAMS, BEST REWARD: -0.021988278810486133, CURRENT REWARD: -0.021988278810486133
G:212, BEST PARAMS, BEST REWARD: -0.021988278810486133, CURRENT REWARD: -0.021988278810486133
G:213, BEST PARAMS, BEST REWARD: -0.021988278810486133, CURRENT REWARD: -0.021988278810486133
G:214, BEST PARAMS, BEST REWARD: -0.02193016526479313, CURRENT REWARD: -0.02193016526479313
G:215, BEST PARAMS, BEST REWARD: -0.02193016526479313, CURRENT REWARD: -0.02193016526479313
G:216, BEST PARAMS, BEST REWARD: -0.02193016526479313, CURRENT REWARD: -0.02193016526479313
G:217, BEST PARAMS, BEST REWARD: -0.0218750881350595, CURRENT REWARD: -0.0218750881350595
G:218, BEST PARAMS, BEST REWARD: -0.0218750881350595, CURRENT REWARD: -0.0218750881350595
G:219, BEST PARAMS, BEST REWARD: -0.0218750881350595, CURRENT REWARD: -0.0218750881350595
G:220, BEST PARAMS, BEST REWARD: -0.0218750881350595, CURRENT REWARD: -0.0218750881350595
G:221, BEST PARAMS, BEST REWARD: -0.02181074355564165, CURRENT REWARD: -0.02181074355564165
G:222, BEST PARAMS, BEST REWARD: -0.02181074355564165, CURRENT REWARD: -0.02181074355564165
G:223, BEST PARAMS, BEST REWARD: -0.02181074355564165, CURRENT REWARD: -0.02181074355564165
G:224, BEST PARAMS, BEST REWARD: -0.02181074355564165, CURRENT REWARD: -0.02181074355564165
G:225, BEST PARAMS, BEST REWARD: -0.02181074355564165, CURRENT REWARD: -0.02181074355564165
G:226, BEST PARAMS, BEST REWARD: -0.02173602949968699, CURRENT REWARD: -0.02173602949968699
G:227, BEST PARAMS, BEST REWARD: -0.02173602949968699, CURRENT REWARD: -0.02173602949968699
G:228, BEST PARAMS, BEST REWARD: -0.02173602949968699, CURRENT REWARD: -0.02173602949968699
G:229, BEST PARAMS, BEST REWARD: -0.021706324351844188, CURRENT REWARD: -0.021706324351844188
G:230, BEST PARAMS, BEST REWARD: -0.021698245901649812, CURRENT REWARD: -0.021698245901649812
G:231, BEST PARAMS, BEST REWARD: -0.021682003691663308, CURRENT REWARD: -0.021682003691663308
G:232, BEST PARAMS, BEST REWARD: -0.021682003691663308, CURRENT REWARD: -0.021682003691663308
G:233, BEST PARAMS, BEST REWARD: -0.021682003691663308, CURRENT REWARD: -0.021682003691663308
G:234, BEST PARAMS, BEST REWARD: -0.021673766898644375, CURRENT REWARD: -0.021673766898644375
G:235, BEST PARAMS, BEST REWARD: -0.021673766898644375, CURRENT REWARD: -0.021673766898644375
G:236, BEST PARAMS, BEST REWARD: -0.021673766898644375, CURRENT REWARD: -0.021673766898644375
G:237, BEST PARAMS, BEST REWARD: -0.02162534210915854, CURRENT REWARD: -0.02162534210915854
G:238, BEST PARAMS, BEST REWARD: -0.021587612884039157, CURRENT REWARD: -0.021587612884039157
G:239, BEST PARAMS, BEST REWARD: -0.021587612884039157, CURRENT REWARD: -0.021587612884039157
G:240, BEST PARAMS, BEST REWARD: -0.021587612884039157, CURRENT REWARD: -0.021587612884039157
G:241, BEST PARAMS, BEST REWARD: -0.021532027839305808, CURRENT REWARD: -0.021532027839305808
G:242, BEST PARAMS, BEST REWARD: -0.021528361136400564, CURRENT REWARD: -0.021528361136400564
G:243, BEST PARAMS, BEST REWARD: -0.021528361136400564, CURRENT REWARD: -0.021528361136400564
G:244, BEST PARAMS, BEST REWARD: -0.021528361136400564, CURRENT REWARD: -0.021528361136400564
G:245, BEST PARAMS, BEST REWARD: -0.021528361136400564, CURRENT REWARD: -0.021528361136400564
G:246, BEST PARAMS, BEST REWARD: -0.021515690477694076, CURRENT REWARD: -0.021515690477694076
G:247, BEST PARAMS, BEST REWARD: -0.021479931454941256, CURRENT REWARD: -0.021479931454941256
G:248, BEST PARAMS, BEST REWARD: -0.021470316549331334, CURRENT REWARD: -0.021470316549331334
G:249, BEST PARAMS, BEST REWARD: -0.001065140662539848, CURRENT REWARD: -0.001065140662539848
G:250, BEST PARAMS, BEST REWARD: -0.001065140662539848, CURRENT REWARD: -0.001065140662539848
G:251, BEST PARAMS, BEST REWARD: -0.001065140662539848, CURRENT REWARD: -0.001065140662539848
G:252, BEST PARAMS, BEST REWARD: -0.001065140662539848, CURRENT REWARD: -0.001065140662539848
G:253, BEST PARAMS, BEST REWARD: -0.001065140662539848, CURRENT REWARD: -0.001065140662539848
G:254, BEST PARAMS, BEST REWARD: -0.001065140662539848, CURRENT REWARD: -0.001065140662539848
G:255, BEST PARAMS, BEST REWARD: -0.001065140662539848, CURRENT REWARD: -0.001065140662539848
G:256, BEST PARAMS, BEST REWARD: -0.001065140662539848, CURRENT REWARD: -0.001065140662539848
G:257, BEST PARAMS, BEST REWARD: -0.001065140662539848, CURRENT REWARD: -0.001065140662539848
G:258, BEST PARAMS, BEST REWARD: -0.001065140662539848, CURRENT REWARD: -0.001065140662539848
G:259, BEST PARAMS, BEST REWARD: -0.001065140662539848, CURRENT REWARD: -0.001065140662539848
G:260, BEST PARAMS, BEST REWARD: -0.001065140662539848, CURRENT REWARD: -0.001065140662539848
G:261, BEST PARAMS, BEST REWARD: -0.001065140662539848, CURRENT REWARD: -0.001065140662539848
G:262, BEST PARAMS, BEST REWARD: -0.001065140662539848, CURRENT REWARD: -0.001065140662539848
G:263, BEST PARAMS, BEST REWARD: -0.001065140662539848, CURRENT REWARD: -0.001065140662539848
G:264, BEST PARAMS, BEST REWARD: -0.001065140662539848, CURRENT REWARD: -0.001065140662539848
G:265, BEST PARAMS, BEST REWARD: -0.001065140662539848, CURRENT REWARD: -0.001065140662539848
G:266, BEST PARAMS, BEST REWARD: -0.001065140662539848, CURRENT REWARD: -0.001065140662539848
G:267, BEST PARAMS, BEST REWARD: -0.001065140662539848, CURRENT REWARD: -0.001065140662539848
G:268, BEST PARAMS, BEST REWARD: -0.001065140662539848, CURRENT REWARD: -0.001065140662539848
G:269, BEST PARAMS, BEST REWARD: -0.001065140662539848, CURRENT REWARD: -0.001065140662539848
G:270, BEST PARAMS, BEST REWARD: -0.001065140662539848, CURRENT REWARD: -0.001065140662539848
G:271, BEST PARAMS, BEST REWARD: -0.001065140662539848, CURRENT REWARD: -0.001065140662539848
G:272, BEST PARAMS, BEST REWARD: -0.001065140662539848, CURRENT REWARD: -0.001065140662539848
G:273, BEST PARAMS, BEST REWARD: -0.001065140662539848, CURRENT REWARD: -0.001065140662539848
G:274, BEST PARAMS, BEST REWARD: -0.001065140662539848, CURRENT REWARD: -0.001065140662539848
G:275, BEST PARAMS, BEST REWARD: -0.001065140662539848, CURRENT REWARD: -0.001065140662539848
G:276, BEST PARAMS, BEST REWARD: -0.001065140662539848, CURRENT REWARD: -0.001065140662539848
G:277, BEST PARAMS, BEST REWARD: -0.001065140662539848, CURRENT REWARD: -0.001065140662539848
G:278, BEST PARAMS, BEST REWARD: -0.001065140662539848, CURRENT REWARD: -0.001065140662539848
G:279, BEST PARAMS, BEST REWARD: -0.001065140662539848, CURRENT REWARD: -0.001065140662539848
G:280, BEST PARAMS, BEST REWARD: -0.001065140662539848, CURRENT REWARD: -0.001065140662539848
G:281, BEST PARAMS, BEST REWARD: -0.001065140662539848, CURRENT REWARD: -0.001065140662539848
G:282, BEST PARAMS, BEST REWARD: -0.001065140662539848, CURRENT REWARD: -0.001065140662539848
G:283, BEST PARAMS, BEST REWARD: -0.001065140662539848, CURRENT REWARD: -0.001065140662539848
G:284, BEST PARAMS, BEST REWARD: -0.001065140662539848, CURRENT REWARD: -0.001065140662539848
G:285, BEST PARAMS, BEST REWARD: -0.001065140662539848, CURRENT REWARD: -0.001065140662539848
G:286, BEST PARAMS, BEST REWARD: -0.001065140662539848, CURRENT REWARD: -0.001065140662539848
G:287, BEST PARAMS, BEST REWARD: -0.001065140662539848, CURRENT REWARD: -0.001065140662539848
G:288, BEST PARAMS, BEST REWARD: -0.001065140662539848, CURRENT REWARD: -0.001065140662539848
G:289, BEST PARAMS, BEST REWARD: -0.001065140662539848, CURRENT REWARD: -0.001065140662539848
G:290, BEST PARAMS, BEST REWARD: -0.001065140662539848, CURRENT REWARD: -0.001065140662539848
G:291, BEST PARAMS, BEST REWARD: -0.001065140662539848, CURRENT REWARD: -0.001065140662539848
G:292, BEST PARAMS, BEST REWARD: -0.001065140662539848, CURRENT REWARD: -0.001065140662539848
G:293, BEST PARAMS, BEST REWARD: -0.001065140662539848, CURRENT REWARD: -0.001065140662539848
G:294, BEST PARAMS, BEST REWARD: -0.001065140662539848, CURRENT REWARD: -0.001065140662539848
G:295, BEST PARAMS, BEST REWARD: -0.001065140662539848, CURRENT REWARD: -0.001065140662539848
G:296, BEST PARAMS, BEST REWARD: -0.001065140662539848, CURRENT REWARD: -0.001065140662539848
G:297, BEST PARAMS, BEST REWARD: -0.001065140662539848, CURRENT REWARD: -0.001065140662539848
G:298, BEST PARAMS, BEST REWARD: -0.001065140662539848, CURRENT REWARD: -0.001065140662539848
G:299, BEST PARAMS, BEST REWARD: -0.001065140662539848, CURRENT REWARD: -0.001065140662539848
G:300, BEST PARAMS, BEST REWARD: -0.001065140662539848, CURRENT REWARD: -0.001065140662539848
G:301, BEST PARAMS, BEST REWARD: -0.001065140662539848, CURRENT REWARD: -0.001065140662539848
G:302, BEST PARAMS, BEST REWARD: -0.001065140662539848, CURRENT REWARD: -0.001065140662539848
G:303, BEST PARAMS, BEST REWARD: -0.001065140662539848, CURRENT REWARD: -0.001065140662539848
G:304, BEST PARAMS, BEST REWARD: -0.001065140662539848, CURRENT REWARD: -0.001065140662539848
G:305, BEST PARAMS, BEST REWARD: -0.001065140662539848, CURRENT REWARD: -0.001065140662539848
G:306, BEST PARAMS, BEST REWARD: -0.001065140662539848, CURRENT REWARD: -0.001065140662539848
G:307, BEST PARAMS, BEST REWARD: -0.001065140662539848, CURRENT REWARD: -0.001065140662539848
G:308, BEST PARAMS, BEST REWARD: -0.001065140662539848, CURRENT REWARD: -0.001065140662539848
G:309, BEST PARAMS, BEST REWARD: -0.001065140662539848, CURRENT REWARD: -0.001065140662539848
G:310, BEST PARAMS, BEST REWARD: -0.001065140662539848, CURRENT REWARD: -0.001065140662539848
G:311, BEST PARAMS, BEST REWARD: -0.001065140662539848, CURRENT REWARD: -0.001065140662539848
G:312, BEST PARAMS, BEST REWARD: -0.001065140662539848, CURRENT REWARD: -0.001065140662539848
G:313, BEST PARAMS, BEST REWARD: -0.001065140662539848, CURRENT REWARD: -0.001065140662539848
G:314, BEST PARAMS, BEST REWARD: -0.001065140662539848, CURRENT REWARD: -0.001065140662539848
G:315, BEST PARAMS, BEST REWARD: -0.001065140662539848, CURRENT REWARD: -0.001065140662539848
G:316, BEST PARAMS, BEST REWARD: -0.001065140662539848, CURRENT REWARD: -0.001065140662539848
G:317, BEST PARAMS, BEST REWARD: -0.001065140662539848, CURRENT REWARD: -0.001065140662539848
G:318, BEST PARAMS, BEST REWARD: -0.001065140662539848, CURRENT REWARD: -0.001065140662539848
G:319, BEST PARAMS, BEST REWARD: -0.001065140662539848, CURRENT REWARD: -0.001065140662539848
G:320, BEST PARAMS, BEST REWARD: -0.001065140662539848, CURRENT REWARD: -0.001065140662539848
G:321, BEST PARAMS, BEST REWARD: -0.001065140662539848, CURRENT REWARD: -0.001065140662539848
G:322, BEST PARAMS, BEST REWARD: -0.001065140662539848, CURRENT REWARD: -0.001065140662539848
G:323, BEST PARAMS, BEST REWARD: -0.001065140662539848, CURRENT REWARD: -0.001065140662539848
G:324, BEST PARAMS, BEST REWARD: -0.001065140662539848, CURRENT REWARD: -0.001065140662539848
G:325, BEST PARAMS, BEST REWARD: -0.001065140662539848, CURRENT REWARD: -0.001065140662539848
G:326, BEST PARAMS, BEST REWARD: -0.001065140662539848, CURRENT REWARD: -0.001065140662539848
G:327, BEST PARAMS, BEST REWARD: -0.001065140662539848, CURRENT REWARD: -0.001065140662539848
G:328, BEST PARAMS, BEST REWARD: -0.001065140662539848, CURRENT REWARD: -0.001065140662539848
G:329, BEST PARAMS, BEST REWARD: -0.001065140662539848, CURRENT REWARD: -0.001065140662539848
G:330, BEST PARAMS, BEST REWARD: -0.001065140662539848, CURRENT REWARD: -0.001065140662539848
G:331, BEST PARAMS, BEST REWARD: -0.001065140662539848, CURRENT REWARD: -0.001065140662539848
G:332, BEST PARAMS, BEST REWARD: -0.001065140662539848, CURRENT REWARD: -0.001065140662539848
G:333, BEST PARAMS, BEST REWARD: -0.001065140662539848, CURRENT REWARD: -0.001065140662539848
G:334, BEST PARAMS, BEST REWARD: -0.001065140662539848, CURRENT REWARD: -0.001065140662539848
G:335, BEST PARAMS, BEST REWARD: -0.001065140662539848, CURRENT REWARD: -0.001065140662539848
G:336, BEST PARAMS, BEST REWARD: -0.001065140662539848, CURRENT REWARD: -0.001065140662539848
G:337, BEST PARAMS, BEST REWARD: -0.001065140662539848, CURRENT REWARD: -0.001065140662539848
G:338, BEST PARAMS, BEST REWARD: -0.001065140662539848, CURRENT REWARD: -0.001065140662539848
G:339, BEST PARAMS, BEST REWARD: -0.001065140662539848, CURRENT REWARD: -0.001065140662539848
G:340, BEST PARAMS, BEST REWARD: -0.001065140662539848, CURRENT REWARD: -0.001065140662539848
G:341, BEST PARAMS, BEST REWARD: -0.001065140662539848, CURRENT REWARD: -0.001065140662539848
G:342, BEST PARAMS, BEST REWARD: -0.001065140662539848, CURRENT REWARD: -0.001065140662539848
G:343, BEST PARAMS, BEST REWARD: -0.001065140662539848, CURRENT REWARD: -0.001065140662539848
G:344, BEST PARAMS, BEST REWARD: -0.001065140662539848, CURRENT REWARD: -0.001065140662539848
G:345, BEST PARAMS, BEST REWARD: -0.001065140662539848, CURRENT REWARD: -0.001065140662539848
G:346, BEST PARAMS, BEST REWARD: -0.001065140662539848, CURRENT REWARD: -0.001065140662539848
G:347, BEST PARAMS, BEST REWARD: -0.001065140662539848, CURRENT REWARD: -0.001065140662539848
G:348, BEST PARAMS, BEST REWARD: -0.001065140662539848, CURRENT REWARD: -0.001065140662539848
G:349, BEST PARAMS, BEST REWARD: -0.001065140662539848, CURRENT REWARD: -0.001065140662539848
G:350, BEST PARAMS, BEST REWARD: -0.001065140662539848, CURRENT REWARD: -0.001065140662539848
G:351, BEST PARAMS, BEST REWARD: -0.001065140662539848, CURRENT REWARD: -0.001065140662539848
G:352, BEST PARAMS, BEST REWARD: -0.001065140662539848, CURRENT REWARD: -0.001065140662539848
G:353, BEST PARAMS, BEST REWARD: -0.001065140662539848, CURRENT REWARD: -0.001065140662539848
G:354, BEST PARAMS, BEST REWARD: -0.001065140662539848, CURRENT REWARD: -0.001065140662539848
G:355, BEST PARAMS, BEST REWARD: -0.001065140662539848, CURRENT REWARD: -0.001065140662539848
G:356, BEST PARAMS, BEST REWARD: -0.001065140662539848, CURRENT REWARD: -0.001065140662539848
G:357, BEST PARAMS, BEST REWARD: -0.001065140662539848, CURRENT REWARD: -0.001065140662539848
G:358, BEST PARAMS, BEST REWARD: -0.001065140662539848, CURRENT REWARD: -0.001065140662539848
G:359, BEST PARAMS, BEST REWARD: -0.001065140662539848, CURRENT REWARD: -0.001065140662539848
G:360, BEST PARAMS, BEST REWARD: -0.001065140662539848, CURRENT REWARD: -0.001065140662539848
G:361, BEST PARAMS, BEST REWARD: -0.001065140662539848, CURRENT REWARD: -0.001065140662539848
G:362, BEST PARAMS, BEST REWARD: -0.001065140662539848, CURRENT REWARD: -0.001065140662539848
G:363, BEST PARAMS, BEST REWARD: -0.001065140662539848, CURRENT REWARD: -0.001065140662539848
G:364, BEST PARAMS, BEST REWARD: -0.001065140662539848, CURRENT REWARD: -0.001065140662539848
G:365, BEST PARAMS, BEST REWARD: -0.001065140662539848, CURRENT REWARD: -0.001065140662539848
G:366, BEST PARAMS, BEST REWARD: -0.001065140662539848, CURRENT REWARD: -0.001065140662539848
G:367, BEST PARAMS, BEST REWARD: -0.001065140662539848, CURRENT REWARD: -0.001065140662539848
G:368, BEST PARAMS, BEST REWARD: -0.001065140662539848, CURRENT REWARD: -0.001065140662539848
G:369, BEST PARAMS, BEST REWARD: -0.001065140662539848, CURRENT REWARD: -0.001065140662539848
G:370, BEST PARAMS, BEST REWARD: -0.001065140662539848, CURRENT REWARD: -0.001065140662539848
G:371, BEST PARAMS, BEST REWARD: -0.001065140662539848, CURRENT REWARD: -0.001065140662539848
G:372, BEST PARAMS, BEST REWARD: -0.001065140662539848, CURRENT REWARD: -0.001065140662539848
G:373, BEST PARAMS, BEST REWARD: -0.001065140662539848, CURRENT REWARD: -0.001065140662539848
G:374, BEST PARAMS, BEST REWARD: -0.001065140662539848, CURRENT REWARD: -0.001065140662539848
G:375, BEST PARAMS, BEST REWARD: -0.001065140662539848, CURRENT REWARD: -0.001065140662539848
G:376, BEST PARAMS, BEST REWARD: -0.001065140662539848, CURRENT REWARD: -0.001065140662539848
G:377, BEST PARAMS, BEST REWARD: -0.001065140662539848, CURRENT REWARD: -0.001065140662539848
G:378, BEST PARAMS, BEST REWARD: -0.001065140662539848, CURRENT REWARD: -0.001065140662539848
G:379, BEST PARAMS, BEST REWARD: -0.001065140662539848, CURRENT REWARD: -0.001065140662539848
G:380, BEST PARAMS, BEST REWARD: -0.001065140662539848, CURRENT REWARD: -0.001065140662539848
G:381, BEST PARAMS, BEST REWARD: -0.001065140662539848, CURRENT REWARD: -0.001065140662539848
G:382, BEST PARAMS, BEST REWARD: -0.001065140662539848, CURRENT REWARD: -0.001065140662539848
G:383, BEST PARAMS, BEST REWARD: -0.001065140662539848, CURRENT REWARD: -0.001065140662539848
G:384, BEST PARAMS, BEST REWARD: -0.001065140662539848, CURRENT REWARD: -0.001065140662539848
G:385, BEST PARAMS, BEST REWARD: -0.001065140662539848, CURRENT REWARD: -0.001065140662539848
G:386, BEST PARAMS, BEST REWARD: -0.001065140662539848, CURRENT REWARD: -0.001065140662539848
G:387, BEST PARAMS, BEST REWARD: -0.001065140662539848, CURRENT REWARD: -0.001065140662539848
G:388, BEST PARAMS, BEST REWARD: -0.001065140662539848, CURRENT REWARD: -0.001065140662539848
G:389, BEST PARAMS, BEST REWARD: -0.001065140662539848, CURRENT REWARD: -0.001065140662539848
G:390, BEST PARAMS, BEST REWARD: -0.001065140662539848, CURRENT REWARD: -0.001065140662539848
G:391, BEST PARAMS, BEST REWARD: -0.001065140662539848, CURRENT REWARD: -0.001065140662539848
G:392, BEST PARAMS, BEST REWARD: -0.001065140662539848, CURRENT REWARD: -0.001065140662539848
G:393, BEST PARAMS, BEST REWARD: -0.001065140662539848, CURRENT REWARD: -0.001065140662539848
G:394, BEST PARAMS, BEST REWARD: -0.001065140662539848, CURRENT REWARD: -0.001065140662539848
G:395, BEST PARAMS, BEST REWARD: -0.001065140662539848, CURRENT REWARD: -0.001065140662539848
G:396, BEST PARAMS, BEST REWARD: -0.001065140662539848, CURRENT REWARD: -0.001065140662539848
G:397, BEST PARAMS, BEST REWARD: -0.001065140662539848, CURRENT REWARD: -0.001065140662539848
G:398, BEST PARAMS, BEST REWARD: -0.001065140662539848, CURRENT REWARD: -0.001065140662539848
G:399, BEST PARAMS, BEST REWARD: -0.001065140662539848, CURRENT REWARD: -0.001065140662539848
G:400, BEST PARAMS, BEST REWARD: -0.001065140662539848, CURRENT REWARD: -0.001065140662539848
G:401, BEST PARAMS, BEST REWARD: -0.001065140662539848, CURRENT REWARD: -0.001065140662539848
G:402, BEST PARAMS, BEST REWARD: -0.001065140662539848, CURRENT REWARD: -0.001065140662539848
G:403, BEST PARAMS, BEST REWARD: -0.001065140662539848, CURRENT REWARD: -0.001065140662539848
G:404, BEST PARAMS, BEST REWARD: -0.001065140662539848, CURRENT REWARD: -0.001065140662539848
G:405, BEST PARAMS, BEST REWARD: -0.001065140662539848, CURRENT REWARD: -0.001065140662539848
G:406, BEST PARAMS, BEST REWARD: -0.001065140662539848, CURRENT REWARD: -0.001065140662539848
G:407, BEST PARAMS, BEST REWARD: -0.001065140662539848, CURRENT REWARD: -0.001065140662539848
G:408, BEST PARAMS, BEST REWARD: -0.001065140662539848, CURRENT REWARD: -0.001065140662539848
G:409, BEST PARAMS, BEST REWARD: -0.001065140662539848, CURRENT REWARD: -0.001065140662539848
G:410, BEST PARAMS, BEST REWARD: -0.001065140662539848, CURRENT REWARD: -0.001065140662539848
G:411, BEST PARAMS, BEST REWARD: -0.001065140662539848, CURRENT REWARD: -0.001065140662539848
G:412, BEST PARAMS, BEST REWARD: -0.001065140662539848, CURRENT REWARD: -0.001065140662539848
G:413, BEST PARAMS, BEST REWARD: -0.001065140662539848, CURRENT REWARD: -0.001065140662539848
G:414, BEST PARAMS, BEST REWARD: -0.001065140662539848, CURRENT REWARD: -0.001065140662539848
G:415, BEST PARAMS, BEST REWARD: -0.001065140662539848, CURRENT REWARD: -0.001065140662539848
G:416, BEST PARAMS, BEST REWARD: -0.001065140662539848, CURRENT REWARD: -0.001065140662539848
G:417, BEST PARAMS, BEST REWARD: -0.001065140662539848, CURRENT REWARD: -0.001065140662539848
G:418, BEST PARAMS, BEST REWARD: -0.001065140662539848, CURRENT REWARD: -0.001065140662539848
G:419, BEST PARAMS, BEST REWARD: -0.001065140662539848, CURRENT REWARD: -0.001065140662539848
G:420, BEST PARAMS, BEST REWARD: -0.001065140662539848, CURRENT REWARD: -0.001065140662539848
G:421, BEST PARAMS, BEST REWARD: -0.001065140662539848, CURRENT REWARD: -0.001065140662539848
G:422, BEST PARAMS, BEST REWARD: -0.001065140662539848, CURRENT REWARD: -0.001065140662539848
G:423, BEST PARAMS, BEST REWARD: -0.001065140662539848, CURRENT REWARD: -0.001065140662539848
G:424, BEST PARAMS, BEST REWARD: -0.001065140662539848, CURRENT REWARD: -0.001065140662539848
G:425, BEST PARAMS, BEST REWARD: -0.001065140662539848, CURRENT REWARD: -0.001065140662539848
G:426, BEST PARAMS, BEST REWARD: -0.001065140662539848, CURRENT REWARD: -0.001065140662539848
G:427, BEST PARAMS, BEST REWARD: -0.001065140662539848, CURRENT REWARD: -0.001065140662539848
G:428, BEST PARAMS, BEST REWARD: -0.001065140662539848, CURRENT REWARD: -0.001065140662539848
G:429, BEST PARAMS, BEST REWARD: -0.001065140662539848, CURRENT REWARD: -0.001065140662539848
G:430, BEST PARAMS, BEST REWARD: -0.001065140662539848, CURRENT REWARD: -0.001065140662539848
G:431, BEST PARAMS, BEST REWARD: -0.001065140662539848, CURRENT REWARD: -0.001065140662539848
G:432, BEST PARAMS, BEST REWARD: -0.001065140662539848, CURRENT REWARD: -0.001065140662539848
G:433, BEST PARAMS, BEST REWARD: -0.001065140662539848, CURRENT REWARD: -0.001065140662539848
G:434, BEST PARAMS, BEST REWARD: -0.001065140662539848, CURRENT REWARD: -0.001065140662539848
G:435, BEST PARAMS, BEST REWARD: -0.001065140662539848, CURRENT REWARD: -0.001065140662539848
G:436, BEST PARAMS, BEST REWARD: -0.001065140662539848, CURRENT REWARD: -0.001065140662539848
G:437, BEST PARAMS, BEST REWARD: -0.001065140662539848, CURRENT REWARD: -0.001065140662539848
G:438, BEST PARAMS, BEST REWARD: -0.001065140662539848, CURRENT REWARD: -0.001065140662539848
G:439, BEST PARAMS, BEST REWARD: -0.001065140662539848, CURRENT REWARD: -0.001065140662539848
G:440, BEST PARAMS, BEST REWARD: -0.001065140662539848, CURRENT REWARD: -0.001065140662539848
G:441, BEST PARAMS, BEST REWARD: -0.001065140662539848, CURRENT REWARD: -0.001065140662539848
G:442, BEST PARAMS, BEST REWARD: -0.001065140662539848, CURRENT REWARD: -0.001065140662539848
G:443, BEST PARAMS, BEST REWARD: -0.001065140662539848, CURRENT REWARD: -0.001065140662539848
G:444, BEST PARAMS, BEST REWARD: -0.001065140662539848, CURRENT REWARD: -0.001065140662539848
G:445, BEST PARAMS, BEST REWARD: -0.001065140662539848, CURRENT REWARD: -0.001065140662539848
G:446, BEST PARAMS, BEST REWARD: -0.001065140662539848, CURRENT REWARD: -0.001065140662539848
G:447, BEST PARAMS, BEST REWARD: -0.001065140662539848, CURRENT REWARD: -0.001065140662539848
G:448, BEST PARAMS, BEST REWARD: -0.001065140662539848, CURRENT REWARD: -0.001065140662539848
G:449, BEST PARAMS, BEST REWARD: -0.001065140662539848, CURRENT REWARD: -0.001065140662539848
G:450, BEST PARAMS, BEST REWARD: -0.001065140662539848, CURRENT REWARD: -0.001065140662539848
G:451, BEST PARAMS, BEST REWARD: -0.001065140662539848, CURRENT REWARD: -0.001065140662539848
G:452, BEST PARAMS, BEST REWARD: -0.001065140662539848, CURRENT REWARD: -0.001065140662539848
G:453, BEST PARAMS, BEST REWARD: -0.001065140662539848, CURRENT REWARD: -0.001065140662539848
G:454, BEST PARAMS, BEST REWARD: -0.001065140662539848, CURRENT REWARD: -0.001065140662539848
G:455, BEST PARAMS, BEST REWARD: -0.001065140662539848, CURRENT REWARD: -0.001065140662539848
G:456, BEST PARAMS, BEST REWARD: -0.001065140662539848, CURRENT REWARD: -0.001065140662539848
G:457, BEST PARAMS, BEST REWARD: -0.001065140662539848, CURRENT REWARD: -0.001065140662539848
G:458, BEST PARAMS, BEST REWARD: -0.001065140662539848, CURRENT REWARD: -0.001065140662539848
G:459, BEST PARAMS, BEST REWARD: -0.001065140662539848, CURRENT REWARD: -0.001065140662539848
G:460, BEST PARAMS, BEST REWARD: -0.001065140662539848, CURRENT REWARD: -0.001065140662539848
G:461, BEST PARAMS, BEST REWARD: -0.001065140662539848, CURRENT REWARD: -0.001065140662539848
G:462, BEST PARAMS, BEST REWARD: -0.001065140662539848, CURRENT REWARD: -0.001065140662539848
G:463, BEST PARAMS, BEST REWARD: -0.001065140662539848, CURRENT REWARD: -0.001065140662539848
G:464, BEST PARAMS, BEST REWARD: -0.001065140662539848, CURRENT REWARD: -0.001065140662539848
G:465, BEST PARAMS, BEST REWARD: -0.001065140662539848, CURRENT REWARD: -0.001065140662539848
G:466, BEST PARAMS, BEST REWARD: -0.001065140662539848, CURRENT REWARD: -0.001065140662539848
G:467, BEST PARAMS, BEST REWARD: -0.001065140662539848, CURRENT REWARD: -0.001065140662539848
G:468, BEST PARAMS, BEST REWARD: -0.001065140662539848, CURRENT REWARD: -0.001065140662539848
G:469, BEST PARAMS, BEST REWARD: -0.001065140662539848, CURRENT REWARD: -0.001065140662539848
G:470, BEST PARAMS, BEST REWARD: -0.001065140662539848, CURRENT REWARD: -0.001065140662539848
G:471, BEST PARAMS, BEST REWARD: -0.001065140662539848, CURRENT REWARD: -0.001065140662539848
G:472, BEST PARAMS, BEST REWARD: -0.001065140662539848, CURRENT REWARD: -0.001065140662539848
G:473, BEST PARAMS, BEST REWARD: -0.001065140662539848, CURRENT REWARD: -0.001065140662539848
G:474, BEST PARAMS, BEST REWARD: -0.001065140662539848, CURRENT REWARD: -0.001065140662539848
G:475, BEST PARAMS, BEST REWARD: -0.001065140662539848, CURRENT REWARD: -0.001065140662539848
G:476, BEST PARAMS, BEST REWARD: -0.001065140662539848, CURRENT REWARD: -0.001065140662539848
G:477, BEST PARAMS, BEST REWARD: -0.001065140662539848, CURRENT REWARD: -0.001065140662539848
G:478, BEST PARAMS, BEST REWARD: -0.001065140662539848, CURRENT REWARD: -0.001065140662539848
G:479, BEST PARAMS, BEST REWARD: -0.001065140662539848, CURRENT REWARD: -0.001065140662539848
G:480, BEST PARAMS, BEST REWARD: -0.001065140662539848, CURRENT REWARD: -0.001065140662539848
G:481, BEST PARAMS, BEST REWARD: -0.001065140662539848, CURRENT REWARD: -0.001065140662539848
G:482, BEST PARAMS, BEST REWARD: -0.001065140662539848, CURRENT REWARD: -0.001065140662539848
G:483, BEST PARAMS, BEST REWARD: -0.001065140662539848, CURRENT REWARD: -0.001065140662539848
G:484, BEST PARAMS, BEST REWARD: -0.001065140662539848, CURRENT REWARD: -0.001065140662539848
G:485, BEST PARAMS, BEST REWARD: -0.001065140662539848, CURRENT REWARD: -0.001065140662539848
G:486, BEST PARAMS, BEST REWARD: -0.001065140662539848, CURRENT REWARD: -0.001065140662539848
G:487, BEST PARAMS, BEST REWARD: -0.001065140662539848, CURRENT REWARD: -0.001065140662539848
G:488, BEST PARAMS, BEST REWARD: -0.001065140662539848, CURRENT REWARD: -0.001065140662539848
G:489, BEST PARAMS, BEST REWARD: -0.001065140662539848, CURRENT REWARD: -0.001065140662539848
G:490, BEST PARAMS, BEST REWARD: -0.001065140662539848, CURRENT REWARD: -0.001065140662539848
G:491, BEST PARAMS, BEST REWARD: -0.001065140662539848, CURRENT REWARD: -0.001065140662539848
G:492, BEST PARAMS, BEST REWARD: -0.001065140662539848, CURRENT REWARD: -0.001065140662539848
G:493, BEST PARAMS, BEST REWARD: -0.001065140662539848, CURRENT REWARD: -0.001065140662539848
G:494, BEST PARAMS, BEST REWARD: -0.001065140662539848, CURRENT REWARD: -0.001065140662539848
G:495, BEST PARAMS, BEST REWARD: -0.001065140662539848, CURRENT REWARD: -0.001065140662539848
G:496, BEST PARAMS, BEST REWARD: -0.001065140662539848, CURRENT REWARD: -0.001065140662539848
G:497, BEST PARAMS, BEST REWARD: -0.001065140662539848, CURRENT REWARD: -0.001065140662539848
G:498, BEST PARAMS, BEST REWARD: -0.001065140662539848, CURRENT REWARD: -0.001065140662539848
G:499, BEST PARAMS, BEST REWARD: -0.001065140662539848, CURRENT REWARD: -0.001065140662539848
P: [[[[ 0  0  0]
   [ 0  1  0]
   [ 0  0  0]]

  [[ 0  1  0]
   [ 1  0  1]
   [ 0  1  0]]]


 [[[ 1  1  0]
   [ 1  0  0]
   [ 0  0  0]]

  [[ 0  0  0]
   [ 0  0  0]
   [ 1  0  0]]]


 [[[ 0  0  0]
   [ 0  0  0]
   [ 0  0  1]]

  [[ 0  0  0]
   [ 0  0  0]
   [ 0  0  0]]]


 [[[ 0  0  0]
   [ 0  0  0]
   [ 0  0  0]]

  [[ 0  0  0]
   [ 0  0  0]
   [ 0  0  0]]]


 [[[ 1  0  0]
   [ 1  0  0]
   [ 0  0  0]]

  [[ 0  0  0]
   [ 0  0  0]
   [ 1  0  0]]]


 [[[ 0  0  0]
   [ 1  0  0]
   [ 0  0  0]]

  [[ 0  0  0]
   [ 0  0  1]
   [ 0  0  0]]]


 [[[ 0  0  0]
   [ 0  0  0]
   [ 1  0  0]]

  [[ 0  0  0]
   [ 0  0  0]
   [ 0  0  0]]]


 [[[ 0  1  0]
   [ 0  0  0]
   [ 0  0  0]]

  [[ 0  0  0]
   [-1  0  0]
   [ 0  0  0]]]


 [[[ 0  0  0]
   [ 0  0  0]
   [ 0  0  0]]

  [[ 0 -1  0]
   [ 0  0  0]
   [ 0  0  0]]]


 [[[ 0  0  0]
   [ 0  0  0]
   [ 0  0  1]]

  [[ 0  0  0]
   [ 0  0  0]
   [ 0  0  0]]]


 [[[ 0  0  0]
   [ 1  0  0]
   [ 1  1  0]]

  [[ 1  0  0]
   [ 0  0  0]
   [ 0  0  1]]]


 [[[ 0  0  0]
   [ 0  0  1]
   [ 0  0  0]]

  [[ 0  0  0]
   [ 1  1  0]
   [ 0  0  0]]]


 [[[ 0  0  0]
   [ 0  0  0]
   [ 0  0  0]]

  [[ 0  0  0]
   [ 0  0  0]
   [ 0 -1  0]]]


 [[[ 0  1  0]
   [ 0  0  1]
   [ 0  0  0]]

  [[ 0  0  0]
   [ 0  0  0]
   [ 0  0  0]]]


 [[[ 0  0  0]
   [ 0  1  0]
   [ 0  1  0]]

  [[ 0  1  0]
   [-1  0  0]
   [ 0  0  0]]]]
[[0 0 0 1 0 0 0]
 [0 0 0 1 0 0 0]
 [0 0 0 1 0 0 0]
 [1 1 1 1 1 1 1]
 [0 0 0 1 0 0 0]
 [0 0 0 1 0 0 0]
 [0 0 0 1 0 0 0]]
GIF saved as EXP/Run_6/animation.gif
