[[0. 0. 0. 1. 0. 0. 0.]
 [0. 0. 0. 1. 0. 0. 0.]
 [0. 0. 0. 1. 0. 0. 0.]
 [1. 1. 1. 1. 1. 1. 1.]
 [0. 0. 0. 1. 0. 0. 0.]
 [0. 0. 0. 1. 0. 0. 0.]
 [0. 0. 0. 1. 0. 0. 0.]]
(50_w,100)-aCMA-ES (mu_w=27.0,w_1=8%) in dimension 270 (seed=349037, Wed Sep 25 12:52:21 2024)
G:0, BEST PARAMS, BEST REWARD: -0.20630649371683782, CURRENT REWARD: -0.20630649371683782
G:1, BEST PARAMS, BEST REWARD: -0.16568652044140728, CURRENT REWARD: -0.16568652044140728
G:2, BEST PARAMS, BEST REWARD: -0.1653930324469163, CURRENT REWARD: -0.1653930324469163
G:3, BEST PARAMS, BEST REWARD: -0.1653930324469163, CURRENT REWARD: -0.1653930324469163
G:4, BEST PARAMS, BEST REWARD: -0.1653930324469163, CURRENT REWARD: -0.1653930324469163
G:5, BEST PARAMS, BEST REWARD: -0.14498412039952924, CURRENT REWARD: -0.14498412039952924
G:6, BEST PARAMS, BEST REWARD: -0.14498412039952924, CURRENT REWARD: -0.14498412039952924
G:7, BEST PARAMS, BEST REWARD: -0.14498412039952924, CURRENT REWARD: -0.14498412039952924
G:8, BEST PARAMS, BEST REWARD: -0.14498412039952924, CURRENT REWARD: -0.14498412039952924
G:9, BEST PARAMS, BEST REWARD: -0.14498412039952924, CURRENT REWARD: -0.14498412039952924
G:10, BEST PARAMS, BEST REWARD: -0.14498412039952924, CURRENT REWARD: -0.14498412039952924
G:11, BEST PARAMS, BEST REWARD: -0.14498412039952924, CURRENT REWARD: -0.14498412039952924
G:12, BEST PARAMS, BEST REWARD: -0.14498412039952924, CURRENT REWARD: -0.14498412039952924
G:13, BEST PARAMS, BEST REWARD: -0.14498412039952924, CURRENT REWARD: -0.14498412039952924
G:14, BEST PARAMS, BEST REWARD: -0.12425943383327046, CURRENT REWARD: -0.12425943383327046
G:15, BEST PARAMS, BEST REWARD: -0.10484218914063145, CURRENT REWARD: -0.10484218914063145
G:16, BEST PARAMS, BEST REWARD: -0.10484218914063145, CURRENT REWARD: -0.10484218914063145
G:17, BEST PARAMS, BEST REWARD: -0.10484218914063145, CURRENT REWARD: -0.10484218914063145
G:18, BEST PARAMS, BEST REWARD: -0.10484218914063145, CURRENT REWARD: -0.10484218914063145
G:19, BEST PARAMS, BEST REWARD: -0.10484218914063145, CURRENT REWARD: -0.10484218914063145
G:20, BEST PARAMS, BEST REWARD: -0.10484218914063145, CURRENT REWARD: -0.10484218914063145
G:21, BEST PARAMS, BEST REWARD: -0.10484218914063145, CURRENT REWARD: -0.10484218914063145
G:22, BEST PARAMS, BEST REWARD: -0.10484218914063145, CURRENT REWARD: -0.10484218914063145
G:23, BEST PARAMS, BEST REWARD: -0.10484218914063145, CURRENT REWARD: -0.10484218914063145
G:24, BEST PARAMS, BEST REWARD: -0.10484218914063145, CURRENT REWARD: -0.10484218914063145
G:25, BEST PARAMS, BEST REWARD: -0.10484218914063145, CURRENT REWARD: -0.10484218914063145
G:26, BEST PARAMS, BEST REWARD: -0.10484218914063145, CURRENT REWARD: -0.10484218914063145
G:27, BEST PARAMS, BEST REWARD: -0.10484218914063145, CURRENT REWARD: -0.10484218914063145
G:28, BEST PARAMS, BEST REWARD: -0.10484218914063145, CURRENT REWARD: -0.10484218914063145
G:29, BEST PARAMS, BEST REWARD: -0.10484218914063145, CURRENT REWARD: -0.10484218914063145
G:30, BEST PARAMS, BEST REWARD: -0.10484218914063145, CURRENT REWARD: -0.10484218914063145
G:31, BEST PARAMS, BEST REWARD: -0.10456784076429068, CURRENT REWARD: -0.10456784076429068
G:32, BEST PARAMS, BEST REWARD: -0.10456784076429068, CURRENT REWARD: -0.10456784076429068
G:33, BEST PARAMS, BEST REWARD: -0.10456784076429068, CURRENT REWARD: -0.10456784076429068
G:34, BEST PARAMS, BEST REWARD: -0.10456784076429068, CURRENT REWARD: -0.10456784076429068
G:35, BEST PARAMS, BEST REWARD: -0.10456784076429068, CURRENT REWARD: -0.10456784076429068
G:36, BEST PARAMS, BEST REWARD: -0.10456784076429068, CURRENT REWARD: -0.10456784076429068
G:37, BEST PARAMS, BEST REWARD: -0.10456784076429068, CURRENT REWARD: -0.10456784076429068
G:38, BEST PARAMS, BEST REWARD: -0.10456784076429068, CURRENT REWARD: -0.10456784076429068
G:39, BEST PARAMS, BEST REWARD: -0.10456784076429068, CURRENT REWARD: -0.10456784076429068
G:40, BEST PARAMS, BEST REWARD: -0.10456784076429068, CURRENT REWARD: -0.10456784076429068
G:41, BEST PARAMS, BEST REWARD: -0.10456784076429068, CURRENT REWARD: -0.10456784076429068
G:42, BEST PARAMS, BEST REWARD: -0.10456784076429068, CURRENT REWARD: -0.10456784076429068
G:43, BEST PARAMS, BEST REWARD: -0.10456784076429068, CURRENT REWARD: -0.10456784076429068
G:44, BEST PARAMS, BEST REWARD: -0.10456784076429068, CURRENT REWARD: -0.10456784076429068
G:45, BEST PARAMS, BEST REWARD: -0.10456784076429068, CURRENT REWARD: -0.10456784076429068
G:46, BEST PARAMS, BEST REWARD: -0.10456784076429068, CURRENT REWARD: -0.10456784076429068
G:47, BEST PARAMS, BEST REWARD: -0.10456784076429068, CURRENT REWARD: -0.10456784076429068
G:48, BEST PARAMS, BEST REWARD: -0.10456784076429068, CURRENT REWARD: -0.10456784076429068
G:49, BEST PARAMS, BEST REWARD: -0.10456784076429068, CURRENT REWARD: -0.10456784076429068
G:50, BEST PARAMS, BEST REWARD: -0.10456784076429068, CURRENT REWARD: -0.10456784076429068
G:51, BEST PARAMS, BEST REWARD: -0.10456784076429068, CURRENT REWARD: -0.10456784076429068
G:52, BEST PARAMS, BEST REWARD: -0.10456784076429068, CURRENT REWARD: -0.10456784076429068
G:53, BEST PARAMS, BEST REWARD: -0.10456784076429068, CURRENT REWARD: -0.10456784076429068
G:54, BEST PARAMS, BEST REWARD: -0.10456784076429068, CURRENT REWARD: -0.10456784076429068
G:55, BEST PARAMS, BEST REWARD: -0.10456784076429068, CURRENT REWARD: -0.10456784076429068
G:56, BEST PARAMS, BEST REWARD: -0.10456784076429068, CURRENT REWARD: -0.10456784076429068
G:57, BEST PARAMS, BEST REWARD: -0.10456784076429068, CURRENT REWARD: -0.10456784076429068
G:58, BEST PARAMS, BEST REWARD: -0.10456784076429068, CURRENT REWARD: -0.10456784076429068
G:59, BEST PARAMS, BEST REWARD: -0.10456784076429068, CURRENT REWARD: -0.10456784076429068
G:60, BEST PARAMS, BEST REWARD: -0.10456784076429068, CURRENT REWARD: -0.10456784076429068
G:61, BEST PARAMS, BEST REWARD: -0.10456784076429068, CURRENT REWARD: -0.10456784076429068
G:62, BEST PARAMS, BEST REWARD: -0.10456784076429068, CURRENT REWARD: -0.10456784076429068
G:63, BEST PARAMS, BEST REWARD: -0.10456784076429068, CURRENT REWARD: -0.10456784076429068
G:64, BEST PARAMS, BEST REWARD: -0.10456784076429068, CURRENT REWARD: -0.10456784076429068
G:65, BEST PARAMS, BEST REWARD: -0.10456784076429068, CURRENT REWARD: -0.10456784076429068
G:66, BEST PARAMS, BEST REWARD: -0.10418667302031914, CURRENT REWARD: -0.10418667302031914
G:67, BEST PARAMS, BEST REWARD: -0.10418667302031914, CURRENT REWARD: -0.10418667302031914
G:68, BEST PARAMS, BEST REWARD: -0.10418667302031914, CURRENT REWARD: -0.10418667302031914
G:69, BEST PARAMS, BEST REWARD: -0.10418667302031914, CURRENT REWARD: -0.10418667302031914
G:70, BEST PARAMS, BEST REWARD: -0.10418667302031914, CURRENT REWARD: -0.10418667302031914
G:71, BEST PARAMS, BEST REWARD: -0.10418667302031914, CURRENT REWARD: -0.10418667302031914
G:72, BEST PARAMS, BEST REWARD: -0.10418667302031914, CURRENT REWARD: -0.10418667302031914
G:73, BEST PARAMS, BEST REWARD: -0.10418667302031914, CURRENT REWARD: -0.10418667302031914
G:74, BEST PARAMS, BEST REWARD: -0.10418667302031914, CURRENT REWARD: -0.10418667302031914
G:75, BEST PARAMS, BEST REWARD: -0.10418667302031914, CURRENT REWARD: -0.10418667302031914
G:76, BEST PARAMS, BEST REWARD: -0.10418667302031914, CURRENT REWARD: -0.10418667302031914
G:77, BEST PARAMS, BEST REWARD: -0.10418667302031914, CURRENT REWARD: -0.10418667302031914
G:78, BEST PARAMS, BEST REWARD: -0.10418667302031914, CURRENT REWARD: -0.10418667302031914
G:79, BEST PARAMS, BEST REWARD: -0.10407562109514928, CURRENT REWARD: -0.10407562109514928
G:80, BEST PARAMS, BEST REWARD: -0.10403708405408037, CURRENT REWARD: -0.10403708405408037
G:81, BEST PARAMS, BEST REWARD: -0.1040026463320702, CURRENT REWARD: -0.1040026463320702
G:82, BEST PARAMS, BEST REWARD: -0.1040026463320702, CURRENT REWARD: -0.1040026463320702
G:83, BEST PARAMS, BEST REWARD: -0.1040026463320702, CURRENT REWARD: -0.1040026463320702
G:84, BEST PARAMS, BEST REWARD: -0.10394808532632478, CURRENT REWARD: -0.10394808532632478
G:85, BEST PARAMS, BEST REWARD: -0.10392861941247417, CURRENT REWARD: -0.10392861941247417
G:86, BEST PARAMS, BEST REWARD: -0.10392861941247417, CURRENT REWARD: -0.10392861941247417
G:87, BEST PARAMS, BEST REWARD: -0.10392861941247417, CURRENT REWARD: -0.10392861941247417
G:88, BEST PARAMS, BEST REWARD: -0.10392861941247417, CURRENT REWARD: -0.10392861941247417
G:89, BEST PARAMS, BEST REWARD: -0.10381523902442337, CURRENT REWARD: -0.10381523902442337
G:90, BEST PARAMS, BEST REWARD: -0.10381523902442337, CURRENT REWARD: -0.10381523902442337
G:91, BEST PARAMS, BEST REWARD: -0.10381523902442337, CURRENT REWARD: -0.10381523902442337
G:92, BEST PARAMS, BEST REWARD: -0.10381523902442337, CURRENT REWARD: -0.10381523902442337
G:93, BEST PARAMS, BEST REWARD: -0.10381523902442337, CURRENT REWARD: -0.10381523902442337
G:94, BEST PARAMS, BEST REWARD: -0.10375726993113785, CURRENT REWARD: -0.10375726993113785
G:95, BEST PARAMS, BEST REWARD: -0.10375726993113785, CURRENT REWARD: -0.10375726993113785
G:96, BEST PARAMS, BEST REWARD: -0.10372612072089221, CURRENT REWARD: -0.10372612072089221
G:97, BEST PARAMS, BEST REWARD: -0.10372612072089221, CURRENT REWARD: -0.10372612072089221
G:98, BEST PARAMS, BEST REWARD: -0.10372612072089221, CURRENT REWARD: -0.10372612072089221
G:99, BEST PARAMS, BEST REWARD: -0.08335115559303975, CURRENT REWARD: -0.08335115559303975
G:100, BEST PARAMS, BEST REWARD: -0.08335115559303975, CURRENT REWARD: -0.08335115559303975
G:101, BEST PARAMS, BEST REWARD: -0.08335115559303975, CURRENT REWARD: -0.08335115559303975
G:102, BEST PARAMS, BEST REWARD: -0.08335115559303975, CURRENT REWARD: -0.08335115559303975
G:103, BEST PARAMS, BEST REWARD: -0.08335115559303975, CURRENT REWARD: -0.08335115559303975
G:104, BEST PARAMS, BEST REWARD: -0.08330581838126458, CURRENT REWARD: -0.08330581838126458
G:105, BEST PARAMS, BEST REWARD: -0.08330581838126458, CURRENT REWARD: -0.08330581838126458
G:106, BEST PARAMS, BEST REWARD: -0.08323478466975777, CURRENT REWARD: -0.08323478466975777
G:107, BEST PARAMS, BEST REWARD: -0.08323478466975777, CURRENT REWARD: -0.08323478466975777
G:108, BEST PARAMS, BEST REWARD: -0.08323478466975777, CURRENT REWARD: -0.08323478466975777
G:109, BEST PARAMS, BEST REWARD: -0.08323478466975777, CURRENT REWARD: -0.08323478466975777
G:110, BEST PARAMS, BEST REWARD: -0.08323478466975777, CURRENT REWARD: -0.08323478466975777
G:111, BEST PARAMS, BEST REWARD: -0.08323478466975777, CURRENT REWARD: -0.08323478466975777
G:112, BEST PARAMS, BEST REWARD: -0.08323478466975777, CURRENT REWARD: -0.08323478466975777
G:113, BEST PARAMS, BEST REWARD: -0.08323478466975777, CURRENT REWARD: -0.08323478466975777
G:114, BEST PARAMS, BEST REWARD: -0.08323478466975777, CURRENT REWARD: -0.08323478466975777
G:115, BEST PARAMS, BEST REWARD: -0.08323478466975777, CURRENT REWARD: -0.08323478466975777
G:116, BEST PARAMS, BEST REWARD: -0.08323478466975777, CURRENT REWARD: -0.08323478466975777
G:117, BEST PARAMS, BEST REWARD: -0.08323478466975777, CURRENT REWARD: -0.08323478466975777
G:118, BEST PARAMS, BEST REWARD: -0.08323478466975777, CURRENT REWARD: -0.08323478466975777
G:119, BEST PARAMS, BEST REWARD: -0.08323478466975777, CURRENT REWARD: -0.08323478466975777
G:120, BEST PARAMS, BEST REWARD: -0.08323478466975777, CURRENT REWARD: -0.08323478466975777
G:121, BEST PARAMS, BEST REWARD: -0.08323478466975777, CURRENT REWARD: -0.08323478466975777
G:122, BEST PARAMS, BEST REWARD: -0.08311170580026053, CURRENT REWARD: -0.08311170580026053
G:123, BEST PARAMS, BEST REWARD: -0.08311170580026053, CURRENT REWARD: -0.08311170580026053
G:124, BEST PARAMS, BEST REWARD: -0.08311170580026053, CURRENT REWARD: -0.08311170580026053
G:125, BEST PARAMS, BEST REWARD: -0.08300568312370742, CURRENT REWARD: -0.08300568312370742
G:126, BEST PARAMS, BEST REWARD: -0.08300568312370742, CURRENT REWARD: -0.08300568312370742
G:127, BEST PARAMS, BEST REWARD: -0.08300568312370742, CURRENT REWARD: -0.08300568312370742
G:128, BEST PARAMS, BEST REWARD: -0.06283524872589105, CURRENT REWARD: -0.06283524872589105
G:129, BEST PARAMS, BEST REWARD: -0.06283524872589105, CURRENT REWARD: -0.06283524872589105
G:130, BEST PARAMS, BEST REWARD: -0.06283524872589105, CURRENT REWARD: -0.06283524872589105
G:131, BEST PARAMS, BEST REWARD: -0.06267903771488945, CURRENT REWARD: -0.06267903771488945
G:132, BEST PARAMS, BEST REWARD: -0.06267903771488945, CURRENT REWARD: -0.06267903771488945
G:133, BEST PARAMS, BEST REWARD: -0.06267903771488945, CURRENT REWARD: -0.06267903771488945
G:134, BEST PARAMS, BEST REWARD: -0.06267903771488945, CURRENT REWARD: -0.06267903771488945
G:135, BEST PARAMS, BEST REWARD: -0.06267903771488945, CURRENT REWARD: -0.06267903771488945
G:136, BEST PARAMS, BEST REWARD: -0.06267903771488945, CURRENT REWARD: -0.06267903771488945
G:137, BEST PARAMS, BEST REWARD: -0.06267903771488945, CURRENT REWARD: -0.06267903771488945
G:138, BEST PARAMS, BEST REWARD: -0.06267903771488945, CURRENT REWARD: -0.06267903771488945
G:139, BEST PARAMS, BEST REWARD: -0.06265129531306608, CURRENT REWARD: -0.06265129531306608
G:140, BEST PARAMS, BEST REWARD: -0.06265129531306608, CURRENT REWARD: -0.06265129531306608
G:141, BEST PARAMS, BEST REWARD: -0.04247499415275, CURRENT REWARD: -0.04247499415275
G:142, BEST PARAMS, BEST REWARD: -0.04245625541816733, CURRENT REWARD: -0.04245625541816733
G:143, BEST PARAMS, BEST REWARD: -0.04245625541816733, CURRENT REWARD: -0.04245625541816733
G:144, BEST PARAMS, BEST REWARD: -0.0422835583478293, CURRENT REWARD: -0.0422835583478293
G:145, BEST PARAMS, BEST REWARD: -0.021938260934656083, CURRENT REWARD: -0.021938260934656083
G:146, BEST PARAMS, BEST REWARD: -0.02185308475372768, CURRENT REWARD: -0.02185308475372768
G:147, BEST PARAMS, BEST REWARD: -0.02185308475372768, CURRENT REWARD: -0.02185308475372768
G:148, BEST PARAMS, BEST REWARD: -0.02185308475372768, CURRENT REWARD: -0.02185308475372768
G:149, BEST PARAMS, BEST REWARD: -0.02185308475372768, CURRENT REWARD: -0.02185308475372768
G:150, BEST PARAMS, BEST REWARD: -0.02185308475372768, CURRENT REWARD: -0.02185308475372768
G:151, BEST PARAMS, BEST REWARD: -0.02185308475372768, CURRENT REWARD: -0.02185308475372768
G:152, BEST PARAMS, BEST REWARD: -0.02185308475372768, CURRENT REWARD: -0.02185308475372768
G:153, BEST PARAMS, BEST REWARD: -0.02185308475372768, CURRENT REWARD: -0.02185308475372768
G:154, BEST PARAMS, BEST REWARD: -0.02185308475372768, CURRENT REWARD: -0.02185308475372768
G:155, BEST PARAMS, BEST REWARD: -0.02185308475372768, CURRENT REWARD: -0.02185308475372768
G:156, BEST PARAMS, BEST REWARD: -0.02185308475372768, CURRENT REWARD: -0.02185308475372768
G:157, BEST PARAMS, BEST REWARD: -0.02185308475372768, CURRENT REWARD: -0.02185308475372768
G:158, BEST PARAMS, BEST REWARD: -0.02185308475372768, CURRENT REWARD: -0.02185308475372768
G:159, BEST PARAMS, BEST REWARD: -0.02185308475372768, CURRENT REWARD: -0.02185308475372768
G:160, BEST PARAMS, BEST REWARD: -0.02185308475372768, CURRENT REWARD: -0.02185308475372768
G:161, BEST PARAMS, BEST REWARD: -0.02185308475372768, CURRENT REWARD: -0.02185308475372768
G:162, BEST PARAMS, BEST REWARD: -0.02185308475372768, CURRENT REWARD: -0.02185308475372768
G:163, BEST PARAMS, BEST REWARD: -0.02185308475372768, CURRENT REWARD: -0.02185308475372768
G:164, BEST PARAMS, BEST REWARD: -0.02185308475372768, CURRENT REWARD: -0.02185308475372768
G:165, BEST PARAMS, BEST REWARD: -0.021838846118717233, CURRENT REWARD: -0.021838846118717233
G:166, BEST PARAMS, BEST REWARD: -0.021838846118717233, CURRENT REWARD: -0.021838846118717233
G:167, BEST PARAMS, BEST REWARD: -0.021838846118717233, CURRENT REWARD: -0.021838846118717233
G:168, BEST PARAMS, BEST REWARD: -0.021747632174750158, CURRENT REWARD: -0.021747632174750158
G:169, BEST PARAMS, BEST REWARD: -0.021747632174750158, CURRENT REWARD: -0.021747632174750158
G:170, BEST PARAMS, BEST REWARD: -0.021747632174750158, CURRENT REWARD: -0.021747632174750158
G:171, BEST PARAMS, BEST REWARD: -0.021744965531803065, CURRENT REWARD: -0.021744965531803065
G:172, BEST PARAMS, BEST REWARD: -0.021744965531803065, CURRENT REWARD: -0.021744965531803065
G:173, BEST PARAMS, BEST REWARD: -0.021744965531803065, CURRENT REWARD: -0.021744965531803065
G:174, BEST PARAMS, BEST REWARD: -0.021744965531803065, CURRENT REWARD: -0.021744965531803065
G:175, BEST PARAMS, BEST REWARD: -0.021744965531803065, CURRENT REWARD: -0.021744965531803065
G:176, BEST PARAMS, BEST REWARD: -0.021744965531803065, CURRENT REWARD: -0.021744965531803065
G:177, BEST PARAMS, BEST REWARD: -0.021744965531803065, CURRENT REWARD: -0.021744965531803065
G:178, BEST PARAMS, BEST REWARD: -0.021744965531803065, CURRENT REWARD: -0.021744965531803065
G:179, BEST PARAMS, BEST REWARD: -0.021626718916740496, CURRENT REWARD: -0.021626718916740496
G:180, BEST PARAMS, BEST REWARD: -0.021626718916740496, CURRENT REWARD: -0.021626718916740496
G:181, BEST PARAMS, BEST REWARD: -0.021626718916740496, CURRENT REWARD: -0.021626718916740496
G:182, BEST PARAMS, BEST REWARD: -0.021626718916740496, CURRENT REWARD: -0.021626718916740496
G:183, BEST PARAMS, BEST REWARD: -0.021626718916740496, CURRENT REWARD: -0.021626718916740496
G:184, BEST PARAMS, BEST REWARD: -0.021626718916740496, CURRENT REWARD: -0.021626718916740496
G:185, BEST PARAMS, BEST REWARD: -0.021626718916740496, CURRENT REWARD: -0.021626718916740496
G:186, BEST PARAMS, BEST REWARD: -0.021626718916740496, CURRENT REWARD: -0.021626718916740496
G:187, BEST PARAMS, BEST REWARD: -0.02152179008822698, CURRENT REWARD: -0.02152179008822698
G:188, BEST PARAMS, BEST REWARD: -0.02152179008822698, CURRENT REWARD: -0.02152179008822698
G:189, BEST PARAMS, BEST REWARD: -0.02152179008822698, CURRENT REWARD: -0.02152179008822698
G:190, BEST PARAMS, BEST REWARD: -0.02149434705759501, CURRENT REWARD: -0.02149434705759501
G:191, BEST PARAMS, BEST REWARD: -0.02149434705759501, CURRENT REWARD: -0.02149434705759501
G:192, BEST PARAMS, BEST REWARD: -0.02149434705759501, CURRENT REWARD: -0.02149434705759501
G:193, BEST PARAMS, BEST REWARD: -0.02149434705759501, CURRENT REWARD: -0.02149434705759501
G:194, BEST PARAMS, BEST REWARD: -0.02149434705759501, CURRENT REWARD: -0.02149434705759501
G:195, BEST PARAMS, BEST REWARD: -0.02149434705759501, CURRENT REWARD: -0.02149434705759501
G:196, BEST PARAMS, BEST REWARD: -0.02149434705759501, CURRENT REWARD: -0.02149434705759501
G:197, BEST PARAMS, BEST REWARD: -0.02149434705759501, CURRENT REWARD: -0.02149434705759501
G:198, BEST PARAMS, BEST REWARD: -0.02149434705759501, CURRENT REWARD: -0.02149434705759501
G:199, BEST PARAMS, BEST REWARD: -0.02149434705759501, CURRENT REWARD: -0.02149434705759501
G:200, BEST PARAMS, BEST REWARD: -0.02149434705759501, CURRENT REWARD: -0.02149434705759501
G:201, BEST PARAMS, BEST REWARD: -0.02136904857235264, CURRENT REWARD: -0.02136904857235264
G:202, BEST PARAMS, BEST REWARD: -0.021334484465735555, CURRENT REWARD: -0.021334484465735555
G:203, BEST PARAMS, BEST REWARD: -0.021334484465735555, CURRENT REWARD: -0.021334484465735555
G:204, BEST PARAMS, BEST REWARD: -0.021334484465735555, CURRENT REWARD: -0.021334484465735555
G:205, BEST PARAMS, BEST REWARD: -0.021213318565151688, CURRENT REWARD: -0.021213318565151688
G:206, BEST PARAMS, BEST REWARD: -0.021213318565151688, CURRENT REWARD: -0.021213318565151688
G:207, BEST PARAMS, BEST REWARD: -0.021213318565151688, CURRENT REWARD: -0.021213318565151688
G:208, BEST PARAMS, BEST REWARD: -0.021213318565151688, CURRENT REWARD: -0.021213318565151688
G:209, BEST PARAMS, BEST REWARD: -0.021213318565151688, CURRENT REWARD: -0.021213318565151688
G:210, BEST PARAMS, BEST REWARD: -0.021213318565151688, CURRENT REWARD: -0.021213318565151688
G:211, BEST PARAMS, BEST REWARD: -0.021171162716392918, CURRENT REWARD: -0.021171162716392918
G:212, BEST PARAMS, BEST REWARD: -0.021171162716392918, CURRENT REWARD: -0.021171162716392918
G:213, BEST PARAMS, BEST REWARD: -0.021171162716392918, CURRENT REWARD: -0.021171162716392918
G:214, BEST PARAMS, BEST REWARD: -0.021171162716392918, CURRENT REWARD: -0.021171162716392918
G:215, BEST PARAMS, BEST REWARD: -0.021171162716392918, CURRENT REWARD: -0.021171162716392918
G:216, BEST PARAMS, BEST REWARD: -0.021171162716392918, CURRENT REWARD: -0.021171162716392918
G:217, BEST PARAMS, BEST REWARD: -0.021171162716392918, CURRENT REWARD: -0.021171162716392918
G:218, BEST PARAMS, BEST REWARD: -0.021171162716392918, CURRENT REWARD: -0.021171162716392918
G:219, BEST PARAMS, BEST REWARD: -0.021171162716392918, CURRENT REWARD: -0.021171162716392918
G:220, BEST PARAMS, BEST REWARD: -0.021171162716392918, CURRENT REWARD: -0.021171162716392918
G:221, BEST PARAMS, BEST REWARD: -0.021171162716392918, CURRENT REWARD: -0.021171162716392918
G:222, BEST PARAMS, BEST REWARD: -0.021171162716392918, CURRENT REWARD: -0.021171162716392918
G:223, BEST PARAMS, BEST REWARD: -0.021171162716392918, CURRENT REWARD: -0.021171162716392918
G:224, BEST PARAMS, BEST REWARD: -0.021171162716392918, CURRENT REWARD: -0.021171162716392918
G:225, BEST PARAMS, BEST REWARD: -0.021171162716392918, CURRENT REWARD: -0.021171162716392918
G:226, BEST PARAMS, BEST REWARD: -0.021171162716392918, CURRENT REWARD: -0.021171162716392918
G:227, BEST PARAMS, BEST REWARD: -0.021171162716392918, CURRENT REWARD: -0.021171162716392918
G:228, BEST PARAMS, BEST REWARD: -0.021171162716392918, CURRENT REWARD: -0.021171162716392918
G:229, BEST PARAMS, BEST REWARD: -0.021018638593156815, CURRENT REWARD: -0.021018638593156815
G:230, BEST PARAMS, BEST REWARD: -0.021018638593156815, CURRENT REWARD: -0.021018638593156815
G:231, BEST PARAMS, BEST REWARD: -0.021018638593156815, CURRENT REWARD: -0.021018638593156815
G:232, BEST PARAMS, BEST REWARD: -0.021018638593156815, CURRENT REWARD: -0.021018638593156815
G:233, BEST PARAMS, BEST REWARD: -0.021018638593156815, CURRENT REWARD: -0.021018638593156815
G:234, BEST PARAMS, BEST REWARD: -0.021018638593156815, CURRENT REWARD: -0.021018638593156815
G:235, BEST PARAMS, BEST REWARD: -0.021018638593156815, CURRENT REWARD: -0.021018638593156815
G:236, BEST PARAMS, BEST REWARD: -0.021018638593156815, CURRENT REWARD: -0.021018638593156815
G:237, BEST PARAMS, BEST REWARD: -0.02098197851172142, CURRENT REWARD: -0.02098197851172142
G:238, BEST PARAMS, BEST REWARD: -0.02098197851172142, CURRENT REWARD: -0.02098197851172142
G:239, BEST PARAMS, BEST REWARD: -0.02098197851172142, CURRENT REWARD: -0.02098197851172142
G:240, BEST PARAMS, BEST REWARD: -0.02098197851172142, CURRENT REWARD: -0.02098197851172142
G:241, BEST PARAMS, BEST REWARD: -0.02098197851172142, CURRENT REWARD: -0.02098197851172142
G:242, BEST PARAMS, BEST REWARD: -0.02098197851172142, CURRENT REWARD: -0.02098197851172142
G:243, BEST PARAMS, BEST REWARD: -0.02098197851172142, CURRENT REWARD: -0.02098197851172142
G:244, BEST PARAMS, BEST REWARD: -0.02098197851172142, CURRENT REWARD: -0.02098197851172142
G:245, BEST PARAMS, BEST REWARD: -0.02098197851172142, CURRENT REWARD: -0.02098197851172142
G:246, BEST PARAMS, BEST REWARD: -0.02098197851172142, CURRENT REWARD: -0.02098197851172142
G:247, BEST PARAMS, BEST REWARD: -0.02098197851172142, CURRENT REWARD: -0.02098197851172142
G:248, BEST PARAMS, BEST REWARD: -0.020967664965057062, CURRENT REWARD: -0.020967664965057062
G:249, BEST PARAMS, BEST REWARD: -0.020967664965057062, CURRENT REWARD: -0.020967664965057062
G:250, BEST PARAMS, BEST REWARD: -0.020921096911623915, CURRENT REWARD: -0.020921096911623915
G:251, BEST PARAMS, BEST REWARD: -0.020921096911623915, CURRENT REWARD: -0.020921096911623915
G:252, BEST PARAMS, BEST REWARD: -0.020891817033805764, CURRENT REWARD: -0.020891817033805764
G:253, BEST PARAMS, BEST REWARD: -0.020891817033805764, CURRENT REWARD: -0.020891817033805764
G:254, BEST PARAMS, BEST REWARD: -0.020891817033805764, CURRENT REWARD: -0.020891817033805764
G:255, BEST PARAMS, BEST REWARD: -0.020891817033805764, CURRENT REWARD: -0.020891817033805764
G:256, BEST PARAMS, BEST REWARD: -0.020891817033805764, CURRENT REWARD: -0.020891817033805764
G:257, BEST PARAMS, BEST REWARD: -0.020891817033805764, CURRENT REWARD: -0.020891817033805764
G:258, BEST PARAMS, BEST REWARD: -0.020891817033805764, CURRENT REWARD: -0.020891817033805764
G:259, BEST PARAMS, BEST REWARD: -0.020889015556875525, CURRENT REWARD: -0.020889015556875525
G:260, BEST PARAMS, BEST REWARD: -0.020889015556875525, CURRENT REWARD: -0.020889015556875525
G:261, BEST PARAMS, BEST REWARD: -0.020889015556875525, CURRENT REWARD: -0.020889015556875525
G:262, BEST PARAMS, BEST REWARD: -0.020875230857349283, CURRENT REWARD: -0.020875230857349283
G:263, BEST PARAMS, BEST REWARD: -0.020875230857349283, CURRENT REWARD: -0.020875230857349283
G:264, BEST PARAMS, BEST REWARD: -0.020869986082258138, CURRENT REWARD: -0.020869986082258138
G:265, BEST PARAMS, BEST REWARD: -0.020844914223130163, CURRENT REWARD: -0.020844914223130163
G:266, BEST PARAMS, BEST REWARD: -0.020844914223130163, CURRENT REWARD: -0.020844914223130163
G:267, BEST PARAMS, BEST REWARD: -0.020844914223130163, CURRENT REWARD: -0.020844914223130163
G:268, BEST PARAMS, BEST REWARD: -0.020844914223130163, CURRENT REWARD: -0.020844914223130163
G:269, BEST PARAMS, BEST REWARD: -0.020844914223130163, CURRENT REWARD: -0.020844914223130163
G:270, BEST PARAMS, BEST REWARD: -0.020844914223130163, CURRENT REWARD: -0.020844914223130163
G:271, BEST PARAMS, BEST REWARD: -0.020844914223130163, CURRENT REWARD: -0.020844914223130163
G:272, BEST PARAMS, BEST REWARD: -0.020844914223130163, CURRENT REWARD: -0.020844914223130163
G:273, BEST PARAMS, BEST REWARD: -0.020844914223130163, CURRENT REWARD: -0.020844914223130163
G:274, BEST PARAMS, BEST REWARD: -0.020829958932488655, CURRENT REWARD: -0.020829958932488655
G:275, BEST PARAMS, BEST REWARD: -0.020829958932488655, CURRENT REWARD: -0.020829958932488655
G:276, BEST PARAMS, BEST REWARD: -0.020829958932488655, CURRENT REWARD: -0.020829958932488655
G:277, BEST PARAMS, BEST REWARD: -0.020829958932488655, CURRENT REWARD: -0.020829958932488655
G:278, BEST PARAMS, BEST REWARD: -0.020829958932488655, CURRENT REWARD: -0.020829958932488655
G:279, BEST PARAMS, BEST REWARD: -0.020829958932488655, CURRENT REWARD: -0.020829958932488655
G:280, BEST PARAMS, BEST REWARD: -0.020829958932488655, CURRENT REWARD: -0.020829958932488655
G:281, BEST PARAMS, BEST REWARD: -0.020829958932488655, CURRENT REWARD: -0.020829958932488655
G:282, BEST PARAMS, BEST REWARD: -0.020829958932488655, CURRENT REWARD: -0.020829958932488655
G:283, BEST PARAMS, BEST REWARD: -0.020829958932488655, CURRENT REWARD: -0.020829958932488655
G:284, BEST PARAMS, BEST REWARD: -0.020824749238462077, CURRENT REWARD: -0.020824749238462077
G:285, BEST PARAMS, BEST REWARD: -0.020824749238462077, CURRENT REWARD: -0.020824749238462077
G:286, BEST PARAMS, BEST REWARD: -0.020824749238462077, CURRENT REWARD: -0.020824749238462077
G:287, BEST PARAMS, BEST REWARD: -0.020824749238462077, CURRENT REWARD: -0.020824749238462077
G:288, BEST PARAMS, BEST REWARD: -0.020807562863359264, CURRENT REWARD: -0.020807562863359264
G:289, BEST PARAMS, BEST REWARD: -0.020807562863359264, CURRENT REWARD: -0.020807562863359264
G:290, BEST PARAMS, BEST REWARD: -0.020776823938351417, CURRENT REWARD: -0.020776823938351417
G:291, BEST PARAMS, BEST REWARD: -0.020776823938351417, CURRENT REWARD: -0.020776823938351417
G:292, BEST PARAMS, BEST REWARD: -0.020776823938351417, CURRENT REWARD: -0.020776823938351417
G:293, BEST PARAMS, BEST REWARD: -0.020776823938351417, CURRENT REWARD: -0.020776823938351417
G:294, BEST PARAMS, BEST REWARD: -0.020776823938351417, CURRENT REWARD: -0.020776823938351417
G:295, BEST PARAMS, BEST REWARD: -0.020776823938351417, CURRENT REWARD: -0.020776823938351417
G:296, BEST PARAMS, BEST REWARD: -0.020776823938351417, CURRENT REWARD: -0.020776823938351417
G:297, BEST PARAMS, BEST REWARD: -0.020776823938351417, CURRENT REWARD: -0.020776823938351417
G:298, BEST PARAMS, BEST REWARD: -0.020776823938351417, CURRENT REWARD: -0.020776823938351417
G:299, BEST PARAMS, BEST REWARD: -0.020776823938351417, CURRENT REWARD: -0.020776823938351417
G:300, BEST PARAMS, BEST REWARD: -0.020776823938351417, CURRENT REWARD: -0.020776823938351417
G:301, BEST PARAMS, BEST REWARD: -0.020776823938351417, CURRENT REWARD: -0.020776823938351417
G:302, BEST PARAMS, BEST REWARD: -0.020776823938351417, CURRENT REWARD: -0.020776823938351417
G:303, BEST PARAMS, BEST REWARD: -0.020776823938351417, CURRENT REWARD: -0.020776823938351417
G:304, BEST PARAMS, BEST REWARD: -0.020776823938351417, CURRENT REWARD: -0.020776823938351417
G:305, BEST PARAMS, BEST REWARD: -0.020776823938351417, CURRENT REWARD: -0.020776823938351417
G:306, BEST PARAMS, BEST REWARD: -0.020776823938351417, CURRENT REWARD: -0.020776823938351417
G:307, BEST PARAMS, BEST REWARD: -0.020775647313369252, CURRENT REWARD: -0.020775647313369252
G:308, BEST PARAMS, BEST REWARD: -0.020775647313369252, CURRENT REWARD: -0.020775647313369252
G:309, BEST PARAMS, BEST REWARD: -0.02077021518607773, CURRENT REWARD: -0.02077021518607773
G:310, BEST PARAMS, BEST REWARD: -0.02077021518607773, CURRENT REWARD: -0.02077021518607773
G:311, BEST PARAMS, BEST REWARD: -0.02077021518607773, CURRENT REWARD: -0.02077021518607773
G:312, BEST PARAMS, BEST REWARD: -0.02077021518607773, CURRENT REWARD: -0.02077021518607773
G:313, BEST PARAMS, BEST REWARD: -0.020770041113660688, CURRENT REWARD: -0.020770041113660688
G:314, BEST PARAMS, BEST REWARD: -0.020770041113660688, CURRENT REWARD: -0.020770041113660688
G:315, BEST PARAMS, BEST REWARD: -0.020770041113660688, CURRENT REWARD: -0.020770041113660688
G:316, BEST PARAMS, BEST REWARD: -0.02076144468454128, CURRENT REWARD: -0.02076144468454128
G:317, BEST PARAMS, BEST REWARD: -0.02076144468454128, CURRENT REWARD: -0.02076144468454128
G:318, BEST PARAMS, BEST REWARD: -0.020756993670095505, CURRENT REWARD: -0.020756993670095505
G:319, BEST PARAMS, BEST REWARD: -0.020756993670095505, CURRENT REWARD: -0.020756993670095505
G:320, BEST PARAMS, BEST REWARD: -0.020756993670095505, CURRENT REWARD: -0.020756993670095505
G:321, BEST PARAMS, BEST REWARD: -0.020754723695394717, CURRENT REWARD: -0.020754723695394717
G:322, BEST PARAMS, BEST REWARD: -0.020749295603119333, CURRENT REWARD: -0.020749295603119333
G:323, BEST PARAMS, BEST REWARD: -0.020749295603119333, CURRENT REWARD: -0.020749295603119333
G:324, BEST PARAMS, BEST REWARD: -0.02074704323262103, CURRENT REWARD: -0.02074704323262103
G:325, BEST PARAMS, BEST REWARD: -0.02073067843917756, CURRENT REWARD: -0.02073067843917756
G:326, BEST PARAMS, BEST REWARD: -0.02073067843917756, CURRENT REWARD: -0.02073067843917756
G:327, BEST PARAMS, BEST REWARD: -0.02073067843917756, CURRENT REWARD: -0.02073067843917756
G:328, BEST PARAMS, BEST REWARD: -0.020728426407087087, CURRENT REWARD: -0.020728426407087087
G:329, BEST PARAMS, BEST REWARD: -0.020719476261299795, CURRENT REWARD: -0.020719476261299795
G:330, BEST PARAMS, BEST REWARD: -0.020719476261299795, CURRENT REWARD: -0.020719476261299795
G:331, BEST PARAMS, BEST REWARD: -0.020719476261299795, CURRENT REWARD: -0.020719476261299795
G:332, BEST PARAMS, BEST REWARD: -0.020719476261299795, CURRENT REWARD: -0.020719476261299795
G:333, BEST PARAMS, BEST REWARD: -0.020719476261299795, CURRENT REWARD: -0.020719476261299795
G:334, BEST PARAMS, BEST REWARD: -0.02071753868258036, CURRENT REWARD: -0.02071753868258036
G:335, BEST PARAMS, BEST REWARD: -0.02071753868258036, CURRENT REWARD: -0.02071753868258036
G:336, BEST PARAMS, BEST REWARD: -0.020712157081260632, CURRENT REWARD: -0.020712157081260632
G:337, BEST PARAMS, BEST REWARD: -0.02069409299024487, CURRENT REWARD: -0.02069409299024487
G:338, BEST PARAMS, BEST REWARD: -0.02069409299024487, CURRENT REWARD: -0.02069409299024487
G:339, BEST PARAMS, BEST REWARD: -0.02069409299024487, CURRENT REWARD: -0.02069409299024487
G:340, BEST PARAMS, BEST REWARD: -0.020692866780741344, CURRENT REWARD: -0.020692866780741344
G:341, BEST PARAMS, BEST REWARD: -0.020692866780741344, CURRENT REWARD: -0.020692866780741344
G:342, BEST PARAMS, BEST REWARD: -0.020685679068547968, CURRENT REWARD: -0.020685679068547968
G:343, BEST PARAMS, BEST REWARD: -0.020685679068547968, CURRENT REWARD: -0.020685679068547968
G:344, BEST PARAMS, BEST REWARD: -0.020685679068547968, CURRENT REWARD: -0.020685679068547968
G:345, BEST PARAMS, BEST REWARD: -0.020685679068547968, CURRENT REWARD: -0.020685679068547968
G:346, BEST PARAMS, BEST REWARD: -0.020685679068547968, CURRENT REWARD: -0.020685679068547968
G:347, BEST PARAMS, BEST REWARD: -0.020685679068547968, CURRENT REWARD: -0.020685679068547968
G:348, BEST PARAMS, BEST REWARD: -0.020685679068547968, CURRENT REWARD: -0.020685679068547968
G:349, BEST PARAMS, BEST REWARD: -0.020685679068547968, CURRENT REWARD: -0.020685679068547968
G:350, BEST PARAMS, BEST REWARD: -0.020685679068547968, CURRENT REWARD: -0.020685679068547968
G:351, BEST PARAMS, BEST REWARD: -0.020685679068547968, CURRENT REWARD: -0.020685679068547968
G:352, BEST PARAMS, BEST REWARD: -0.020685679068547968, CURRENT REWARD: -0.020685679068547968
G:353, BEST PARAMS, BEST REWARD: -0.020685679068547968, CURRENT REWARD: -0.020685679068547968
G:354, BEST PARAMS, BEST REWARD: -0.02068317101655516, CURRENT REWARD: -0.02068317101655516
G:355, BEST PARAMS, BEST REWARD: -0.02068317101655516, CURRENT REWARD: -0.02068317101655516
G:356, BEST PARAMS, BEST REWARD: -0.02068317101655516, CURRENT REWARD: -0.02068317101655516
G:357, BEST PARAMS, BEST REWARD: -0.02068317101655516, CURRENT REWARD: -0.02068317101655516
G:358, BEST PARAMS, BEST REWARD: -0.02068317101655516, CURRENT REWARD: -0.02068317101655516
G:359, BEST PARAMS, BEST REWARD: -0.02067564974715836, CURRENT REWARD: -0.02067564974715836
G:360, BEST PARAMS, BEST REWARD: -0.02067564974715836, CURRENT REWARD: -0.02067564974715836
G:361, BEST PARAMS, BEST REWARD: -0.02067564974715836, CURRENT REWARD: -0.02067564974715836
G:362, BEST PARAMS, BEST REWARD: -0.02067564974715836, CURRENT REWARD: -0.02067564974715836
G:363, BEST PARAMS, BEST REWARD: -0.02067564974715836, CURRENT REWARD: -0.02067564974715836
G:364, BEST PARAMS, BEST REWARD: -0.020674601893803338, CURRENT REWARD: -0.020674601893803338
G:365, BEST PARAMS, BEST REWARD: -0.020666494866566763, CURRENT REWARD: -0.020666494866566763
G:366, BEST PARAMS, BEST REWARD: -0.020666494866566763, CURRENT REWARD: -0.020666494866566763
G:367, BEST PARAMS, BEST REWARD: -0.02066183474013103, CURRENT REWARD: -0.02066183474013103
G:368, BEST PARAMS, BEST REWARD: -0.02066183474013103, CURRENT REWARD: -0.02066183474013103
G:369, BEST PARAMS, BEST REWARD: -0.02066183474013103, CURRENT REWARD: -0.02066183474013103
G:370, BEST PARAMS, BEST REWARD: -0.020655614350976938, CURRENT REWARD: -0.020655614350976938
G:371, BEST PARAMS, BEST REWARD: -0.020655614350976938, CURRENT REWARD: -0.020655614350976938
G:372, BEST PARAMS, BEST REWARD: -0.020655614350976938, CURRENT REWARD: -0.020655614350976938
G:373, BEST PARAMS, BEST REWARD: -0.020655614350976938, CURRENT REWARD: -0.020655614350976938
G:374, BEST PARAMS, BEST REWARD: -0.020655614350976938, CURRENT REWARD: -0.020655614350976938
G:375, BEST PARAMS, BEST REWARD: -0.020655614350976938, CURRENT REWARD: -0.020655614350976938
G:376, BEST PARAMS, BEST REWARD: -0.020655614350976938, CURRENT REWARD: -0.020655614350976938
G:377, BEST PARAMS, BEST REWARD: -0.020655614350976938, CURRENT REWARD: -0.020655614350976938
G:378, BEST PARAMS, BEST REWARD: -0.020655614350976938, CURRENT REWARD: -0.020655614350976938
G:379, BEST PARAMS, BEST REWARD: -0.020655614350976938, CURRENT REWARD: -0.020655614350976938
G:380, BEST PARAMS, BEST REWARD: -0.020655614350976938, CURRENT REWARD: -0.020655614350976938
G:381, BEST PARAMS, BEST REWARD: -0.020655614350976938, CURRENT REWARD: -0.020655614350976938
G:382, BEST PARAMS, BEST REWARD: -0.020655614350976938, CURRENT REWARD: -0.020655614350976938
G:383, BEST PARAMS, BEST REWARD: -0.020655614350976938, CURRENT REWARD: -0.020655614350976938
G:384, BEST PARAMS, BEST REWARD: -0.020655614350976938, CURRENT REWARD: -0.020655614350976938
G:385, BEST PARAMS, BEST REWARD: -0.020652680816862317, CURRENT REWARD: -0.020652680816862317
G:386, BEST PARAMS, BEST REWARD: -0.020652680816862317, CURRENT REWARD: -0.020652680816862317
G:387, BEST PARAMS, BEST REWARD: -0.02064615746311638, CURRENT REWARD: -0.02064615746311638
G:388, BEST PARAMS, BEST REWARD: -0.02064615746311638, CURRENT REWARD: -0.02064615746311638
G:389, BEST PARAMS, BEST REWARD: -0.02064615746311638, CURRENT REWARD: -0.02064615746311638
G:390, BEST PARAMS, BEST REWARD: -0.02064615746311638, CURRENT REWARD: -0.02064615746311638
G:391, BEST PARAMS, BEST REWARD: -0.02064615746311638, CURRENT REWARD: -0.02064615746311638
G:392, BEST PARAMS, BEST REWARD: -0.02064615746311638, CURRENT REWARD: -0.02064615746311638
G:393, BEST PARAMS, BEST REWARD: -0.02064615746311638, CURRENT REWARD: -0.02064615746311638
G:394, BEST PARAMS, BEST REWARD: -0.02064615746311638, CURRENT REWARD: -0.02064615746311638
G:395, BEST PARAMS, BEST REWARD: -0.020643633493785896, CURRENT REWARD: -0.020643633493785896
G:396, BEST PARAMS, BEST REWARD: -0.020643633493785896, CURRENT REWARD: -0.020643633493785896
G:397, BEST PARAMS, BEST REWARD: -0.020643633493785896, CURRENT REWARD: -0.020643633493785896
G:398, BEST PARAMS, BEST REWARD: -0.020643633493785896, CURRENT REWARD: -0.020643633493785896
G:399, BEST PARAMS, BEST REWARD: -0.020643633493785896, CURRENT REWARD: -0.020643633493785896
G:400, BEST PARAMS, BEST REWARD: -0.020642908799879175, CURRENT REWARD: -0.020642908799879175
G:401, BEST PARAMS, BEST REWARD: -0.020641536974950313, CURRENT REWARD: -0.020641536974950313
G:402, BEST PARAMS, BEST REWARD: -0.020637188859821107, CURRENT REWARD: -0.020637188859821107
G:403, BEST PARAMS, BEST REWARD: -0.02063155324578318, CURRENT REWARD: -0.02063155324578318
G:404, BEST PARAMS, BEST REWARD: -0.02063155324578318, CURRENT REWARD: -0.02063155324578318
G:405, BEST PARAMS, BEST REWARD: -0.02063155324578318, CURRENT REWARD: -0.02063155324578318
G:406, BEST PARAMS, BEST REWARD: -0.02063155324578318, CURRENT REWARD: -0.02063155324578318
G:407, BEST PARAMS, BEST REWARD: -0.02063155324578318, CURRENT REWARD: -0.02063155324578318
G:408, BEST PARAMS, BEST REWARD: -0.02063155324578318, CURRENT REWARD: -0.02063155324578318
G:409, BEST PARAMS, BEST REWARD: -0.02063155324578318, CURRENT REWARD: -0.02063155324578318
G:410, BEST PARAMS, BEST REWARD: -0.02063155324578318, CURRENT REWARD: -0.02063155324578318
G:411, BEST PARAMS, BEST REWARD: -0.02063155324578318, CURRENT REWARD: -0.02063155324578318
G:412, BEST PARAMS, BEST REWARD: -0.02063155324578318, CURRENT REWARD: -0.02063155324578318
G:413, BEST PARAMS, BEST REWARD: -0.020629767953703065, CURRENT REWARD: -0.020629767953703065
G:414, BEST PARAMS, BEST REWARD: -0.020629767953703065, CURRENT REWARD: -0.020629767953703065
G:415, BEST PARAMS, BEST REWARD: -0.020629767953703065, CURRENT REWARD: -0.020629767953703065
G:416, BEST PARAMS, BEST REWARD: -0.020629767953703065, CURRENT REWARD: -0.020629767953703065
G:417, BEST PARAMS, BEST REWARD: -0.020628443311406515, CURRENT REWARD: -0.020628443311406515
G:418, BEST PARAMS, BEST REWARD: -0.020623113877047176, CURRENT REWARD: -0.020623113877047176
G:419, BEST PARAMS, BEST REWARD: -0.020623113877047176, CURRENT REWARD: -0.020623113877047176
G:420, BEST PARAMS, BEST REWARD: -0.020623113877047176, CURRENT REWARD: -0.020623113877047176
G:421, BEST PARAMS, BEST REWARD: -0.020623113877047176, CURRENT REWARD: -0.020623113877047176
G:422, BEST PARAMS, BEST REWARD: -0.020623113877047176, CURRENT REWARD: -0.020623113877047176
G:423, BEST PARAMS, BEST REWARD: -0.020620876912862348, CURRENT REWARD: -0.020620876912862348
G:424, BEST PARAMS, BEST REWARD: -0.020620876912862348, CURRENT REWARD: -0.020620876912862348
G:425, BEST PARAMS, BEST REWARD: -0.020620876912862348, CURRENT REWARD: -0.020620876912862348
G:426, BEST PARAMS, BEST REWARD: -0.020620876912862348, CURRENT REWARD: -0.020620876912862348
G:427, BEST PARAMS, BEST REWARD: -0.020618350576574282, CURRENT REWARD: -0.020618350576574282
G:428, BEST PARAMS, BEST REWARD: -0.020618350576574282, CURRENT REWARD: -0.020618350576574282
G:429, BEST PARAMS, BEST REWARD: -0.020618350576574282, CURRENT REWARD: -0.020618350576574282
G:430, BEST PARAMS, BEST REWARD: -0.020618228361564257, CURRENT REWARD: -0.020618228361564257
G:431, BEST PARAMS, BEST REWARD: -0.020618228361564257, CURRENT REWARD: -0.020618228361564257
G:432, BEST PARAMS, BEST REWARD: -0.020618228361564257, CURRENT REWARD: -0.020618228361564257
G:433, BEST PARAMS, BEST REWARD: -0.020618228361564257, CURRENT REWARD: -0.020618228361564257
G:434, BEST PARAMS, BEST REWARD: -0.020618228361564257, CURRENT REWARD: -0.020618228361564257
G:435, BEST PARAMS, BEST REWARD: -0.020618228361564257, CURRENT REWARD: -0.020618228361564257
G:436, BEST PARAMS, BEST REWARD: -0.020618228361564257, CURRENT REWARD: -0.020618228361564257
G:437, BEST PARAMS, BEST REWARD: -0.020618228361564257, CURRENT REWARD: -0.020618228361564257
G:438, BEST PARAMS, BEST REWARD: -0.020618228361564257, CURRENT REWARD: -0.020618228361564257
G:439, BEST PARAMS, BEST REWARD: -0.02061767148909532, CURRENT REWARD: -0.02061767148909532
G:440, BEST PARAMS, BEST REWARD: -0.02061767148909532, CURRENT REWARD: -0.02061767148909532
G:441, BEST PARAMS, BEST REWARD: -0.02061594110723309, CURRENT REWARD: -0.02061594110723309
G:442, BEST PARAMS, BEST REWARD: -0.02061594110723309, CURRENT REWARD: -0.02061594110723309
G:443, BEST PARAMS, BEST REWARD: -0.02061594110723309, CURRENT REWARD: -0.02061594110723309
G:444, BEST PARAMS, BEST REWARD: -0.02061594110723309, CURRENT REWARD: -0.02061594110723309
G:445, BEST PARAMS, BEST REWARD: -0.02061594110723309, CURRENT REWARD: -0.02061594110723309
G:446, BEST PARAMS, BEST REWARD: -0.02061594110723309, CURRENT REWARD: -0.02061594110723309
G:447, BEST PARAMS, BEST REWARD: -0.02061594110723309, CURRENT REWARD: -0.02061594110723309
G:448, BEST PARAMS, BEST REWARD: -0.02061594110723309, CURRENT REWARD: -0.02061594110723309
G:449, BEST PARAMS, BEST REWARD: -0.02061594110723309, CURRENT REWARD: -0.02061594110723309
G:450, BEST PARAMS, BEST REWARD: -0.02061482586574287, CURRENT REWARD: -0.02061482586574287
G:451, BEST PARAMS, BEST REWARD: -0.020609958751014346, CURRENT REWARD: -0.020609958751014346
G:452, BEST PARAMS, BEST REWARD: -0.020609958751014346, CURRENT REWARD: -0.020609958751014346
G:453, BEST PARAMS, BEST REWARD: -0.020609958751014346, CURRENT REWARD: -0.020609958751014346
G:454, BEST PARAMS, BEST REWARD: -0.020609958751014346, CURRENT REWARD: -0.020609958751014346
G:455, BEST PARAMS, BEST REWARD: -0.020609958751014346, CURRENT REWARD: -0.020609958751014346
G:456, BEST PARAMS, BEST REWARD: -0.020609958751014346, CURRENT REWARD: -0.020609958751014346
G:457, BEST PARAMS, BEST REWARD: -0.02060656832856013, CURRENT REWARD: -0.02060656832856013
G:458, BEST PARAMS, BEST REWARD: -0.02060656832856013, CURRENT REWARD: -0.02060656832856013
G:459, BEST PARAMS, BEST REWARD: -0.02060656832856013, CURRENT REWARD: -0.02060656832856013
G:460, BEST PARAMS, BEST REWARD: -0.02060531602743995, CURRENT REWARD: -0.02060531602743995
G:461, BEST PARAMS, BEST REWARD: -0.02060531602743995, CURRENT REWARD: -0.02060531602743995
G:462, BEST PARAMS, BEST REWARD: -0.02060531602743995, CURRENT REWARD: -0.02060531602743995
G:463, BEST PARAMS, BEST REWARD: -0.02060531602743995, CURRENT REWARD: -0.02060531602743995
G:464, BEST PARAMS, BEST REWARD: -0.020602593948488283, CURRENT REWARD: -0.020602593948488283
G:465, BEST PARAMS, BEST REWARD: -0.020602593948488283, CURRENT REWARD: -0.020602593948488283
G:466, BEST PARAMS, BEST REWARD: -0.020602593948488283, CURRENT REWARD: -0.020602593948488283
G:467, BEST PARAMS, BEST REWARD: -0.020602593948488283, CURRENT REWARD: -0.020602593948488283
G:468, BEST PARAMS, BEST REWARD: -0.020602593948488283, CURRENT REWARD: -0.020602593948488283
G:469, BEST PARAMS, BEST REWARD: -0.020602593948488283, CURRENT REWARD: -0.020602593948488283
G:470, BEST PARAMS, BEST REWARD: -0.020602593948488283, CURRENT REWARD: -0.020602593948488283
G:471, BEST PARAMS, BEST REWARD: -0.020602593948488283, CURRENT REWARD: -0.020602593948488283
G:472, BEST PARAMS, BEST REWARD: -0.020602593948488283, CURRENT REWARD: -0.020602593948488283
G:473, BEST PARAMS, BEST REWARD: -0.020602593948488283, CURRENT REWARD: -0.020602593948488283
G:474, BEST PARAMS, BEST REWARD: -0.020602593948488283, CURRENT REWARD: -0.020602593948488283
G:475, BEST PARAMS, BEST REWARD: -0.020602593948488283, CURRENT REWARD: -0.020602593948488283
G:476, BEST PARAMS, BEST REWARD: -0.020602593948488283, CURRENT REWARD: -0.020602593948488283
G:477, BEST PARAMS, BEST REWARD: -0.020602593948488283, CURRENT REWARD: -0.020602593948488283
G:478, BEST PARAMS, BEST REWARD: -0.020602593948488283, CURRENT REWARD: -0.020602593948488283
G:479, BEST PARAMS, BEST REWARD: -0.020598390370601065, CURRENT REWARD: -0.020598390370601065
G:480, BEST PARAMS, BEST REWARD: -0.020598390370601065, CURRENT REWARD: -0.020598390370601065
G:481, BEST PARAMS, BEST REWARD: -0.020598390370601065, CURRENT REWARD: -0.020598390370601065
G:482, BEST PARAMS, BEST REWARD: -0.020598390370601065, CURRENT REWARD: -0.020598390370601065
G:483, BEST PARAMS, BEST REWARD: -0.020598390370601065, CURRENT REWARD: -0.020598390370601065
G:484, BEST PARAMS, BEST REWARD: -0.020598390370601065, CURRENT REWARD: -0.020598390370601065
G:485, BEST PARAMS, BEST REWARD: -0.020598390370601065, CURRENT REWARD: -0.020598390370601065
G:486, BEST PARAMS, BEST REWARD: -0.020598390370601065, CURRENT REWARD: -0.020598390370601065
G:487, BEST PARAMS, BEST REWARD: -0.020598390370601065, CURRENT REWARD: -0.020598390370601065
G:488, BEST PARAMS, BEST REWARD: -0.020598390370601065, CURRENT REWARD: -0.020598390370601065
G:489, BEST PARAMS, BEST REWARD: -0.020598390370601065, CURRENT REWARD: -0.020598390370601065
G:490, BEST PARAMS, BEST REWARD: -0.020598390370601065, CURRENT REWARD: -0.020598390370601065
G:491, BEST PARAMS, BEST REWARD: -0.020598390370601065, CURRENT REWARD: -0.020598390370601065
G:492, BEST PARAMS, BEST REWARD: -0.020598390370601065, CURRENT REWARD: -0.020598390370601065
G:493, BEST PARAMS, BEST REWARD: -0.02059805490769397, CURRENT REWARD: -0.02059805490769397
G:494, BEST PARAMS, BEST REWARD: -0.02059805490769397, CURRENT REWARD: -0.02059805490769397
G:495, BEST PARAMS, BEST REWARD: -0.02059805490769397, CURRENT REWARD: -0.02059805490769397
G:496, BEST PARAMS, BEST REWARD: -0.02059805490769397, CURRENT REWARD: -0.02059805490769397
G:497, BEST PARAMS, BEST REWARD: -0.02059805490769397, CURRENT REWARD: -0.02059805490769397
G:498, BEST PARAMS, BEST REWARD: -0.02059805490769397, CURRENT REWARD: -0.02059805490769397
G:499, BEST PARAMS, BEST REWARD: -0.02059805490769397, CURRENT REWARD: -0.02059805490769397
P: [[[[ 0  0  0]
   [ 0  1  0]
   [ 0  0  0]]

  [[ 0  0  0]
   [ 0  0  1]
   [ 0  0  0]]]


 [[[ 0  0  0]
   [ 0  0  0]
   [ 0  0  0]]

  [[ 0  0  0]
   [-1  0  0]
   [ 0  0  0]]]


 [[[ 0  0  0]
   [ 0  0  0]
   [ 0  0  0]]

  [[ 0  0  0]
   [ 0  0  0]
   [ 0  0  0]]]


 [[[ 0  0  0]
   [ 0  0  0]
   [ 0  0  0]]

  [[ 0  0  0]
   [ 0  0  0]
   [ 0  0  0]]]


 [[[ 0  0  0]
   [ 0  0  0]
   [ 0  0  0]]

  [[ 0  0  0]
   [ 0  0  0]
   [ 0  0  0]]]


 [[[ 0  0  0]
   [ 0  0  0]
   [ 0  1  1]]

  [[ 0  0  0]
   [ 0  0  0]
   [ 0 -1  0]]]


 [[[ 0  0  0]
   [ 0  0  0]
   [ 0  0  0]]

  [[ 0  0  0]
   [ 0  0  0]
   [ 0  0  0]]]


 [[[ 0  1  0]
   [ 0  0  0]
   [ 0  0  0]]

  [[ 0  0  0]
   [ 0  1  0]
   [ 0  1  0]]]


 [[[ 0  0  0]
   [ 0  0  0]
   [ 0  0  0]]

  [[ 0  0  0]
   [ 0  0  0]
   [ 0  0  0]]]


 [[[ 0  0  0]
   [ 0  0  1]
   [ 0  0  0]]

  [[ 0  0  0]
   [ 1  1  0]
   [ 0  0  0]]]


 [[[ 0  0  0]
   [ 0  0  0]
   [ 0  0  0]]

  [[ 0  0  0]
   [ 0  0  0]
   [ 0  0  0]]]


 [[[ 0  0  0]
   [ 0  0  0]
   [ 0  0  0]]

  [[ 0  0  0]
   [ 0  0  0]
   [ 0  0  0]]]


 [[[ 0  0  0]
   [ 0  0  0]
   [ 0  0  0]]

  [[ 0  0  0]
   [ 0  0  0]
   [ 0  0  0]]]


 [[[ 0  0  0]
   [ 0  0  0]
   [ 1  0  0]]

  [[ 1  0  0]
   [ 1  0  0]
   [ 0  0  0]]]


 [[[ 0  0  0]
   [ 1  0  0]
   [ 0  0  0]]

  [[ 0  0  0]
   [ 0  0  1]
   [ 0  0  0]]]]
[[0 0 0 1 0 0 0]
 [0 0 0 1 0 0 0]
 [0 0 0 1 0 0 0]
 [1 1 1 1 1 1 0]
 [0 0 0 1 0 0 0]
 [0 0 0 1 0 0 0]
 [0 0 0 1 0 0 0]]
GIF saved as EXP/Run_7/animation.gif
