[[0. 0. 0. 1. 0. 0. 0.]
 [0. 0. 0. 1. 0. 0. 0.]
 [0. 0. 0. 1. 0. 0. 0.]
 [1. 1. 1. 1. 1. 1. 1.]
 [0. 0. 0. 1. 0. 0. 0.]
 [0. 0. 0. 1. 0. 0. 0.]
 [0. 0. 0. 1. 0. 0. 0.]]
(50_w,100)-aCMA-ES (mu_w=27.0,w_1=8%) in dimension 360 (seed=307851, Wed Sep 25 12:52:22 2024)
G:0, BEST PARAMS, BEST REWARD: -0.1452972328969708, CURRENT REWARD: -0.1452972328969708
G:1, BEST PARAMS, BEST REWARD: -0.14529674213653163, CURRENT REWARD: -0.14529674213653163
G:2, BEST PARAMS, BEST REWARD: -0.14529674213653163, CURRENT REWARD: -0.14529674213653163
G:3, BEST PARAMS, BEST REWARD: -0.14529674213653163, CURRENT REWARD: -0.14529674213653163
G:4, BEST PARAMS, BEST REWARD: -0.14493557470939772, CURRENT REWARD: -0.14493557470939772
G:5, BEST PARAMS, BEST REWARD: -0.14493557470939772, CURRENT REWARD: -0.14493557470939772
G:6, BEST PARAMS, BEST REWARD: -0.14493557470939772, CURRENT REWARD: -0.14493557470939772
G:7, BEST PARAMS, BEST REWARD: -0.14493557470939772, CURRENT REWARD: -0.14493557470939772
G:8, BEST PARAMS, BEST REWARD: -0.14493557470939772, CURRENT REWARD: -0.14493557470939772
G:9, BEST PARAMS, BEST REWARD: -0.12485222264523307, CURRENT REWARD: -0.12485222264523307
G:10, BEST PARAMS, BEST REWARD: -0.12485222264523307, CURRENT REWARD: -0.12485222264523307
G:11, BEST PARAMS, BEST REWARD: -0.12485222264523307, CURRENT REWARD: -0.12485222264523307
G:12, BEST PARAMS, BEST REWARD: -0.12485222264523307, CURRENT REWARD: -0.12485222264523307
G:13, BEST PARAMS, BEST REWARD: -0.12485222264523307, CURRENT REWARD: -0.12485222264523307
G:14, BEST PARAMS, BEST REWARD: -0.12485222264523307, CURRENT REWARD: -0.12485222264523307
G:15, BEST PARAMS, BEST REWARD: -0.12485222264523307, CURRENT REWARD: -0.12485222264523307
G:16, BEST PARAMS, BEST REWARD: -0.12485222264523307, CURRENT REWARD: -0.12485222264523307
G:17, BEST PARAMS, BEST REWARD: -0.12485222264523307, CURRENT REWARD: -0.12485222264523307
G:18, BEST PARAMS, BEST REWARD: -0.12485222264523307, CURRENT REWARD: -0.12485222264523307
G:19, BEST PARAMS, BEST REWARD: -0.12485222264523307, CURRENT REWARD: -0.12485222264523307
G:20, BEST PARAMS, BEST REWARD: -0.12485222264523307, CURRENT REWARD: -0.12485222264523307
G:21, BEST PARAMS, BEST REWARD: -0.12485222264523307, CURRENT REWARD: -0.12485222264523307
G:22, BEST PARAMS, BEST REWARD: -0.12485222264523307, CURRENT REWARD: -0.12485222264523307
G:23, BEST PARAMS, BEST REWARD: -0.12485222264523307, CURRENT REWARD: -0.12485222264523307
G:24, BEST PARAMS, BEST REWARD: -0.12485222264523307, CURRENT REWARD: -0.12485222264523307
G:25, BEST PARAMS, BEST REWARD: -0.12485222264523307, CURRENT REWARD: -0.12485222264523307
G:26, BEST PARAMS, BEST REWARD: -0.12485222264523307, CURRENT REWARD: -0.12485222264523307
G:27, BEST PARAMS, BEST REWARD: -0.12485222264523307, CURRENT REWARD: -0.12485222264523307
G:28, BEST PARAMS, BEST REWARD: -0.12485222264523307, CURRENT REWARD: -0.12485222264523307
G:29, BEST PARAMS, BEST REWARD: -0.12485222264523307, CURRENT REWARD: -0.12485222264523307
G:30, BEST PARAMS, BEST REWARD: -0.12485222264523307, CURRENT REWARD: -0.12485222264523307
G:31, BEST PARAMS, BEST REWARD: -0.12485222264523307, CURRENT REWARD: -0.12485222264523307
G:32, BEST PARAMS, BEST REWARD: -0.12485222264523307, CURRENT REWARD: -0.12485222264523307
G:33, BEST PARAMS, BEST REWARD: -0.12485222264523307, CURRENT REWARD: -0.12485222264523307
G:34, BEST PARAMS, BEST REWARD: -0.12485222264523307, CURRENT REWARD: -0.12485222264523307
G:35, BEST PARAMS, BEST REWARD: -0.12485222264523307, CURRENT REWARD: -0.12485222264523307
G:36, BEST PARAMS, BEST REWARD: -0.12485222264523307, CURRENT REWARD: -0.12485222264523307
G:37, BEST PARAMS, BEST REWARD: -0.12485222264523307, CURRENT REWARD: -0.12485222264523307
G:38, BEST PARAMS, BEST REWARD: -0.12485222264523307, CURRENT REWARD: -0.12485222264523307
G:39, BEST PARAMS, BEST REWARD: -0.12485222264523307, CURRENT REWARD: -0.12485222264523307
G:40, BEST PARAMS, BEST REWARD: -0.12485222264523307, CURRENT REWARD: -0.12485222264523307
G:41, BEST PARAMS, BEST REWARD: -0.12485222264523307, CURRENT REWARD: -0.12485222264523307
G:42, BEST PARAMS, BEST REWARD: -0.12485222264523307, CURRENT REWARD: -0.12485222264523307
G:43, BEST PARAMS, BEST REWARD: -0.12485222264523307, CURRENT REWARD: -0.12485222264523307
G:44, BEST PARAMS, BEST REWARD: -0.12485222264523307, CURRENT REWARD: -0.12485222264523307
G:45, BEST PARAMS, BEST REWARD: -0.12485222264523307, CURRENT REWARD: -0.12485222264523307
G:46, BEST PARAMS, BEST REWARD: -0.12485222264523307, CURRENT REWARD: -0.12485222264523307
G:47, BEST PARAMS, BEST REWARD: -0.12485222264523307, CURRENT REWARD: -0.12485222264523307
G:48, BEST PARAMS, BEST REWARD: -0.12485222264523307, CURRENT REWARD: -0.12485222264523307
G:49, BEST PARAMS, BEST REWARD: -0.12485222264523307, CURRENT REWARD: -0.12485222264523307
G:50, BEST PARAMS, BEST REWARD: -0.10549568266834553, CURRENT REWARD: -0.10549568266834553
G:51, BEST PARAMS, BEST REWARD: -0.10549568266834553, CURRENT REWARD: -0.10549568266834553
G:52, BEST PARAMS, BEST REWARD: -0.10549568266834553, CURRENT REWARD: -0.10549568266834553
G:53, BEST PARAMS, BEST REWARD: -0.10549568266834553, CURRENT REWARD: -0.10549568266834553
G:54, BEST PARAMS, BEST REWARD: -0.10549568266834553, CURRENT REWARD: -0.10549568266834553
G:55, BEST PARAMS, BEST REWARD: -0.10549568266834553, CURRENT REWARD: -0.10549568266834553
G:56, BEST PARAMS, BEST REWARD: -0.10527077482325456, CURRENT REWARD: -0.10527077482325456
G:57, BEST PARAMS, BEST REWARD: -0.10527077482325456, CURRENT REWARD: -0.10527077482325456
G:58, BEST PARAMS, BEST REWARD: -0.10527077482325456, CURRENT REWARD: -0.10527077482325456
G:59, BEST PARAMS, BEST REWARD: -0.10519644731439567, CURRENT REWARD: -0.10519644731439567
G:60, BEST PARAMS, BEST REWARD: -0.10517701307175549, CURRENT REWARD: -0.10517701307175549
G:61, BEST PARAMS, BEST REWARD: -0.10517701307175549, CURRENT REWARD: -0.10517701307175549
G:62, BEST PARAMS, BEST REWARD: -0.10517701307175549, CURRENT REWARD: -0.10517701307175549
G:63, BEST PARAMS, BEST REWARD: -0.10517701307175549, CURRENT REWARD: -0.10517701307175549
G:64, BEST PARAMS, BEST REWARD: -0.10517701307175549, CURRENT REWARD: -0.10517701307175549
G:65, BEST PARAMS, BEST REWARD: -0.10517701307175549, CURRENT REWARD: -0.10517701307175549
G:66, BEST PARAMS, BEST REWARD: -0.10517701307175549, CURRENT REWARD: -0.10517701307175549
G:67, BEST PARAMS, BEST REWARD: -0.10509471991217169, CURRENT REWARD: -0.10509471991217169
G:68, BEST PARAMS, BEST REWARD: -0.10509471991217169, CURRENT REWARD: -0.10509471991217169
G:69, BEST PARAMS, BEST REWARD: -0.08491794438915742, CURRENT REWARD: -0.08491794438915742
G:70, BEST PARAMS, BEST REWARD: -0.08491794438915742, CURRENT REWARD: -0.08491794438915742
G:71, BEST PARAMS, BEST REWARD: -0.08491794438915742, CURRENT REWARD: -0.08491794438915742
G:72, BEST PARAMS, BEST REWARD: -0.08491794438915742, CURRENT REWARD: -0.08491794438915742
G:73, BEST PARAMS, BEST REWARD: -0.08491794438915742, CURRENT REWARD: -0.08491794438915742
G:74, BEST PARAMS, BEST REWARD: -0.08491794438915742, CURRENT REWARD: -0.08491794438915742
G:75, BEST PARAMS, BEST REWARD: -0.08491794438915742, CURRENT REWARD: -0.08491794438915742
G:76, BEST PARAMS, BEST REWARD: -0.08491794438915742, CURRENT REWARD: -0.08491794438915742
G:77, BEST PARAMS, BEST REWARD: -0.08491794438915742, CURRENT REWARD: -0.08491794438915742
G:78, BEST PARAMS, BEST REWARD: -0.08451949646044477, CURRENT REWARD: -0.08451949646044477
G:79, BEST PARAMS, BEST REWARD: -0.08451949646044477, CURRENT REWARD: -0.08451949646044477
G:80, BEST PARAMS, BEST REWARD: -0.08451949646044477, CURRENT REWARD: -0.08451949646044477
G:81, BEST PARAMS, BEST REWARD: -0.08451949646044477, CURRENT REWARD: -0.08451949646044477
G:82, BEST PARAMS, BEST REWARD: -0.08451949646044477, CURRENT REWARD: -0.08451949646044477
G:83, BEST PARAMS, BEST REWARD: -0.08451949646044477, CURRENT REWARD: -0.08451949646044477
G:84, BEST PARAMS, BEST REWARD: -0.08451949646044477, CURRENT REWARD: -0.08451949646044477
G:85, BEST PARAMS, BEST REWARD: -0.08451949646044477, CURRENT REWARD: -0.08451949646044477
G:86, BEST PARAMS, BEST REWARD: -0.08451949646044477, CURRENT REWARD: -0.08451949646044477
G:87, BEST PARAMS, BEST REWARD: -0.08451949646044477, CURRENT REWARD: -0.08451949646044477
G:88, BEST PARAMS, BEST REWARD: -0.08451949646044477, CURRENT REWARD: -0.08451949646044477
G:89, BEST PARAMS, BEST REWARD: -0.08451949646044477, CURRENT REWARD: -0.08451949646044477
G:90, BEST PARAMS, BEST REWARD: -0.08451949646044477, CURRENT REWARD: -0.08451949646044477
G:91, BEST PARAMS, BEST REWARD: -0.08451949646044477, CURRENT REWARD: -0.08451949646044477
G:92, BEST PARAMS, BEST REWARD: -0.08451949646044477, CURRENT REWARD: -0.08451949646044477
G:93, BEST PARAMS, BEST REWARD: -0.08451949646044477, CURRENT REWARD: -0.08451949646044477
G:94, BEST PARAMS, BEST REWARD: -0.08451949646044477, CURRENT REWARD: -0.08451949646044477
G:95, BEST PARAMS, BEST REWARD: -0.08451949646044477, CURRENT REWARD: -0.08451949646044477
G:96, BEST PARAMS, BEST REWARD: -0.08451949646044477, CURRENT REWARD: -0.08451949646044477
G:97, BEST PARAMS, BEST REWARD: -0.08451949646044477, CURRENT REWARD: -0.08451949646044477
G:98, BEST PARAMS, BEST REWARD: -0.08451949646044477, CURRENT REWARD: -0.08451949646044477
G:99, BEST PARAMS, BEST REWARD: -0.08451949646044477, CURRENT REWARD: -0.08451949646044477
G:100, BEST PARAMS, BEST REWARD: -0.08451949646044477, CURRENT REWARD: -0.08451949646044477
G:101, BEST PARAMS, BEST REWARD: -0.08451949646044477, CURRENT REWARD: -0.08451949646044477
G:102, BEST PARAMS, BEST REWARD: -0.08451949646044477, CURRENT REWARD: -0.08451949646044477
G:103, BEST PARAMS, BEST REWARD: -0.08451949646044477, CURRENT REWARD: -0.08451949646044477
G:104, BEST PARAMS, BEST REWARD: -0.08451949646044477, CURRENT REWARD: -0.08451949646044477
G:105, BEST PARAMS, BEST REWARD: -0.08451949646044477, CURRENT REWARD: -0.08451949646044477
G:106, BEST PARAMS, BEST REWARD: -0.08451949646044477, CURRENT REWARD: -0.08451949646044477
G:107, BEST PARAMS, BEST REWARD: -0.08451949646044477, CURRENT REWARD: -0.08451949646044477
G:108, BEST PARAMS, BEST REWARD: -0.08434445731931951, CURRENT REWARD: -0.08434445731931951
G:109, BEST PARAMS, BEST REWARD: -0.08434445731931951, CURRENT REWARD: -0.08434445731931951
G:110, BEST PARAMS, BEST REWARD: -0.08434445731931951, CURRENT REWARD: -0.08434445731931951
G:111, BEST PARAMS, BEST REWARD: -0.08434445731931951, CURRENT REWARD: -0.08434445731931951
G:112, BEST PARAMS, BEST REWARD: -0.08434445731931951, CURRENT REWARD: -0.08434445731931951
G:113, BEST PARAMS, BEST REWARD: -0.08434445731931951, CURRENT REWARD: -0.08434445731931951
G:114, BEST PARAMS, BEST REWARD: -0.08434445731931951, CURRENT REWARD: -0.08434445731931951
G:115, BEST PARAMS, BEST REWARD: -0.06435269815542116, CURRENT REWARD: -0.06435269815542116
G:116, BEST PARAMS, BEST REWARD: -0.06435269815542116, CURRENT REWARD: -0.06435269815542116
G:117, BEST PARAMS, BEST REWARD: -0.06424829204179405, CURRENT REWARD: -0.06424829204179405
G:118, BEST PARAMS, BEST REWARD: -0.06424829204179405, CURRENT REWARD: -0.06424829204179405
G:119, BEST PARAMS, BEST REWARD: -0.06424829204179405, CURRENT REWARD: -0.06424829204179405
G:120, BEST PARAMS, BEST REWARD: -0.06421275562572025, CURRENT REWARD: -0.06421275562572025
G:121, BEST PARAMS, BEST REWARD: -0.06421275562572025, CURRENT REWARD: -0.06421275562572025
G:122, BEST PARAMS, BEST REWARD: -0.06421275562572025, CURRENT REWARD: -0.06421275562572025
G:123, BEST PARAMS, BEST REWARD: -0.06421275562572025, CURRENT REWARD: -0.06421275562572025
G:124, BEST PARAMS, BEST REWARD: -0.06421275562572025, CURRENT REWARD: -0.06421275562572025
G:125, BEST PARAMS, BEST REWARD: -0.06421275562572025, CURRENT REWARD: -0.06421275562572025
G:126, BEST PARAMS, BEST REWARD: -0.06421275562572025, CURRENT REWARD: -0.06421275562572025
G:127, BEST PARAMS, BEST REWARD: -0.06421275562572025, CURRENT REWARD: -0.06421275562572025
G:128, BEST PARAMS, BEST REWARD: -0.06421275562572025, CURRENT REWARD: -0.06421275562572025
G:129, BEST PARAMS, BEST REWARD: -0.064179882331043, CURRENT REWARD: -0.064179882331043
G:130, BEST PARAMS, BEST REWARD: -0.06405992785656366, CURRENT REWARD: -0.06405992785656366
G:131, BEST PARAMS, BEST REWARD: -0.06405992785656366, CURRENT REWARD: -0.06405992785656366
G:132, BEST PARAMS, BEST REWARD: -0.06405992785656366, CURRENT REWARD: -0.06405992785656366
G:133, BEST PARAMS, BEST REWARD: -0.06405992785656366, CURRENT REWARD: -0.06405992785656366
G:134, BEST PARAMS, BEST REWARD: -0.06405992785656366, CURRENT REWARD: -0.06405992785656366
G:135, BEST PARAMS, BEST REWARD: -0.06401906962026002, CURRENT REWARD: -0.06401906962026002
G:136, BEST PARAMS, BEST REWARD: -0.06401906962026002, CURRENT REWARD: -0.06401906962026002
G:137, BEST PARAMS, BEST REWARD: -0.06401906962026002, CURRENT REWARD: -0.06401906962026002
G:138, BEST PARAMS, BEST REWARD: -0.06401906962026002, CURRENT REWARD: -0.06401906962026002
G:139, BEST PARAMS, BEST REWARD: -0.06401906962026002, CURRENT REWARD: -0.06401906962026002
G:140, BEST PARAMS, BEST REWARD: -0.04383028155059859, CURRENT REWARD: -0.04383028155059859
G:141, BEST PARAMS, BEST REWARD: -0.04383028155059859, CURRENT REWARD: -0.04383028155059859
G:142, BEST PARAMS, BEST REWARD: -0.04383028155059859, CURRENT REWARD: -0.04383028155059859
G:143, BEST PARAMS, BEST REWARD: -0.04383028155059859, CURRENT REWARD: -0.04383028155059859
G:144, BEST PARAMS, BEST REWARD: -0.0435005495290604, CURRENT REWARD: -0.0435005495290604
G:145, BEST PARAMS, BEST REWARD: -0.0435005495290604, CURRENT REWARD: -0.0435005495290604
G:146, BEST PARAMS, BEST REWARD: -0.0435005495290604, CURRENT REWARD: -0.0435005495290604
G:147, BEST PARAMS, BEST REWARD: -0.0435005495290604, CURRENT REWARD: -0.0435005495290604
G:148, BEST PARAMS, BEST REWARD: -0.0435005495290604, CURRENT REWARD: -0.0435005495290604
G:149, BEST PARAMS, BEST REWARD: -0.0435005495290604, CURRENT REWARD: -0.0435005495290604
G:150, BEST PARAMS, BEST REWARD: -0.0435005495290604, CURRENT REWARD: -0.0435005495290604
G:151, BEST PARAMS, BEST REWARD: -0.0435005495290604, CURRENT REWARD: -0.0435005495290604
G:152, BEST PARAMS, BEST REWARD: -0.0435005495290604, CURRENT REWARD: -0.0435005495290604
G:153, BEST PARAMS, BEST REWARD: -0.0435005495290604, CURRENT REWARD: -0.0435005495290604
G:154, BEST PARAMS, BEST REWARD: -0.0435005495290604, CURRENT REWARD: -0.0435005495290604
G:155, BEST PARAMS, BEST REWARD: -0.0435005495290604, CURRENT REWARD: -0.0435005495290604
G:156, BEST PARAMS, BEST REWARD: -0.0435005495290604, CURRENT REWARD: -0.0435005495290604
G:157, BEST PARAMS, BEST REWARD: -0.0435005495290604, CURRENT REWARD: -0.0435005495290604
G:158, BEST PARAMS, BEST REWARD: -0.0435005495290604, CURRENT REWARD: -0.0435005495290604
G:159, BEST PARAMS, BEST REWARD: -0.0435005495290604, CURRENT REWARD: -0.0435005495290604
G:160, BEST PARAMS, BEST REWARD: -0.0435005495290604, CURRENT REWARD: -0.0435005495290604
G:161, BEST PARAMS, BEST REWARD: -0.0435005495290604, CURRENT REWARD: -0.0435005495290604
G:162, BEST PARAMS, BEST REWARD: -0.043380246535577184, CURRENT REWARD: -0.043380246535577184
G:163, BEST PARAMS, BEST REWARD: -0.04335308001229009, CURRENT REWARD: -0.04335308001229009
G:164, BEST PARAMS, BEST REWARD: -0.0433511223118859, CURRENT REWARD: -0.0433511223118859
G:165, BEST PARAMS, BEST REWARD: -0.0432893448642332, CURRENT REWARD: -0.0432893448642332
G:166, BEST PARAMS, BEST REWARD: -0.0432893448642332, CURRENT REWARD: -0.0432893448642332
G:167, BEST PARAMS, BEST REWARD: -0.0432893448642332, CURRENT REWARD: -0.0432893448642332
G:168, BEST PARAMS, BEST REWARD: -0.04325743391340492, CURRENT REWARD: -0.04325743391340492
G:169, BEST PARAMS, BEST REWARD: -0.022860516622570895, CURRENT REWARD: -0.022860516622570895
G:170, BEST PARAMS, BEST REWARD: -0.022860516622570895, CURRENT REWARD: -0.022860516622570895
G:171, BEST PARAMS, BEST REWARD: -0.022860516622570895, CURRENT REWARD: -0.022860516622570895
G:172, BEST PARAMS, BEST REWARD: -0.022860516622570895, CURRENT REWARD: -0.022860516622570895
G:173, BEST PARAMS, BEST REWARD: -0.022860516622570895, CURRENT REWARD: -0.022860516622570895
G:174, BEST PARAMS, BEST REWARD: -0.022860516622570895, CURRENT REWARD: -0.022860516622570895
G:175, BEST PARAMS, BEST REWARD: -0.022860516622570895, CURRENT REWARD: -0.022860516622570895
G:176, BEST PARAMS, BEST REWARD: -0.022860516622570895, CURRENT REWARD: -0.022860516622570895
G:177, BEST PARAMS, BEST REWARD: -0.022860516622570895, CURRENT REWARD: -0.022860516622570895
G:178, BEST PARAMS, BEST REWARD: -0.022810642192989918, CURRENT REWARD: -0.022810642192989918
G:179, BEST PARAMS, BEST REWARD: -0.022810642192989918, CURRENT REWARD: -0.022810642192989918
G:180, BEST PARAMS, BEST REWARD: -0.02273202269168666, CURRENT REWARD: -0.02273202269168666
G:181, BEST PARAMS, BEST REWARD: -0.022664485776784555, CURRENT REWARD: -0.022664485776784555
G:182, BEST PARAMS, BEST REWARD: -0.022664485776784555, CURRENT REWARD: -0.022664485776784555
G:183, BEST PARAMS, BEST REWARD: -0.022664485776784555, CURRENT REWARD: -0.022664485776784555
G:184, BEST PARAMS, BEST REWARD: -0.022593690133869807, CURRENT REWARD: -0.022593690133869807
G:185, BEST PARAMS, BEST REWARD: -0.022497854109356258, CURRENT REWARD: -0.022497854109356258
G:186, BEST PARAMS, BEST REWARD: -0.022497854109356258, CURRENT REWARD: -0.022497854109356258
G:187, BEST PARAMS, BEST REWARD: -0.022459845173737523, CURRENT REWARD: -0.022459845173737523
G:188, BEST PARAMS, BEST REWARD: -0.022459845173737523, CURRENT REWARD: -0.022459845173737523
G:189, BEST PARAMS, BEST REWARD: -0.022420488030720265, CURRENT REWARD: -0.022420488030720265
G:190, BEST PARAMS, BEST REWARD: -0.022420488030720265, CURRENT REWARD: -0.022420488030720265
G:191, BEST PARAMS, BEST REWARD: -0.022420488030720265, CURRENT REWARD: -0.022420488030720265
G:192, BEST PARAMS, BEST REWARD: -0.022420488030720265, CURRENT REWARD: -0.022420488030720265
G:193, BEST PARAMS, BEST REWARD: -0.022420488030720265, CURRENT REWARD: -0.022420488030720265
G:194, BEST PARAMS, BEST REWARD: -0.0020816411490736982, CURRENT REWARD: -0.0020816411490736982
G:195, BEST PARAMS, BEST REWARD: -0.0020816411490736982, CURRENT REWARD: -0.0020816411490736982
G:196, BEST PARAMS, BEST REWARD: -0.0020816411490736982, CURRENT REWARD: -0.0020816411490736982
G:197, BEST PARAMS, BEST REWARD: -0.002018943089219661, CURRENT REWARD: -0.002018943089219661
G:198, BEST PARAMS, BEST REWARD: -0.002018943089219661, CURRENT REWARD: -0.002018943089219661
G:199, BEST PARAMS, BEST REWARD: -0.001964892665110194, CURRENT REWARD: -0.001964892665110194
G:200, BEST PARAMS, BEST REWARD: -0.001964892665110194, CURRENT REWARD: -0.001964892665110194
G:201, BEST PARAMS, BEST REWARD: -0.0019491559573445653, CURRENT REWARD: -0.0019491559573445653
G:202, BEST PARAMS, BEST REWARD: -0.0019491559573445653, CURRENT REWARD: -0.0019491559573445653
G:203, BEST PARAMS, BEST REWARD: -0.0018540258584806466, CURRENT REWARD: -0.0018540258584806466
G:204, BEST PARAMS, BEST REWARD: -0.0018540258584806466, CURRENT REWARD: -0.0018540258584806466
G:205, BEST PARAMS, BEST REWARD: -0.0018540258584806466, CURRENT REWARD: -0.0018540258584806466
G:206, BEST PARAMS, BEST REWARD: -0.0017888567380900137, CURRENT REWARD: -0.0017888567380900137
G:207, BEST PARAMS, BEST REWARD: -0.0017572766105041896, CURRENT REWARD: -0.0017572766105041896
G:208, BEST PARAMS, BEST REWARD: -0.0017572766105041896, CURRENT REWARD: -0.0017572766105041896
G:209, BEST PARAMS, BEST REWARD: -0.0017572766105041896, CURRENT REWARD: -0.0017572766105041896
G:210, BEST PARAMS, BEST REWARD: -0.0017050441652790424, CURRENT REWARD: -0.0017050441652790424
G:211, BEST PARAMS, BEST REWARD: -0.0017050441652790424, CURRENT REWARD: -0.0017050441652790424
G:212, BEST PARAMS, BEST REWARD: -0.0016952054260301183, CURRENT REWARD: -0.0016952054260301183
G:213, BEST PARAMS, BEST REWARD: -0.0016952054260301183, CURRENT REWARD: -0.0016952054260301183
G:214, BEST PARAMS, BEST REWARD: -0.0016952054260301183, CURRENT REWARD: -0.0016952054260301183
G:215, BEST PARAMS, BEST REWARD: -0.0016952054260301183, CURRENT REWARD: -0.0016952054260301183
G:216, BEST PARAMS, BEST REWARD: -0.0016403891046541956, CURRENT REWARD: -0.0016403891046541956
G:217, BEST PARAMS, BEST REWARD: -0.0016403891046541956, CURRENT REWARD: -0.0016403891046541956
G:218, BEST PARAMS, BEST REWARD: -0.001594073309060112, CURRENT REWARD: -0.001594073309060112
G:219, BEST PARAMS, BEST REWARD: -0.001594073309060112, CURRENT REWARD: -0.001594073309060112
G:220, BEST PARAMS, BEST REWARD: -0.001594073309060112, CURRENT REWARD: -0.001594073309060112
G:221, BEST PARAMS, BEST REWARD: -0.001594073309060112, CURRENT REWARD: -0.001594073309060112
G:222, BEST PARAMS, BEST REWARD: -0.001594073309060112, CURRENT REWARD: -0.001594073309060112
G:223, BEST PARAMS, BEST REWARD: -0.001594073309060112, CURRENT REWARD: -0.001594073309060112
G:224, BEST PARAMS, BEST REWARD: -0.001594073309060112, CURRENT REWARD: -0.001594073309060112
G:225, BEST PARAMS, BEST REWARD: -0.001594073309060112, CURRENT REWARD: -0.001594073309060112
G:226, BEST PARAMS, BEST REWARD: -0.001594073309060112, CURRENT REWARD: -0.001594073309060112
G:227, BEST PARAMS, BEST REWARD: -0.001594073309060112, CURRENT REWARD: -0.001594073309060112
G:228, BEST PARAMS, BEST REWARD: -0.001594073309060112, CURRENT REWARD: -0.001594073309060112
G:229, BEST PARAMS, BEST REWARD: -0.001594073309060112, CURRENT REWARD: -0.001594073309060112
G:230, BEST PARAMS, BEST REWARD: -0.001577375420730471, CURRENT REWARD: -0.001577375420730471
G:231, BEST PARAMS, BEST REWARD: -0.001577375420730471, CURRENT REWARD: -0.001577375420730471
G:232, BEST PARAMS, BEST REWARD: -0.001577375420730471, CURRENT REWARD: -0.001577375420730471
G:233, BEST PARAMS, BEST REWARD: -0.001577375420730471, CURRENT REWARD: -0.001577375420730471
G:234, BEST PARAMS, BEST REWARD: -0.001530862303807948, CURRENT REWARD: -0.001530862303807948
G:235, BEST PARAMS, BEST REWARD: -0.001525780840339767, CURRENT REWARD: -0.001525780840339767
G:236, BEST PARAMS, BEST REWARD: -0.0015061710329623088, CURRENT REWARD: -0.0015061710329623088
G:237, BEST PARAMS, BEST REWARD: -0.0015061710329623088, CURRENT REWARD: -0.0015061710329623088
G:238, BEST PARAMS, BEST REWARD: -0.0014979836807595623, CURRENT REWARD: -0.0014979836807595623
G:239, BEST PARAMS, BEST REWARD: -0.0014979836807595623, CURRENT REWARD: -0.0014979836807595623
G:240, BEST PARAMS, BEST REWARD: -0.0014979836807595623, CURRENT REWARD: -0.0014979836807595623
G:241, BEST PARAMS, BEST REWARD: -0.001482785722347216, CURRENT REWARD: -0.001482785722347216
G:242, BEST PARAMS, BEST REWARD: -0.0014562469861516202, CURRENT REWARD: -0.0014562469861516202
G:243, BEST PARAMS, BEST REWARD: -0.0014460905130925235, CURRENT REWARD: -0.0014460905130925235
G:244, BEST PARAMS, BEST REWARD: -0.0013881608708700601, CURRENT REWARD: -0.0013881608708700601
G:245, BEST PARAMS, BEST REWARD: -0.0013881608708700601, CURRENT REWARD: -0.0013881608708700601
G:246, BEST PARAMS, BEST REWARD: -0.0013457440527311693, CURRENT REWARD: -0.0013457440527311693
G:247, BEST PARAMS, BEST REWARD: -0.00134229326053895, CURRENT REWARD: -0.00134229326053895
G:248, BEST PARAMS, BEST REWARD: -0.00134229326053895, CURRENT REWARD: -0.00134229326053895
G:249, BEST PARAMS, BEST REWARD: -0.0013121055088785728, CURRENT REWARD: -0.0013121055088785728
G:250, BEST PARAMS, BEST REWARD: -0.0013121055088785728, CURRENT REWARD: -0.0013121055088785728
G:251, BEST PARAMS, BEST REWARD: -0.0012965649782818393, CURRENT REWARD: -0.0012965649782818393
G:252, BEST PARAMS, BEST REWARD: -0.0012965649782818393, CURRENT REWARD: -0.0012965649782818393
G:253, BEST PARAMS, BEST REWARD: -0.0012866492682625278, CURRENT REWARD: -0.0012866492682625278
G:254, BEST PARAMS, BEST REWARD: -0.0012866492682625278, CURRENT REWARD: -0.0012866492682625278
G:255, BEST PARAMS, BEST REWARD: -0.0012852079462845778, CURRENT REWARD: -0.0012852079462845778
G:256, BEST PARAMS, BEST REWARD: -0.0012798873624389753, CURRENT REWARD: -0.0012798873624389753
G:257, BEST PARAMS, BEST REWARD: -0.0012798873624389753, CURRENT REWARD: -0.0012798873624389753
G:258, BEST PARAMS, BEST REWARD: -0.0012798873624389753, CURRENT REWARD: -0.0012798873624389753
G:259, BEST PARAMS, BEST REWARD: -0.0012798873624389753, CURRENT REWARD: -0.0012798873624389753
G:260, BEST PARAMS, BEST REWARD: -0.0012798873624389753, CURRENT REWARD: -0.0012798873624389753
G:261, BEST PARAMS, BEST REWARD: -0.0012783812418968566, CURRENT REWARD: -0.0012783812418968566
G:262, BEST PARAMS, BEST REWARD: -0.0012510563972564287, CURRENT REWARD: -0.0012510563972564287
G:263, BEST PARAMS, BEST REWARD: -0.0012065242222991037, CURRENT REWARD: -0.0012065242222991037
G:264, BEST PARAMS, BEST REWARD: -0.00120292533354052, CURRENT REWARD: -0.00120292533354052
G:265, BEST PARAMS, BEST REWARD: -0.00116894339715782, CURRENT REWARD: -0.00116894339715782
G:266, BEST PARAMS, BEST REWARD: -0.00116894339715782, CURRENT REWARD: -0.00116894339715782
G:267, BEST PARAMS, BEST REWARD: -0.00116894339715782, CURRENT REWARD: -0.00116894339715782
G:268, BEST PARAMS, BEST REWARD: -0.0011380307500190121, CURRENT REWARD: -0.0011380307500190121
G:269, BEST PARAMS, BEST REWARD: -0.0011380307500190121, CURRENT REWARD: -0.0011380307500190121
G:270, BEST PARAMS, BEST REWARD: -0.001124874442188216, CURRENT REWARD: -0.001124874442188216
G:271, BEST PARAMS, BEST REWARD: -0.0011121701760171945, CURRENT REWARD: -0.0011121701760171945
G:272, BEST PARAMS, BEST REWARD: -0.00106495117671857, CURRENT REWARD: -0.00106495117671857
G:273, BEST PARAMS, BEST REWARD: -0.00106495117671857, CURRENT REWARD: -0.00106495117671857
G:274, BEST PARAMS, BEST REWARD: -0.00106495117671857, CURRENT REWARD: -0.00106495117671857
G:275, BEST PARAMS, BEST REWARD: -0.00106495117671857, CURRENT REWARD: -0.00106495117671857
G:276, BEST PARAMS, BEST REWARD: -0.00106495117671857, CURRENT REWARD: -0.00106495117671857
G:277, BEST PARAMS, BEST REWARD: -0.00106495117671857, CURRENT REWARD: -0.00106495117671857
G:278, BEST PARAMS, BEST REWARD: -0.0010390301415984363, CURRENT REWARD: -0.0010390301415984363
G:279, BEST PARAMS, BEST REWARD: -0.0010390301415984363, CURRENT REWARD: -0.0010390301415984363
G:280, BEST PARAMS, BEST REWARD: -0.0010390301415984363, CURRENT REWARD: -0.0010390301415984363
G:281, BEST PARAMS, BEST REWARD: -0.0010129114842373926, CURRENT REWARD: -0.0010129114842373926
G:282, BEST PARAMS, BEST REWARD: -0.0009965424522760328, CURRENT REWARD: -0.0009965424522760328
G:283, BEST PARAMS, BEST REWARD: -0.0009965424522760328, CURRENT REWARD: -0.0009965424522760328
G:284, BEST PARAMS, BEST REWARD: -0.0009965424522760328, CURRENT REWARD: -0.0009965424522760328
G:285, BEST PARAMS, BEST REWARD: -0.0009965424522760328, CURRENT REWARD: -0.0009965424522760328
G:286, BEST PARAMS, BEST REWARD: -0.0009865816114139308, CURRENT REWARD: -0.0009865816114139308
G:287, BEST PARAMS, BEST REWARD: -0.0009865816114139308, CURRENT REWARD: -0.0009865816114139308
G:288, BEST PARAMS, BEST REWARD: -0.0009865816114139308, CURRENT REWARD: -0.0009865816114139308
G:289, BEST PARAMS, BEST REWARD: -0.0009865816114139308, CURRENT REWARD: -0.0009865816114139308
G:290, BEST PARAMS, BEST REWARD: -0.0009485347697061365, CURRENT REWARD: -0.0009485347697061365
G:291, BEST PARAMS, BEST REWARD: -0.0009485347697061365, CURRENT REWARD: -0.0009485347697061365
G:292, BEST PARAMS, BEST REWARD: -0.0009485347697061365, CURRENT REWARD: -0.0009485347697061365
G:293, BEST PARAMS, BEST REWARD: -0.0009172790658099052, CURRENT REWARD: -0.0009172790658099052
G:294, BEST PARAMS, BEST REWARD: -0.0009172790658099052, CURRENT REWARD: -0.0009172790658099052
G:295, BEST PARAMS, BEST REWARD: -0.0009172790658099052, CURRENT REWARD: -0.0009172790658099052
G:296, BEST PARAMS, BEST REWARD: -0.0009172790658099052, CURRENT REWARD: -0.0009172790658099052
G:297, BEST PARAMS, BEST REWARD: -0.0009172790658099052, CURRENT REWARD: -0.0009172790658099052
G:298, BEST PARAMS, BEST REWARD: -0.0009172790658099052, CURRENT REWARD: -0.0009172790658099052
G:299, BEST PARAMS, BEST REWARD: -0.0009172790658099052, CURRENT REWARD: -0.0009172790658099052
G:300, BEST PARAMS, BEST REWARD: -0.0009172790658099052, CURRENT REWARD: -0.0009172790658099052
G:301, BEST PARAMS, BEST REWARD: -0.0009121393628300275, CURRENT REWARD: -0.0009121393628300275
G:302, BEST PARAMS, BEST REWARD: -0.0009121393628300275, CURRENT REWARD: -0.0009121393628300275
G:303, BEST PARAMS, BEST REWARD: -0.000896388660719557, CURRENT REWARD: -0.000896388660719557
G:304, BEST PARAMS, BEST REWARD: -0.0008768302811038193, CURRENT REWARD: -0.0008768302811038193
G:305, BEST PARAMS, BEST REWARD: -0.0008739911091518861, CURRENT REWARD: -0.0008739911091518861
G:306, BEST PARAMS, BEST REWARD: -0.0008739911091518861, CURRENT REWARD: -0.0008739911091518861
G:307, BEST PARAMS, BEST REWARD: -0.0008485613171030547, CURRENT REWARD: -0.0008485613171030547
G:308, BEST PARAMS, BEST REWARD: -0.0008485613171030547, CURRENT REWARD: -0.0008485613171030547
G:309, BEST PARAMS, BEST REWARD: -0.0008485613171030547, CURRENT REWARD: -0.0008485613171030547
G:310, BEST PARAMS, BEST REWARD: -0.0008485613171030547, CURRENT REWARD: -0.0008485613171030547
G:311, BEST PARAMS, BEST REWARD: -0.0008460007002135524, CURRENT REWARD: -0.0008460007002135524
G:312, BEST PARAMS, BEST REWARD: -0.0008174920257369903, CURRENT REWARD: -0.0008174920257369903
G:313, BEST PARAMS, BEST REWARD: -0.0008174920257369903, CURRENT REWARD: -0.0008174920257369903
G:314, BEST PARAMS, BEST REWARD: -0.0008174920257369903, CURRENT REWARD: -0.0008174920257369903
G:315, BEST PARAMS, BEST REWARD: -0.0007849278122181452, CURRENT REWARD: -0.0007849278122181452
G:316, BEST PARAMS, BEST REWARD: -0.0007849278122181452, CURRENT REWARD: -0.0007849278122181452
G:317, BEST PARAMS, BEST REWARD: -0.0007849278122181452, CURRENT REWARD: -0.0007849278122181452
G:318, BEST PARAMS, BEST REWARD: -0.0007849278122181452, CURRENT REWARD: -0.0007849278122181452
G:319, BEST PARAMS, BEST REWARD: -0.0007747832290081249, CURRENT REWARD: -0.0007747832290081249
G:320, BEST PARAMS, BEST REWARD: -0.0007747832290081249, CURRENT REWARD: -0.0007747832290081249
G:321, BEST PARAMS, BEST REWARD: -0.0007747832290081249, CURRENT REWARD: -0.0007747832290081249
G:322, BEST PARAMS, BEST REWARD: -0.0007747832290081249, CURRENT REWARD: -0.0007747832290081249
G:323, BEST PARAMS, BEST REWARD: -0.0007747832290081249, CURRENT REWARD: -0.0007747832290081249
G:324, BEST PARAMS, BEST REWARD: -0.0007747832290081249, CURRENT REWARD: -0.0007747832290081249
G:325, BEST PARAMS, BEST REWARD: -0.0007747832290081249, CURRENT REWARD: -0.0007747832290081249
G:326, BEST PARAMS, BEST REWARD: -0.0007747832290081249, CURRENT REWARD: -0.0007747832290081249
G:327, BEST PARAMS, BEST REWARD: -0.0007613479293688508, CURRENT REWARD: -0.0007613479293688508
G:328, BEST PARAMS, BEST REWARD: -0.0007613479293688508, CURRENT REWARD: -0.0007613479293688508
G:329, BEST PARAMS, BEST REWARD: -0.0007613479293688508, CURRENT REWARD: -0.0007613479293688508
G:330, BEST PARAMS, BEST REWARD: -0.0007613479293688508, CURRENT REWARD: -0.0007613479293688508
G:331, BEST PARAMS, BEST REWARD: -0.0007538483715014663, CURRENT REWARD: -0.0007538483715014663
G:332, BEST PARAMS, BEST REWARD: -0.0007538483715014663, CURRENT REWARD: -0.0007538483715014663
G:333, BEST PARAMS, BEST REWARD: -0.0007538483715014663, CURRENT REWARD: -0.0007538483715014663
G:334, BEST PARAMS, BEST REWARD: -0.0007501585875117031, CURRENT REWARD: -0.0007501585875117031
G:335, BEST PARAMS, BEST REWARD: -0.0007409816142073982, CURRENT REWARD: -0.0007409816142073982
G:336, BEST PARAMS, BEST REWARD: -0.0007186509986961538, CURRENT REWARD: -0.0007186509986961538
G:337, BEST PARAMS, BEST REWARD: -0.0007186509986961538, CURRENT REWARD: -0.0007186509986961538
G:338, BEST PARAMS, BEST REWARD: -0.0007171468363329631, CURRENT REWARD: -0.0007171468363329631
G:339, BEST PARAMS, BEST REWARD: -0.0007050110855420541, CURRENT REWARD: -0.0007050110855420541
G:340, BEST PARAMS, BEST REWARD: -0.0007050110855420541, CURRENT REWARD: -0.0007050110855420541
G:341, BEST PARAMS, BEST REWARD: -0.0007050110855420541, CURRENT REWARD: -0.0007050110855420541
G:342, BEST PARAMS, BEST REWARD: -0.0006891265376900881, CURRENT REWARD: -0.0006891265376900881
G:343, BEST PARAMS, BEST REWARD: -0.0006891265376900881, CURRENT REWARD: -0.0006891265376900881
G:344, BEST PARAMS, BEST REWARD: -0.0006891265376900881, CURRENT REWARD: -0.0006891265376900881
G:345, BEST PARAMS, BEST REWARD: -0.0006789417192829441, CURRENT REWARD: -0.0006789417192829441
G:346, BEST PARAMS, BEST REWARD: -0.0006789417192829441, CURRENT REWARD: -0.0006789417192829441
G:347, BEST PARAMS, BEST REWARD: -0.0006789417192829441, CURRENT REWARD: -0.0006789417192829441
G:348, BEST PARAMS, BEST REWARD: -0.0006789417192829441, CURRENT REWARD: -0.0006789417192829441
G:349, BEST PARAMS, BEST REWARD: -0.0006789417192829441, CURRENT REWARD: -0.0006789417192829441
G:350, BEST PARAMS, BEST REWARD: -0.0006789417192829441, CURRENT REWARD: -0.0006789417192829441
G:351, BEST PARAMS, BEST REWARD: -0.0006789417192829441, CURRENT REWARD: -0.0006789417192829441
G:352, BEST PARAMS, BEST REWARD: -0.0006789417192829441, CURRENT REWARD: -0.0006789417192829441
G:353, BEST PARAMS, BEST REWARD: -0.0006709455350562588, CURRENT REWARD: -0.0006709455350562588
G:354, BEST PARAMS, BEST REWARD: -0.0006184429806270798, CURRENT REWARD: -0.0006184429806270798
G:355, BEST PARAMS, BEST REWARD: -0.0006184429806270798, CURRENT REWARD: -0.0006184429806270798
G:356, BEST PARAMS, BEST REWARD: -0.0006184429806270798, CURRENT REWARD: -0.0006184429806270798
G:357, BEST PARAMS, BEST REWARD: -0.0006118397346609099, CURRENT REWARD: -0.0006118397346609099
G:358, BEST PARAMS, BEST REWARD: -0.0006118397346609099, CURRENT REWARD: -0.0006118397346609099
G:359, BEST PARAMS, BEST REWARD: -0.0005905071799549945, CURRENT REWARD: -0.0005905071799549945
G:360, BEST PARAMS, BEST REWARD: -0.0005905071799549945, CURRENT REWARD: -0.0005905071799549945
G:361, BEST PARAMS, BEST REWARD: -0.0005905071799549945, CURRENT REWARD: -0.0005905071799549945
G:362, BEST PARAMS, BEST REWARD: -0.0005899965311947738, CURRENT REWARD: -0.0005899965311947738
G:363, BEST PARAMS, BEST REWARD: -0.0005899965311947738, CURRENT REWARD: -0.0005899965311947738
G:364, BEST PARAMS, BEST REWARD: -0.0005899965311947738, CURRENT REWARD: -0.0005899965311947738
G:365, BEST PARAMS, BEST REWARD: -0.0005899965311947738, CURRENT REWARD: -0.0005899965311947738
G:366, BEST PARAMS, BEST REWARD: -0.0005899965311947738, CURRENT REWARD: -0.0005899965311947738
G:367, BEST PARAMS, BEST REWARD: -0.0005881095613715163, CURRENT REWARD: -0.0005881095613715163
G:368, BEST PARAMS, BEST REWARD: -0.0005689769991060185, CURRENT REWARD: -0.0005689769991060185
G:369, BEST PARAMS, BEST REWARD: -0.0005689769991060185, CURRENT REWARD: -0.0005689769991060185
G:370, BEST PARAMS, BEST REWARD: -0.0005669273070436377, CURRENT REWARD: -0.0005669273070436377
G:371, BEST PARAMS, BEST REWARD: -0.0005597670981890726, CURRENT REWARD: -0.0005597670981890726
G:372, BEST PARAMS, BEST REWARD: -0.0005545058257944121, CURRENT REWARD: -0.0005545058257944121
G:373, BEST PARAMS, BEST REWARD: -0.0005543604133270156, CURRENT REWARD: -0.0005543604133270156
G:374, BEST PARAMS, BEST REWARD: -0.0005543604133270156, CURRENT REWARD: -0.0005543604133270156
G:375, BEST PARAMS, BEST REWARD: -0.0005473067519630642, CURRENT REWARD: -0.0005473067519630642
G:376, BEST PARAMS, BEST REWARD: -0.0005473067519630642, CURRENT REWARD: -0.0005473067519630642
G:377, BEST PARAMS, BEST REWARD: -0.0005388531635951079, CURRENT REWARD: -0.0005388531635951079
G:378, BEST PARAMS, BEST REWARD: -0.0005388531635951079, CURRENT REWARD: -0.0005388531635951079
G:379, BEST PARAMS, BEST REWARD: -0.0005388531635951079, CURRENT REWARD: -0.0005388531635951079
G:380, BEST PARAMS, BEST REWARD: -0.0005225426677347726, CURRENT REWARD: -0.0005225426677347726
G:381, BEST PARAMS, BEST REWARD: -0.0005225426677347726, CURRENT REWARD: -0.0005225426677347726
G:382, BEST PARAMS, BEST REWARD: -0.0005225426677347726, CURRENT REWARD: -0.0005225426677347726
G:383, BEST PARAMS, BEST REWARD: -0.0005216203410389293, CURRENT REWARD: -0.0005216203410389293
G:384, BEST PARAMS, BEST REWARD: -0.0005216203410389293, CURRENT REWARD: -0.0005216203410389293
G:385, BEST PARAMS, BEST REWARD: -0.0005216203410389293, CURRENT REWARD: -0.0005216203410389293
G:386, BEST PARAMS, BEST REWARD: -0.0005134047867576721, CURRENT REWARD: -0.0005134047867576721
G:387, BEST PARAMS, BEST REWARD: -0.0005134047867576721, CURRENT REWARD: -0.0005134047867576721
G:388, BEST PARAMS, BEST REWARD: -0.0005134047867576721, CURRENT REWARD: -0.0005134047867576721
G:389, BEST PARAMS, BEST REWARD: -0.0005134047867576721, CURRENT REWARD: -0.0005134047867576721
G:390, BEST PARAMS, BEST REWARD: -0.0005134047867576721, CURRENT REWARD: -0.0005134047867576721
G:391, BEST PARAMS, BEST REWARD: -0.0005134047867576721, CURRENT REWARD: -0.0005134047867576721
G:392, BEST PARAMS, BEST REWARD: -0.0005134047867576721, CURRENT REWARD: -0.0005134047867576721
G:393, BEST PARAMS, BEST REWARD: -0.0005134047867576721, CURRENT REWARD: -0.0005134047867576721
G:394, BEST PARAMS, BEST REWARD: -0.0005134047867576721, CURRENT REWARD: -0.0005134047867576721
G:395, BEST PARAMS, BEST REWARD: -0.0005134047867576721, CURRENT REWARD: -0.0005134047867576721
G:396, BEST PARAMS, BEST REWARD: -0.0005116305472369468, CURRENT REWARD: -0.0005116305472369468
G:397, BEST PARAMS, BEST REWARD: -0.00048535127085548623, CURRENT REWARD: -0.00048535127085548623
G:398, BEST PARAMS, BEST REWARD: -0.00048535127085548623, CURRENT REWARD: -0.00048535127085548623
G:399, BEST PARAMS, BEST REWARD: -0.00048535127085548623, CURRENT REWARD: -0.00048535127085548623
G:400, BEST PARAMS, BEST REWARD: -0.00048535127085548623, CURRENT REWARD: -0.00048535127085548623
G:401, BEST PARAMS, BEST REWARD: -0.00047257938457290156, CURRENT REWARD: -0.00047257938457290156
G:402, BEST PARAMS, BEST REWARD: -0.00047257938457290156, CURRENT REWARD: -0.00047257938457290156
G:403, BEST PARAMS, BEST REWARD: -0.0004655189862355721, CURRENT REWARD: -0.0004655189862355721
G:404, BEST PARAMS, BEST REWARD: -0.0004655189862355721, CURRENT REWARD: -0.0004655189862355721
G:405, BEST PARAMS, BEST REWARD: -0.000443440726300556, CURRENT REWARD: -0.000443440726300556
G:406, BEST PARAMS, BEST REWARD: -0.000443440726300556, CURRENT REWARD: -0.000443440726300556
G:407, BEST PARAMS, BEST REWARD: -0.000443440726300556, CURRENT REWARD: -0.000443440726300556
G:408, BEST PARAMS, BEST REWARD: -0.000443440726300556, CURRENT REWARD: -0.000443440726300556
G:409, BEST PARAMS, BEST REWARD: -0.000443440726300556, CURRENT REWARD: -0.000443440726300556
G:410, BEST PARAMS, BEST REWARD: -0.000443440726300556, CURRENT REWARD: -0.000443440726300556
G:411, BEST PARAMS, BEST REWARD: -0.000443440726300556, CURRENT REWARD: -0.000443440726300556
G:412, BEST PARAMS, BEST REWARD: -0.00043339533095859304, CURRENT REWARD: -0.00043339533095859304
G:413, BEST PARAMS, BEST REWARD: -0.00043339533095859304, CURRENT REWARD: -0.00043339533095859304
G:414, BEST PARAMS, BEST REWARD: -0.00043339533095859304, CURRENT REWARD: -0.00043339533095859304
G:415, BEST PARAMS, BEST REWARD: -0.00043339533095859304, CURRENT REWARD: -0.00043339533095859304
G:416, BEST PARAMS, BEST REWARD: -0.00043146231192118205, CURRENT REWARD: -0.00043146231192118205
G:417, BEST PARAMS, BEST REWARD: -0.00043146231192118205, CURRENT REWARD: -0.00043146231192118205
G:418, BEST PARAMS, BEST REWARD: -0.00043146231192118205, CURRENT REWARD: -0.00043146231192118205
G:419, BEST PARAMS, BEST REWARD: -0.00042453771279761635, CURRENT REWARD: -0.00042453771279761635
G:420, BEST PARAMS, BEST REWARD: -0.00041448054914774795, CURRENT REWARD: -0.00041448054914774795
G:421, BEST PARAMS, BEST REWARD: -0.00041448054914774795, CURRENT REWARD: -0.00041448054914774795
G:422, BEST PARAMS, BEST REWARD: -0.0003971601524761299, CURRENT REWARD: -0.0003971601524761299
G:423, BEST PARAMS, BEST REWARD: -0.0003971601524761299, CURRENT REWARD: -0.0003971601524761299
G:424, BEST PARAMS, BEST REWARD: -0.0003971601524761299, CURRENT REWARD: -0.0003971601524761299
G:425, BEST PARAMS, BEST REWARD: -0.0003971601524761299, CURRENT REWARD: -0.0003971601524761299
G:426, BEST PARAMS, BEST REWARD: -0.0003971601524761299, CURRENT REWARD: -0.0003971601524761299
G:427, BEST PARAMS, BEST REWARD: -0.0003971601524761299, CURRENT REWARD: -0.0003971601524761299
G:428, BEST PARAMS, BEST REWARD: -0.0003934012159351808, CURRENT REWARD: -0.0003934012159351808
G:429, BEST PARAMS, BEST REWARD: -0.0003934012159351808, CURRENT REWARD: -0.0003934012159351808
G:430, BEST PARAMS, BEST REWARD: -0.0003934012159351808, CURRENT REWARD: -0.0003934012159351808
G:431, BEST PARAMS, BEST REWARD: -0.0003934012159351808, CURRENT REWARD: -0.0003934012159351808
G:432, BEST PARAMS, BEST REWARD: -0.0003934012159351808, CURRENT REWARD: -0.0003934012159351808
G:433, BEST PARAMS, BEST REWARD: -0.0003934012159351808, CURRENT REWARD: -0.0003934012159351808
G:434, BEST PARAMS, BEST REWARD: -0.0003934012159351808, CURRENT REWARD: -0.0003934012159351808
G:435, BEST PARAMS, BEST REWARD: -0.0003934012159351808, CURRENT REWARD: -0.0003934012159351808
G:436, BEST PARAMS, BEST REWARD: -0.0003934012159351808, CURRENT REWARD: -0.0003934012159351808
G:437, BEST PARAMS, BEST REWARD: -0.0003934012159351808, CURRENT REWARD: -0.0003934012159351808
G:438, BEST PARAMS, BEST REWARD: -0.0003934012159351808, CURRENT REWARD: -0.0003934012159351808
G:439, BEST PARAMS, BEST REWARD: -0.0003934012159351808, CURRENT REWARD: -0.0003934012159351808
G:440, BEST PARAMS, BEST REWARD: -0.0003934012159351808, CURRENT REWARD: -0.0003934012159351808
G:441, BEST PARAMS, BEST REWARD: -0.0003934012159351808, CURRENT REWARD: -0.0003934012159351808
G:442, BEST PARAMS, BEST REWARD: -0.0003934012159351808, CURRENT REWARD: -0.0003934012159351808
G:443, BEST PARAMS, BEST REWARD: -0.0003934012159351808, CURRENT REWARD: -0.0003934012159351808
G:444, BEST PARAMS, BEST REWARD: -0.0003934012159351808, CURRENT REWARD: -0.0003934012159351808
G:445, BEST PARAMS, BEST REWARD: -0.0003934012159351808, CURRENT REWARD: -0.0003934012159351808
G:446, BEST PARAMS, BEST REWARD: -0.0003934012159351808, CURRENT REWARD: -0.0003934012159351808
G:447, BEST PARAMS, BEST REWARD: -0.0003934012159351808, CURRENT REWARD: -0.0003934012159351808
G:448, BEST PARAMS, BEST REWARD: -0.0003934012159351808, CURRENT REWARD: -0.0003934012159351808
G:449, BEST PARAMS, BEST REWARD: -0.0003934012159351808, CURRENT REWARD: -0.0003934012159351808
G:450, BEST PARAMS, BEST REWARD: -0.0003934012159351808, CURRENT REWARD: -0.0003934012159351808
G:451, BEST PARAMS, BEST REWARD: -0.0003934012159351808, CURRENT REWARD: -0.0003934012159351808
G:452, BEST PARAMS, BEST REWARD: -0.0003934012159351808, CURRENT REWARD: -0.0003934012159351808
G:453, BEST PARAMS, BEST REWARD: -0.0003929986697316061, CURRENT REWARD: -0.0003929986697316061
G:454, BEST PARAMS, BEST REWARD: -0.00038887872180304507, CURRENT REWARD: -0.00038887872180304507
G:455, BEST PARAMS, BEST REWARD: -0.00038887872180304507, CURRENT REWARD: -0.00038887872180304507
G:456, BEST PARAMS, BEST REWARD: -0.00038887872180304507, CURRENT REWARD: -0.00038887872180304507
G:457, BEST PARAMS, BEST REWARD: -0.00038887872180304507, CURRENT REWARD: -0.00038887872180304507
G:458, BEST PARAMS, BEST REWARD: -0.00038887872180304507, CURRENT REWARD: -0.00038887872180304507
G:459, BEST PARAMS, BEST REWARD: -0.00038887872180304507, CURRENT REWARD: -0.00038887872180304507
G:460, BEST PARAMS, BEST REWARD: -0.00038887872180304507, CURRENT REWARD: -0.00038887872180304507
G:461, BEST PARAMS, BEST REWARD: -0.00038519619964699997, CURRENT REWARD: -0.00038519619964699997
G:462, BEST PARAMS, BEST REWARD: -0.00036299546727708363, CURRENT REWARD: -0.00036299546727708363
G:463, BEST PARAMS, BEST REWARD: -0.00036299546727708363, CURRENT REWARD: -0.00036299546727708363
G:464, BEST PARAMS, BEST REWARD: -0.00036299546727708363, CURRENT REWARD: -0.00036299546727708363
G:465, BEST PARAMS, BEST REWARD: -0.00036299546727708363, CURRENT REWARD: -0.00036299546727708363
G:466, BEST PARAMS, BEST REWARD: -0.00036299546727708363, CURRENT REWARD: -0.00036299546727708363
G:467, BEST PARAMS, BEST REWARD: -0.00036299546727708363, CURRENT REWARD: -0.00036299546727708363
G:468, BEST PARAMS, BEST REWARD: -0.00036299546727708363, CURRENT REWARD: -0.00036299546727708363
G:469, BEST PARAMS, BEST REWARD: -0.00036299546727708363, CURRENT REWARD: -0.00036299546727708363
G:470, BEST PARAMS, BEST REWARD: -0.00036299546727708363, CURRENT REWARD: -0.00036299546727708363
G:471, BEST PARAMS, BEST REWARD: -0.00036299546727708363, CURRENT REWARD: -0.00036299546727708363
G:472, BEST PARAMS, BEST REWARD: -0.00036299546727708363, CURRENT REWARD: -0.00036299546727708363
G:473, BEST PARAMS, BEST REWARD: -0.00036299546727708363, CURRENT REWARD: -0.00036299546727708363
G:474, BEST PARAMS, BEST REWARD: -0.00036299546727708363, CURRENT REWARD: -0.00036299546727708363
G:475, BEST PARAMS, BEST REWARD: -0.00036299546727708363, CURRENT REWARD: -0.00036299546727708363
G:476, BEST PARAMS, BEST REWARD: -0.00036272967528282093, CURRENT REWARD: -0.00036272967528282093
G:477, BEST PARAMS, BEST REWARD: -0.00036272967528282093, CURRENT REWARD: -0.00036272967528282093
G:478, BEST PARAMS, BEST REWARD: -0.0003585553563560881, CURRENT REWARD: -0.0003585553563560881
G:479, BEST PARAMS, BEST REWARD: -0.0003585553563560881, CURRENT REWARD: -0.0003585553563560881
G:480, BEST PARAMS, BEST REWARD: -0.0003585553563560881, CURRENT REWARD: -0.0003585553563560881
G:481, BEST PARAMS, BEST REWARD: -0.00033974418380357393, CURRENT REWARD: -0.00033974418380357393
G:482, BEST PARAMS, BEST REWARD: -0.00033974418380357393, CURRENT REWARD: -0.00033974418380357393
G:483, BEST PARAMS, BEST REWARD: -0.00033974418380357393, CURRENT REWARD: -0.00033974418380357393
G:484, BEST PARAMS, BEST REWARD: -0.00033974418380357393, CURRENT REWARD: -0.00033974418380357393
G:485, BEST PARAMS, BEST REWARD: -0.00033974418380357393, CURRENT REWARD: -0.00033974418380357393
G:486, BEST PARAMS, BEST REWARD: -0.00033974418380357393, CURRENT REWARD: -0.00033974418380357393
G:487, BEST PARAMS, BEST REWARD: -0.00033974418380357393, CURRENT REWARD: -0.00033974418380357393
G:488, BEST PARAMS, BEST REWARD: -0.00033974418380357393, CURRENT REWARD: -0.00033974418380357393
G:489, BEST PARAMS, BEST REWARD: -0.00033974418380357393, CURRENT REWARD: -0.00033974418380357393
G:490, BEST PARAMS, BEST REWARD: -0.0003284441254130449, CURRENT REWARD: -0.0003284441254130449
G:491, BEST PARAMS, BEST REWARD: -0.0003284441254130449, CURRENT REWARD: -0.0003284441254130449
G:492, BEST PARAMS, BEST REWARD: -0.0003284441254130449, CURRENT REWARD: -0.0003284441254130449
G:493, BEST PARAMS, BEST REWARD: -0.0003284441254130449, CURRENT REWARD: -0.0003284441254130449
G:494, BEST PARAMS, BEST REWARD: -0.0003242492675561092, CURRENT REWARD: -0.0003242492675561092
G:495, BEST PARAMS, BEST REWARD: -0.0003242492675561092, CURRENT REWARD: -0.0003242492675561092
G:496, BEST PARAMS, BEST REWARD: -0.0003228284675959576, CURRENT REWARD: -0.0003228284675959576
G:497, BEST PARAMS, BEST REWARD: -0.0003212857262542415, CURRENT REWARD: -0.0003212857262542415
G:498, BEST PARAMS, BEST REWARD: -0.0003210191905446001, CURRENT REWARD: -0.0003210191905446001
G:499, BEST PARAMS, BEST REWARD: -0.0003190480768671514, CURRENT REWARD: -0.0003190480768671514
P: [[[[0 0 0]
   [0 1 0]
   [0 0 0]]

  [[0 1 0]
   [1 0 1]
   [0 0 0]]]


 [[[0 0 0]
   [0 0 0]
   [1 0 0]]

  [[0 0 0]
   [0 0 0]
   [0 0 1]]]


 [[[0 1 0]
   [0 1 0]
   [0 0 0]]

  [[0 0 0]
   [0 0 0]
   [0 1 0]]]


 [[[0 0 0]
   [0 0 0]
   [0 0 0]]

  [[0 0 0]
   [0 0 0]
   [0 0 0]]]


 [[[0 0 0]
   [0 0 0]
   [0 0 0]]

  [[0 0 0]
   [0 0 0]
   [0 0 0]]]


 [[[0 0 0]
   [0 0 0]
   [0 0 0]]

  [[0 0 0]
   [0 0 0]
   [0 0 0]]]


 [[[0 0 0]
   [0 0 0]
   [0 0 0]]

  [[0 0 0]
   [0 0 0]
   [0 0 0]]]


 [[[0 0 0]
   [0 0 0]
   [0 0 0]]

  [[0 0 0]
   [0 0 0]
   [0 0 0]]]


 [[[0 0 0]
   [0 0 0]
   [0 0 0]]

  [[0 0 0]
   [0 0 0]
   [0 0 0]]]


 [[[0 0 0]
   [0 0 0]
   [0 1 1]]

  [[0 0 0]
   [0 0 0]
   [1 0 0]]]


 [[[0 1 0]
   [0 0 0]
   [0 0 0]]

  [[0 0 0]
   [0 1 0]
   [0 0 0]]]


 [[[0 0 0]
   [0 0 0]
   [0 0 0]]

  [[0 0 0]
   [0 0 0]
   [0 0 0]]]


 [[[0 0 0]
   [0 0 0]
   [0 0 1]]

  [[0 0 1]
   [0 0 0]
   [1 0 0]]]


 [[[0 0 0]
   [0 0 0]
   [0 0 0]]

  [[0 0 0]
   [0 0 0]
   [0 0 0]]]


 [[[0 0 0]
   [0 0 1]
   [0 0 1]]

  [[0 0 1]
   [0 0 0]
   [0 0 0]]]


 [[[0 0 0]
   [0 0 0]
   [0 0 0]]

  [[0 0 0]
   [0 0 0]
   [0 0 0]]]


 [[[0 0 0]
   [0 0 0]
   [0 0 0]]

  [[0 0 0]
   [0 0 0]
   [0 0 0]]]


 [[[1 1 0]
   [0 0 0]
   [0 0 0]]

  [[0 0 1]
   [0 0 0]
   [0 0 0]]]


 [[[0 0 0]
   [0 0 0]
   [0 0 0]]

  [[0 0 0]
   [0 0 0]
   [0 0 0]]]


 [[[0 0 0]
   [0 0 0]
   [0 0 0]]

  [[0 0 0]
   [0 0 0]
   [0 0 0]]]]
[[0 0 0 1 0 0 0]
 [0 0 0 1 0 0 0]
 [0 0 0 1 0 0 0]
 [1 1 1 1 1 1 1]
 [0 0 0 1 0 0 0]
 [0 0 0 1 0 0 0]
 [0 0 0 1 0 0 0]]
GIF saved as EXP/Run_8/animation.gif
